ARM GAS  C:\Users\京垓\AppData\Local\Temp\ccEwwv36.s 			page 1


   1              		.cpu cortex-m4
   2              		.eabi_attribute 27, 1
   3              		.eabi_attribute 28, 1
   4              		.eabi_attribute 20, 1
   5              		.eabi_attribute 21, 1
   6              		.eabi_attribute 23, 3
   7              		.eabi_attribute 24, 1
   8              		.eabi_attribute 25, 1
   9              		.eabi_attribute 26, 1
  10              		.eabi_attribute 30, 1
  11              		.eabi_attribute 34, 1
  12              		.eabi_attribute 18, 4
  13              		.file	"stm32f4xx_flash_ramfunc.c"
  14              		.text
  15              	.Ltext0:
  16              		.cfi_sections	.debug_frame
  17              		.section	.RamFunc,"ax",%progbits
  18              		.align	1
  19              		.global	FLASH_FlashInterfaceCmd
  20              		.arch armv7e-m
  21              		.syntax unified
  22              		.thumb
  23              		.thumb_func
  24              		.fpu fpv4-sp-d16
  26              	FLASH_FlashInterfaceCmd:
  27              	.LVL0:
  28              	.LFB123:
  29              		.file 1 "STM32F4xx_LIB/periph/src/stm32f4xx_flash_ramfunc.c"
   1:STM32F4xx_LIB/periph/src/stm32f4xx_flash_ramfunc.c **** /**
   2:STM32F4xx_LIB/periph/src/stm32f4xx_flash_ramfunc.c ****   ******************************************************************************
   3:STM32F4xx_LIB/periph/src/stm32f4xx_flash_ramfunc.c ****   * @file    stm32f4xx_flash_ramfunc.c
   4:STM32F4xx_LIB/periph/src/stm32f4xx_flash_ramfunc.c ****   * @author  MCD Application Team
   5:STM32F4xx_LIB/periph/src/stm32f4xx_flash_ramfunc.c ****   * @version V1.8.1
   6:STM32F4xx_LIB/periph/src/stm32f4xx_flash_ramfunc.c ****   * @date    27-January-2022
   7:STM32F4xx_LIB/periph/src/stm32f4xx_flash_ramfunc.c ****   * @brief   FLASH RAMFUNC module driver.
   8:STM32F4xx_LIB/periph/src/stm32f4xx_flash_ramfunc.c ****   *          This file provides a FLASH firmware functions which should be 
   9:STM32F4xx_LIB/periph/src/stm32f4xx_flash_ramfunc.c ****   *          executed from internal SRAM
  10:STM32F4xx_LIB/periph/src/stm32f4xx_flash_ramfunc.c ****   *            + Stop/Start the flash interface while System Run
  11:STM32F4xx_LIB/periph/src/stm32f4xx_flash_ramfunc.c ****   *            + Enable/Disable the flash sleep while System Run
  12:STM32F4xx_LIB/periph/src/stm32f4xx_flash_ramfunc.c ****   *  
  13:STM32F4xx_LIB/periph/src/stm32f4xx_flash_ramfunc.c ****  @verbatim    
  14:STM32F4xx_LIB/periph/src/stm32f4xx_flash_ramfunc.c ****  ==============================================================================
  15:STM32F4xx_LIB/periph/src/stm32f4xx_flash_ramfunc.c ****                     ##### APIs executed from Internal RAM #####
  16:STM32F4xx_LIB/periph/src/stm32f4xx_flash_ramfunc.c ****   ==============================================================================
  17:STM32F4xx_LIB/periph/src/stm32f4xx_flash_ramfunc.c ****   [..]
  18:STM32F4xx_LIB/periph/src/stm32f4xx_flash_ramfunc.c ****     *** ARM Compiler ***
  19:STM32F4xx_LIB/periph/src/stm32f4xx_flash_ramfunc.c ****     --------------------
  20:STM32F4xx_LIB/periph/src/stm32f4xx_flash_ramfunc.c ****     [..] RAM functions are defined using the toolchain options. 
  21:STM32F4xx_LIB/periph/src/stm32f4xx_flash_ramfunc.c ****          Functions that are be executed in RAM should reside in a separate
  22:STM32F4xx_LIB/periph/src/stm32f4xx_flash_ramfunc.c ****          source module. Using the 'Options for File' dialog you can simply change
  23:STM32F4xx_LIB/periph/src/stm32f4xx_flash_ramfunc.c ****          the 'Code / Const' area of a module to a memory space in physical RAM.
  24:STM32F4xx_LIB/periph/src/stm32f4xx_flash_ramfunc.c ****          Available memory areas are declared in the 'Target' tab of the 
  25:STM32F4xx_LIB/periph/src/stm32f4xx_flash_ramfunc.c ****          Options for Target' dialog.
  26:STM32F4xx_LIB/periph/src/stm32f4xx_flash_ramfunc.c **** 
  27:STM32F4xx_LIB/periph/src/stm32f4xx_flash_ramfunc.c ****     *** ICCARM Compiler ***
  28:STM32F4xx_LIB/periph/src/stm32f4xx_flash_ramfunc.c ****     -----------------------
  29:STM32F4xx_LIB/periph/src/stm32f4xx_flash_ramfunc.c ****     [..] RAM functions are defined using a specific toolchain keyword "__ramfunc".
ARM GAS  C:\Users\京垓\AppData\Local\Temp\ccEwwv36.s 			page 2


  30:STM32F4xx_LIB/periph/src/stm32f4xx_flash_ramfunc.c **** 
  31:STM32F4xx_LIB/periph/src/stm32f4xx_flash_ramfunc.c ****     *** GNU Compiler ***
  32:STM32F4xx_LIB/periph/src/stm32f4xx_flash_ramfunc.c ****     --------------------
  33:STM32F4xx_LIB/periph/src/stm32f4xx_flash_ramfunc.c ****     [..] RAM functions are defined using a specific toolchain attribute
  34:STM32F4xx_LIB/periph/src/stm32f4xx_flash_ramfunc.c ****          "__attribute__((section(".RamFunc")))".
  35:STM32F4xx_LIB/periph/src/stm32f4xx_flash_ramfunc.c ****   
  36:STM32F4xx_LIB/periph/src/stm32f4xx_flash_ramfunc.c ****   @endverbatim
  37:STM32F4xx_LIB/periph/src/stm32f4xx_flash_ramfunc.c ****   ******************************************************************************
  38:STM32F4xx_LIB/periph/src/stm32f4xx_flash_ramfunc.c ****   * @attention
  39:STM32F4xx_LIB/periph/src/stm32f4xx_flash_ramfunc.c ****   *
  40:STM32F4xx_LIB/periph/src/stm32f4xx_flash_ramfunc.c ****   * Copyright (c) 2016 STMicroelectronics.
  41:STM32F4xx_LIB/periph/src/stm32f4xx_flash_ramfunc.c ****   * All rights reserved.
  42:STM32F4xx_LIB/periph/src/stm32f4xx_flash_ramfunc.c ****   *
  43:STM32F4xx_LIB/periph/src/stm32f4xx_flash_ramfunc.c ****   * This software is licensed under terms that can be found in the LICENSE file
  44:STM32F4xx_LIB/periph/src/stm32f4xx_flash_ramfunc.c ****   * in the root directory of this software component.
  45:STM32F4xx_LIB/periph/src/stm32f4xx_flash_ramfunc.c ****   * If no LICENSE file comes with this software, it is provided AS-IS.
  46:STM32F4xx_LIB/periph/src/stm32f4xx_flash_ramfunc.c ****   *
  47:STM32F4xx_LIB/periph/src/stm32f4xx_flash_ramfunc.c ****   ******************************************************************************
  48:STM32F4xx_LIB/periph/src/stm32f4xx_flash_ramfunc.c ****   */
  49:STM32F4xx_LIB/periph/src/stm32f4xx_flash_ramfunc.c **** 
  50:STM32F4xx_LIB/periph/src/stm32f4xx_flash_ramfunc.c **** /* Includes ------------------------------------------------------------------*/
  51:STM32F4xx_LIB/periph/src/stm32f4xx_flash_ramfunc.c **** #include "stm32f4xx_flash_ramfunc.h"
  52:STM32F4xx_LIB/periph/src/stm32f4xx_flash_ramfunc.c **** 
  53:STM32F4xx_LIB/periph/src/stm32f4xx_flash_ramfunc.c **** /** @addtogroup STM32F4xx_StdPeriph_Driver
  54:STM32F4xx_LIB/periph/src/stm32f4xx_flash_ramfunc.c ****   * @{
  55:STM32F4xx_LIB/periph/src/stm32f4xx_flash_ramfunc.c ****   */
  56:STM32F4xx_LIB/periph/src/stm32f4xx_flash_ramfunc.c **** 
  57:STM32F4xx_LIB/periph/src/stm32f4xx_flash_ramfunc.c **** /** @defgroup FLASH RAMFUNC 
  58:STM32F4xx_LIB/periph/src/stm32f4xx_flash_ramfunc.c ****   * @brief FLASH RAMFUNC driver modules
  59:STM32F4xx_LIB/periph/src/stm32f4xx_flash_ramfunc.c ****   * @{
  60:STM32F4xx_LIB/periph/src/stm32f4xx_flash_ramfunc.c ****   */ 
  61:STM32F4xx_LIB/periph/src/stm32f4xx_flash_ramfunc.c **** 
  62:STM32F4xx_LIB/periph/src/stm32f4xx_flash_ramfunc.c **** /* Private typedef -----------------------------------------------------------*/
  63:STM32F4xx_LIB/periph/src/stm32f4xx_flash_ramfunc.c **** /* Private define ------------------------------------------------------------*/
  64:STM32F4xx_LIB/periph/src/stm32f4xx_flash_ramfunc.c **** /* Private macro -------------------------------------------------------------*/
  65:STM32F4xx_LIB/periph/src/stm32f4xx_flash_ramfunc.c **** /* Private variables ---------------------------------------------------------*/
  66:STM32F4xx_LIB/periph/src/stm32f4xx_flash_ramfunc.c **** /* Private function prototypes -----------------------------------------------*/
  67:STM32F4xx_LIB/periph/src/stm32f4xx_flash_ramfunc.c **** /* Private functions ---------------------------------------------------------*/
  68:STM32F4xx_LIB/periph/src/stm32f4xx_flash_ramfunc.c **** 
  69:STM32F4xx_LIB/periph/src/stm32f4xx_flash_ramfunc.c **** /** @defgroup FLASH_RAMFUNC_Private_Functions
  70:STM32F4xx_LIB/periph/src/stm32f4xx_flash_ramfunc.c ****   * @{
  71:STM32F4xx_LIB/periph/src/stm32f4xx_flash_ramfunc.c ****   */
  72:STM32F4xx_LIB/periph/src/stm32f4xx_flash_ramfunc.c **** 
  73:STM32F4xx_LIB/periph/src/stm32f4xx_flash_ramfunc.c **** /** @defgroup FLASH_RAMFUNC_Group1 Peripheral features functions executed from internal RAM 
  74:STM32F4xx_LIB/periph/src/stm32f4xx_flash_ramfunc.c ****   *  @brief Peripheral Extended features functions 
  75:STM32F4xx_LIB/periph/src/stm32f4xx_flash_ramfunc.c ****   *
  76:STM32F4xx_LIB/periph/src/stm32f4xx_flash_ramfunc.c **** @verbatim   
  77:STM32F4xx_LIB/periph/src/stm32f4xx_flash_ramfunc.c **** 
  78:STM32F4xx_LIB/periph/src/stm32f4xx_flash_ramfunc.c ****  ===============================================================================
  79:STM32F4xx_LIB/periph/src/stm32f4xx_flash_ramfunc.c ****                       ##### ramfunc functions #####
  80:STM32F4xx_LIB/periph/src/stm32f4xx_flash_ramfunc.c ****  ===============================================================================
  81:STM32F4xx_LIB/periph/src/stm32f4xx_flash_ramfunc.c ****     [..]
  82:STM32F4xx_LIB/periph/src/stm32f4xx_flash_ramfunc.c ****     This subsection provides a set of functions that should be executed from RAM 
  83:STM32F4xx_LIB/periph/src/stm32f4xx_flash_ramfunc.c ****     transfers.
  84:STM32F4xx_LIB/periph/src/stm32f4xx_flash_ramfunc.c ****     
  85:STM32F4xx_LIB/periph/src/stm32f4xx_flash_ramfunc.c **** @endverbatim
  86:STM32F4xx_LIB/periph/src/stm32f4xx_flash_ramfunc.c ****   * @{
ARM GAS  C:\Users\京垓\AppData\Local\Temp\ccEwwv36.s 			page 3


  87:STM32F4xx_LIB/periph/src/stm32f4xx_flash_ramfunc.c ****   */
  88:STM32F4xx_LIB/periph/src/stm32f4xx_flash_ramfunc.c **** 
  89:STM32F4xx_LIB/periph/src/stm32f4xx_flash_ramfunc.c **** /**
  90:STM32F4xx_LIB/periph/src/stm32f4xx_flash_ramfunc.c ****   * @brief Start/Stop the flash interface while System Run
  91:STM32F4xx_LIB/periph/src/stm32f4xx_flash_ramfunc.c ****   * @note  This mode is only available for STM32F411xx devices. 
  92:STM32F4xx_LIB/periph/src/stm32f4xx_flash_ramfunc.c ****   * @note  This mode could n't be set while executing with the flash itself. 
  93:STM32F4xx_LIB/periph/src/stm32f4xx_flash_ramfunc.c ****   *        It should be done with specific routine executed from RAM.     
  94:STM32F4xx_LIB/periph/src/stm32f4xx_flash_ramfunc.c ****   * @param  NewState: new state of the Smart Card mode.
  95:STM32F4xx_LIB/periph/src/stm32f4xx_flash_ramfunc.c ****   *          This parameter can be: ENABLE or DISABLE.  
  96:STM32F4xx_LIB/periph/src/stm32f4xx_flash_ramfunc.c ****   * @retval None
  97:STM32F4xx_LIB/periph/src/stm32f4xx_flash_ramfunc.c ****   */
  98:STM32F4xx_LIB/periph/src/stm32f4xx_flash_ramfunc.c **** __RAM_FUNC FLASH_FlashInterfaceCmd(FunctionalState NewState)
  99:STM32F4xx_LIB/periph/src/stm32f4xx_flash_ramfunc.c **** {
  30              		.loc 1 99 1 view -0
  31              		.cfi_startproc
  32              		@ args = 0, pretend = 0, frame = 0
  33              		@ frame_needed = 0, uses_anonymous_args = 0
  34              		@ link register save eliminated.
 100:STM32F4xx_LIB/periph/src/stm32f4xx_flash_ramfunc.c ****   if (NewState != DISABLE)
  35              		.loc 1 100 3 view .LVU1
  36              		.loc 1 100 6 is_stmt 0 view .LVU2
  37 0000 28B1     		cbz	r0, .L2
 101:STM32F4xx_LIB/periph/src/stm32f4xx_flash_ramfunc.c ****   {
 102:STM32F4xx_LIB/periph/src/stm32f4xx_flash_ramfunc.c ****     /* Start the flash interface while System Run */
 103:STM32F4xx_LIB/periph/src/stm32f4xx_flash_ramfunc.c ****     CLEAR_BIT(PWR->CR, PWR_CR_FISSR);
  38              		.loc 1 103 5 is_stmt 1 view .LVU3
  39 0002 064A     		ldr	r2, .L4
  40 0004 1368     		ldr	r3, [r2]
  41 0006 23F40013 		bic	r3, r3, #2097152
  42 000a 1360     		str	r3, [r2]
  43 000c 7047     		bx	lr
  44              	.L2:
 104:STM32F4xx_LIB/periph/src/stm32f4xx_flash_ramfunc.c ****   }
 105:STM32F4xx_LIB/periph/src/stm32f4xx_flash_ramfunc.c ****   else
 106:STM32F4xx_LIB/periph/src/stm32f4xx_flash_ramfunc.c ****   {
 107:STM32F4xx_LIB/periph/src/stm32f4xx_flash_ramfunc.c ****     /* Stop the flash interface while System Run */  
 108:STM32F4xx_LIB/periph/src/stm32f4xx_flash_ramfunc.c ****     SET_BIT(PWR->CR, PWR_CR_FISSR);
  45              		.loc 1 108 5 view .LVU4
  46 000e 034A     		ldr	r2, .L4
  47 0010 1368     		ldr	r3, [r2]
  48 0012 43F40013 		orr	r3, r3, #2097152
  49 0016 1360     		str	r3, [r2]
 109:STM32F4xx_LIB/periph/src/stm32f4xx_flash_ramfunc.c ****   }
 110:STM32F4xx_LIB/periph/src/stm32f4xx_flash_ramfunc.c **** }
  50              		.loc 1 110 1 is_stmt 0 view .LVU5
  51 0018 7047     		bx	lr
  52              	.L5:
  53 001a 00BF     		.align	2
  54              	.L4:
  55 001c 00700040 		.word	1073770496
  56              		.cfi_endproc
  57              	.LFE123:
  59              		.align	1
  60              		.global	FLASH_FlashSleepModeCmd
  61              		.syntax unified
  62              		.thumb
  63              		.thumb_func
ARM GAS  C:\Users\京垓\AppData\Local\Temp\ccEwwv36.s 			page 4


  64              		.fpu fpv4-sp-d16
  66              	FLASH_FlashSleepModeCmd:
  67              	.LVL1:
  68              	.LFB124:
 111:STM32F4xx_LIB/periph/src/stm32f4xx_flash_ramfunc.c **** 
 112:STM32F4xx_LIB/periph/src/stm32f4xx_flash_ramfunc.c **** /**
 113:STM32F4xx_LIB/periph/src/stm32f4xx_flash_ramfunc.c ****   * @brief Enable/Disable the flash sleep while System Run
 114:STM32F4xx_LIB/periph/src/stm32f4xx_flash_ramfunc.c ****   * @note  This mode is only available for STM32F411xx devices. 
 115:STM32F4xx_LIB/periph/src/stm32f4xx_flash_ramfunc.c ****   * @note  This mode could n't be set while executing with the flash itself. 
 116:STM32F4xx_LIB/periph/src/stm32f4xx_flash_ramfunc.c ****   *        It should be done with specific routine executed from RAM.     
 117:STM32F4xx_LIB/periph/src/stm32f4xx_flash_ramfunc.c ****   * @param  NewState: new state of the Smart Card mode.
 118:STM32F4xx_LIB/periph/src/stm32f4xx_flash_ramfunc.c ****   *          This parameter can be: ENABLE or DISABLE.  
 119:STM32F4xx_LIB/periph/src/stm32f4xx_flash_ramfunc.c ****   * @retval None
 120:STM32F4xx_LIB/periph/src/stm32f4xx_flash_ramfunc.c ****   */
 121:STM32F4xx_LIB/periph/src/stm32f4xx_flash_ramfunc.c **** __RAM_FUNC FLASH_FlashSleepModeCmd(FunctionalState NewState)
 122:STM32F4xx_LIB/periph/src/stm32f4xx_flash_ramfunc.c **** {
  69              		.loc 1 122 1 is_stmt 1 view -0
  70              		.cfi_startproc
  71              		@ args = 0, pretend = 0, frame = 0
  72              		@ frame_needed = 0, uses_anonymous_args = 0
  73              		@ link register save eliminated.
 123:STM32F4xx_LIB/periph/src/stm32f4xx_flash_ramfunc.c ****   if (NewState != DISABLE)
  74              		.loc 1 123 3 view .LVU7
  75              		.loc 1 123 6 is_stmt 0 view .LVU8
  76 0020 28B1     		cbz	r0, .L7
 124:STM32F4xx_LIB/periph/src/stm32f4xx_flash_ramfunc.c ****   {
 125:STM32F4xx_LIB/periph/src/stm32f4xx_flash_ramfunc.c ****     /* Enable the flash sleep while System Run */
 126:STM32F4xx_LIB/periph/src/stm32f4xx_flash_ramfunc.c ****     SET_BIT(PWR->CR, PWR_CR_FMSSR);
  77              		.loc 1 126 5 is_stmt 1 view .LVU9
  78 0022 064A     		ldr	r2, .L9
  79 0024 1368     		ldr	r3, [r2]
  80 0026 43F48013 		orr	r3, r3, #1048576
  81 002a 1360     		str	r3, [r2]
  82 002c 7047     		bx	lr
  83              	.L7:
 127:STM32F4xx_LIB/periph/src/stm32f4xx_flash_ramfunc.c ****   }
 128:STM32F4xx_LIB/periph/src/stm32f4xx_flash_ramfunc.c ****   else
 129:STM32F4xx_LIB/periph/src/stm32f4xx_flash_ramfunc.c ****   {
 130:STM32F4xx_LIB/periph/src/stm32f4xx_flash_ramfunc.c ****     /* Disable the flash sleep while System Run */
 131:STM32F4xx_LIB/periph/src/stm32f4xx_flash_ramfunc.c ****     CLEAR_BIT(PWR->CR, PWR_CR_FMSSR);
  84              		.loc 1 131 5 view .LVU10
  85 002e 034A     		ldr	r2, .L9
  86 0030 1368     		ldr	r3, [r2]
  87 0032 23F48013 		bic	r3, r3, #1048576
  88 0036 1360     		str	r3, [r2]
 132:STM32F4xx_LIB/periph/src/stm32f4xx_flash_ramfunc.c ****   }
 133:STM32F4xx_LIB/periph/src/stm32f4xx_flash_ramfunc.c **** }
  89              		.loc 1 133 1 is_stmt 0 view .LVU11
  90 0038 7047     		bx	lr
  91              	.L10:
  92 003a 00BF     		.align	2
  93              	.L9:
  94 003c 00700040 		.word	1073770496
  95              		.cfi_endproc
  96              	.LFE124:
  98              		.text
  99              	.Letext0:
ARM GAS  C:\Users\京垓\AppData\Local\Temp\ccEwwv36.s 			page 5


 100              		.file 2 "d:\\gcc_tool\\gnu_tool_arm_embedded\\arm-none-eabi\\include\\machine\\_default_types.h"
 101              		.file 3 "d:\\gcc_tool\\gnu_tool_arm_embedded\\arm-none-eabi\\include\\sys\\_stdint.h"
 102              		.file 4 "STM32F4xx_LIB/core/core_cm4.h"
 103              		.file 5 "User/system_stm32f4xx.h"
 104              		.file 6 "User/stm32f4xx.h"
ARM GAS  C:\Users\京垓\AppData\Local\Temp\ccEwwv36.s 			page 6


DEFINED SYMBOLS
                            *ABS*:00000000 stm32f4xx_flash_ramfunc.c
C:\Users\京垓\AppData\Local\Temp\ccEwwv36.s:18     .RamFunc:00000000 $t
C:\Users\京垓\AppData\Local\Temp\ccEwwv36.s:26     .RamFunc:00000000 FLASH_FlashInterfaceCmd
C:\Users\京垓\AppData\Local\Temp\ccEwwv36.s:55     .RamFunc:0000001c $d
C:\Users\京垓\AppData\Local\Temp\ccEwwv36.s:59     .RamFunc:00000020 $t
C:\Users\京垓\AppData\Local\Temp\ccEwwv36.s:66     .RamFunc:00000020 FLASH_FlashSleepModeCmd
C:\Users\京垓\AppData\Local\Temp\ccEwwv36.s:94     .RamFunc:0000003c $d

NO UNDEFINED SYMBOLS
