ARM GAS  C:\Users\京垓\AppData\Local\Temp\ccghIHNn.s 			page 1


   1              		.cpu cortex-m4
   2              		.eabi_attribute 27, 1
   3              		.eabi_attribute 28, 1
   4              		.eabi_attribute 20, 1
   5              		.eabi_attribute 21, 1
   6              		.eabi_attribute 23, 3
   7              		.eabi_attribute 24, 1
   8              		.eabi_attribute 25, 1
   9              		.eabi_attribute 26, 1
  10              		.eabi_attribute 30, 1
  11              		.eabi_attribute 34, 1
  12              		.eabi_attribute 18, 4
  13              		.file	"stm32f4xx_it.c"
  14              		.text
  15              	.Ltext0:
  16              		.cfi_sections	.debug_frame
  17              		.section	.text.NMI_Handler,"ax",%progbits
  18              		.align	1
  19              		.global	NMI_Handler
  20              		.arch armv7e-m
  21              		.syntax unified
  22              		.thumb
  23              		.thumb_func
  24              		.fpu fpv4-sp-d16
  26              	NMI_Handler:
  27              	.LFB123:
  28              		.file 1 "User/stm32f4xx_it.c"
   1:User/stm32f4xx_it.c **** /**
   2:User/stm32f4xx_it.c ****   ******************************************************************************
   3:User/stm32f4xx_it.c ****   * @file    Project/STM32F4xx_StdPeriph_Templates/stm32f4xx_it.c 
   4:User/stm32f4xx_it.c ****   * @author  MCD Application Team
   5:User/stm32f4xx_it.c ****   * @version V1.8.1
   6:User/stm32f4xx_it.c ****   * @date    27-January-2022
   7:User/stm32f4xx_it.c ****   * @brief   Main Interrupt Service Routines.
   8:User/stm32f4xx_it.c ****   *          This file provides template for all exceptions handler and 
   9:User/stm32f4xx_it.c ****   *          peripherals interrupt service routine.
  10:User/stm32f4xx_it.c ****   ******************************************************************************
  11:User/stm32f4xx_it.c ****   * @attention
  12:User/stm32f4xx_it.c ****   *
  13:User/stm32f4xx_it.c ****   * Copyright (c) 2016 STMicroelectronics.
  14:User/stm32f4xx_it.c ****   * All rights reserved.
  15:User/stm32f4xx_it.c ****   *
  16:User/stm32f4xx_it.c ****   * This software is licensed under terms that can be found in the LICENSE file
  17:User/stm32f4xx_it.c ****   * in the root directory of this software component.
  18:User/stm32f4xx_it.c ****   * If no LICENSE file comes with this software, it is provided AS-IS.
  19:User/stm32f4xx_it.c ****   *
  20:User/stm32f4xx_it.c ****   ******************************************************************************
  21:User/stm32f4xx_it.c ****   */
  22:User/stm32f4xx_it.c **** 
  23:User/stm32f4xx_it.c **** /* Includes ------------------------------------------------------------------*/
  24:User/stm32f4xx_it.c **** #include "stm32f4xx_it.h"
  25:User/stm32f4xx_it.c **** #include "main.h"
  26:User/stm32f4xx_it.c **** 
  27:User/stm32f4xx_it.c **** /** @addtogroup Template_Project
  28:User/stm32f4xx_it.c ****   * @{
  29:User/stm32f4xx_it.c ****   */
  30:User/stm32f4xx_it.c **** 
ARM GAS  C:\Users\京垓\AppData\Local\Temp\ccghIHNn.s 			page 2


  31:User/stm32f4xx_it.c **** /* Private typedef -----------------------------------------------------------*/
  32:User/stm32f4xx_it.c **** /* Private define ------------------------------------------------------------*/
  33:User/stm32f4xx_it.c **** /* Private macro -------------------------------------------------------------*/
  34:User/stm32f4xx_it.c **** /* Private variables ---------------------------------------------------------*/
  35:User/stm32f4xx_it.c **** /* Private function prototypes -----------------------------------------------*/
  36:User/stm32f4xx_it.c **** /* Private functions ---------------------------------------------------------*/
  37:User/stm32f4xx_it.c **** 
  38:User/stm32f4xx_it.c **** /******************************************************************************/
  39:User/stm32f4xx_it.c **** /*            Cortex-M4 Processor Exceptions Handlers                         */
  40:User/stm32f4xx_it.c **** /******************************************************************************/
  41:User/stm32f4xx_it.c **** 
  42:User/stm32f4xx_it.c **** /**
  43:User/stm32f4xx_it.c ****   * @brief  This function handles NMI exception.
  44:User/stm32f4xx_it.c ****   * @param  None
  45:User/stm32f4xx_it.c ****   * @retval None
  46:User/stm32f4xx_it.c ****   */
  47:User/stm32f4xx_it.c **** void NMI_Handler(void)
  48:User/stm32f4xx_it.c **** {
  29              		.loc 1 48 1 view -0
  30              		.cfi_startproc
  31              		@ args = 0, pretend = 0, frame = 0
  32              		@ frame_needed = 0, uses_anonymous_args = 0
  33              		@ link register save eliminated.
  49:User/stm32f4xx_it.c **** }
  34              		.loc 1 49 1 view .LVU1
  35 0000 7047     		bx	lr
  36              		.cfi_endproc
  37              	.LFE123:
  39              		.section	.text.HardFault_Handler,"ax",%progbits
  40              		.align	1
  41              		.global	HardFault_Handler
  42              		.syntax unified
  43              		.thumb
  44              		.thumb_func
  45              		.fpu fpv4-sp-d16
  47              	HardFault_Handler:
  48              	.LFB124:
  50:User/stm32f4xx_it.c **** 
  51:User/stm32f4xx_it.c **** /**
  52:User/stm32f4xx_it.c ****   * @brief  This function handles Hard Fault exception.
  53:User/stm32f4xx_it.c ****   * @param  None
  54:User/stm32f4xx_it.c ****   * @retval None
  55:User/stm32f4xx_it.c ****   */
  56:User/stm32f4xx_it.c **** void HardFault_Handler(void)
  57:User/stm32f4xx_it.c **** {
  49              		.loc 1 57 1 view -0
  50              		.cfi_startproc
  51              		@ Volatile: function does not return.
  52              		@ args = 0, pretend = 0, frame = 0
  53              		@ frame_needed = 0, uses_anonymous_args = 0
  54              		@ link register save eliminated.
  55              	.L3:
  58:User/stm32f4xx_it.c ****   /* Go to infinite loop when Hard Fault exception occurs */
  59:User/stm32f4xx_it.c ****   while (1)
  56              		.loc 1 59 3 discriminator 1 view .LVU3
  60:User/stm32f4xx_it.c ****   {
  61:User/stm32f4xx_it.c ****   }
ARM GAS  C:\Users\京垓\AppData\Local\Temp\ccghIHNn.s 			page 3


  57              		.loc 1 61 3 discriminator 1 view .LVU4
  59:User/stm32f4xx_it.c ****   {
  58              		.loc 1 59 9 discriminator 1 view .LVU5
  59 0000 FEE7     		b	.L3
  60              		.cfi_endproc
  61              	.LFE124:
  63              		.section	.text.MemManage_Handler,"ax",%progbits
  64              		.align	1
  65              		.global	MemManage_Handler
  66              		.syntax unified
  67              		.thumb
  68              		.thumb_func
  69              		.fpu fpv4-sp-d16
  71              	MemManage_Handler:
  72              	.LFB125:
  62:User/stm32f4xx_it.c **** }
  63:User/stm32f4xx_it.c **** 
  64:User/stm32f4xx_it.c **** /**
  65:User/stm32f4xx_it.c ****   * @brief  This function handles Memory Manage exception.
  66:User/stm32f4xx_it.c ****   * @param  None
  67:User/stm32f4xx_it.c ****   * @retval None
  68:User/stm32f4xx_it.c ****   */
  69:User/stm32f4xx_it.c **** void MemManage_Handler(void)
  70:User/stm32f4xx_it.c **** {
  73              		.loc 1 70 1 view -0
  74              		.cfi_startproc
  75              		@ Volatile: function does not return.
  76              		@ args = 0, pretend = 0, frame = 0
  77              		@ frame_needed = 0, uses_anonymous_args = 0
  78              		@ link register save eliminated.
  79              	.L5:
  71:User/stm32f4xx_it.c ****   /* Go to infinite loop when Memory Manage exception occurs */
  72:User/stm32f4xx_it.c ****   while (1)
  80              		.loc 1 72 3 discriminator 1 view .LVU7
  73:User/stm32f4xx_it.c ****   {
  74:User/stm32f4xx_it.c ****   }
  81              		.loc 1 74 3 discriminator 1 view .LVU8
  72:User/stm32f4xx_it.c ****   {
  82              		.loc 1 72 9 discriminator 1 view .LVU9
  83 0000 FEE7     		b	.L5
  84              		.cfi_endproc
  85              	.LFE125:
  87              		.section	.text.BusFault_Handler,"ax",%progbits
  88              		.align	1
  89              		.global	BusFault_Handler
  90              		.syntax unified
  91              		.thumb
  92              		.thumb_func
  93              		.fpu fpv4-sp-d16
  95              	BusFault_Handler:
  96              	.LFB126:
  75:User/stm32f4xx_it.c **** }
  76:User/stm32f4xx_it.c **** 
  77:User/stm32f4xx_it.c **** /**
  78:User/stm32f4xx_it.c ****   * @brief  This function handles Bus Fault exception.
  79:User/stm32f4xx_it.c ****   * @param  None
  80:User/stm32f4xx_it.c ****   * @retval None
ARM GAS  C:\Users\京垓\AppData\Local\Temp\ccghIHNn.s 			page 4


  81:User/stm32f4xx_it.c ****   */
  82:User/stm32f4xx_it.c **** void BusFault_Handler(void)
  83:User/stm32f4xx_it.c **** {
  97              		.loc 1 83 1 view -0
  98              		.cfi_startproc
  99              		@ Volatile: function does not return.
 100              		@ args = 0, pretend = 0, frame = 0
 101              		@ frame_needed = 0, uses_anonymous_args = 0
 102              		@ link register save eliminated.
 103              	.L7:
  84:User/stm32f4xx_it.c ****   /* Go to infinite loop when Bus Fault exception occurs */
  85:User/stm32f4xx_it.c ****   while (1)
 104              		.loc 1 85 3 discriminator 1 view .LVU11
  86:User/stm32f4xx_it.c ****   {
  87:User/stm32f4xx_it.c ****   }
 105              		.loc 1 87 3 discriminator 1 view .LVU12
  85:User/stm32f4xx_it.c ****   {
 106              		.loc 1 85 9 discriminator 1 view .LVU13
 107 0000 FEE7     		b	.L7
 108              		.cfi_endproc
 109              	.LFE126:
 111              		.section	.text.UsageFault_Handler,"ax",%progbits
 112              		.align	1
 113              		.global	UsageFault_Handler
 114              		.syntax unified
 115              		.thumb
 116              		.thumb_func
 117              		.fpu fpv4-sp-d16
 119              	UsageFault_Handler:
 120              	.LFB127:
  88:User/stm32f4xx_it.c **** }
  89:User/stm32f4xx_it.c **** 
  90:User/stm32f4xx_it.c **** /**
  91:User/stm32f4xx_it.c ****   * @brief  This function handles Usage Fault exception.
  92:User/stm32f4xx_it.c ****   * @param  None
  93:User/stm32f4xx_it.c ****   * @retval None
  94:User/stm32f4xx_it.c ****   */
  95:User/stm32f4xx_it.c **** void UsageFault_Handler(void)
  96:User/stm32f4xx_it.c **** {
 121              		.loc 1 96 1 view -0
 122              		.cfi_startproc
 123              		@ Volatile: function does not return.
 124              		@ args = 0, pretend = 0, frame = 0
 125              		@ frame_needed = 0, uses_anonymous_args = 0
 126              		@ link register save eliminated.
 127              	.L9:
  97:User/stm32f4xx_it.c ****   /* Go to infinite loop when Usage Fault exception occurs */
  98:User/stm32f4xx_it.c ****   while (1)
 128              		.loc 1 98 3 discriminator 1 view .LVU15
  99:User/stm32f4xx_it.c ****   {
 100:User/stm32f4xx_it.c ****   }
 129              		.loc 1 100 3 discriminator 1 view .LVU16
  98:User/stm32f4xx_it.c ****   {
 130              		.loc 1 98 9 discriminator 1 view .LVU17
 131 0000 FEE7     		b	.L9
 132              		.cfi_endproc
 133              	.LFE127:
ARM GAS  C:\Users\京垓\AppData\Local\Temp\ccghIHNn.s 			page 5


 135              		.section	.text.SVC_Handler,"ax",%progbits
 136              		.align	1
 137              		.global	SVC_Handler
 138              		.syntax unified
 139              		.thumb
 140              		.thumb_func
 141              		.fpu fpv4-sp-d16
 143              	SVC_Handler:
 144              	.LFB128:
 101:User/stm32f4xx_it.c **** }
 102:User/stm32f4xx_it.c **** 
 103:User/stm32f4xx_it.c **** /**
 104:User/stm32f4xx_it.c ****   * @brief  This function handles SVCall exception.
 105:User/stm32f4xx_it.c ****   * @param  None
 106:User/stm32f4xx_it.c ****   * @retval None
 107:User/stm32f4xx_it.c ****   */
 108:User/stm32f4xx_it.c **** void SVC_Handler(void)
 109:User/stm32f4xx_it.c **** {
 145              		.loc 1 109 1 view -0
 146              		.cfi_startproc
 147              		@ args = 0, pretend = 0, frame = 0
 148              		@ frame_needed = 0, uses_anonymous_args = 0
 149              		@ link register save eliminated.
 110:User/stm32f4xx_it.c **** }
 150              		.loc 1 110 1 view .LVU19
 151 0000 7047     		bx	lr
 152              		.cfi_endproc
 153              	.LFE128:
 155              		.section	.text.DebugMon_Handler,"ax",%progbits
 156              		.align	1
 157              		.global	DebugMon_Handler
 158              		.syntax unified
 159              		.thumb
 160              		.thumb_func
 161              		.fpu fpv4-sp-d16
 163              	DebugMon_Handler:
 164              	.LFB129:
 111:User/stm32f4xx_it.c **** 
 112:User/stm32f4xx_it.c **** /**
 113:User/stm32f4xx_it.c ****   * @brief  This function handles Debug Monitor exception.
 114:User/stm32f4xx_it.c ****   * @param  None
 115:User/stm32f4xx_it.c ****   * @retval None
 116:User/stm32f4xx_it.c ****   */
 117:User/stm32f4xx_it.c **** void DebugMon_Handler(void)
 118:User/stm32f4xx_it.c **** {
 165              		.loc 1 118 1 view -0
 166              		.cfi_startproc
 167              		@ args = 0, pretend = 0, frame = 0
 168              		@ frame_needed = 0, uses_anonymous_args = 0
 169              		@ link register save eliminated.
 119:User/stm32f4xx_it.c **** }
 170              		.loc 1 119 1 view .LVU21
 171 0000 7047     		bx	lr
 172              		.cfi_endproc
 173              	.LFE129:
 175              		.section	.text.PendSV_Handler,"ax",%progbits
 176              		.align	1
ARM GAS  C:\Users\京垓\AppData\Local\Temp\ccghIHNn.s 			page 6


 177              		.global	PendSV_Handler
 178              		.syntax unified
 179              		.thumb
 180              		.thumb_func
 181              		.fpu fpv4-sp-d16
 183              	PendSV_Handler:
 184              	.LFB130:
 120:User/stm32f4xx_it.c **** 
 121:User/stm32f4xx_it.c **** /**
 122:User/stm32f4xx_it.c ****   * @brief  This function handles PendSVC exception.
 123:User/stm32f4xx_it.c ****   * @param  None
 124:User/stm32f4xx_it.c ****   * @retval None
 125:User/stm32f4xx_it.c ****   */
 126:User/stm32f4xx_it.c **** void PendSV_Handler(void)
 127:User/stm32f4xx_it.c **** {
 185              		.loc 1 127 1 view -0
 186              		.cfi_startproc
 187              		@ args = 0, pretend = 0, frame = 0
 188              		@ frame_needed = 0, uses_anonymous_args = 0
 189              		@ link register save eliminated.
 128:User/stm32f4xx_it.c **** }
 190              		.loc 1 128 1 view .LVU23
 191 0000 7047     		bx	lr
 192              		.cfi_endproc
 193              	.LFE130:
 195              		.section	.text.SysTick_Handler,"ax",%progbits
 196              		.align	1
 197              		.global	SysTick_Handler
 198              		.syntax unified
 199              		.thumb
 200              		.thumb_func
 201              		.fpu fpv4-sp-d16
 203              	SysTick_Handler:
 204              	.LFB131:
 129:User/stm32f4xx_it.c **** 
 130:User/stm32f4xx_it.c **** /**
 131:User/stm32f4xx_it.c ****   * @brief  This function handles SysTick Handler.
 132:User/stm32f4xx_it.c ****   * @param  None
 133:User/stm32f4xx_it.c ****   * @retval None
 134:User/stm32f4xx_it.c ****   */
 135:User/stm32f4xx_it.c **** void SysTick_Handler(void)
 136:User/stm32f4xx_it.c **** {
 205              		.loc 1 136 1 view -0
 206              		.cfi_startproc
 207              		@ args = 0, pretend = 0, frame = 0
 208              		@ frame_needed = 0, uses_anonymous_args = 0
 209 0000 08B5     		push	{r3, lr}
 210              	.LCFI0:
 211              		.cfi_def_cfa_offset 8
 212              		.cfi_offset 3, -8
 213              		.cfi_offset 14, -4
 137:User/stm32f4xx_it.c ****   TimingDelay_Decrement();
 214              		.loc 1 137 3 view .LVU25
 215 0002 FFF7FEFF 		bl	TimingDelay_Decrement
 216              	.LVL0:
 138:User/stm32f4xx_it.c **** }
 217              		.loc 1 138 1 is_stmt 0 view .LVU26
ARM GAS  C:\Users\京垓\AppData\Local\Temp\ccghIHNn.s 			page 7


 218 0006 08BD     		pop	{r3, pc}
 219              		.cfi_endproc
 220              	.LFE131:
 222              		.text
 223              	.Letext0:
 224              		.file 2 "d:\\gcc_tool\\gnu_tool_arm_embedded\\arm-none-eabi\\include\\machine\\_default_types.h"
 225              		.file 3 "d:\\gcc_tool\\gnu_tool_arm_embedded\\arm-none-eabi\\include\\sys\\_stdint.h"
 226              		.file 4 "STM32F4xx_LIB/core/core_cm4.h"
 227              		.file 5 "User/system_stm32f4xx.h"
 228              		.file 6 "User/main.h"
ARM GAS  C:\Users\京垓\AppData\Local\Temp\ccghIHNn.s 			page 8


DEFINED SYMBOLS
                            *ABS*:00000000 stm32f4xx_it.c
C:\Users\京垓\AppData\Local\Temp\ccghIHNn.s:18     .text.NMI_Handler:00000000 $t
C:\Users\京垓\AppData\Local\Temp\ccghIHNn.s:26     .text.NMI_Handler:00000000 NMI_Handler
C:\Users\京垓\AppData\Local\Temp\ccghIHNn.s:40     .text.HardFault_Handler:00000000 $t
C:\Users\京垓\AppData\Local\Temp\ccghIHNn.s:47     .text.HardFault_Handler:00000000 HardFault_Handler
C:\Users\京垓\AppData\Local\Temp\ccghIHNn.s:64     .text.MemManage_Handler:00000000 $t
C:\Users\京垓\AppData\Local\Temp\ccghIHNn.s:71     .text.MemManage_Handler:00000000 MemManage_Handler
C:\Users\京垓\AppData\Local\Temp\ccghIHNn.s:88     .text.BusFault_Handler:00000000 $t
C:\Users\京垓\AppData\Local\Temp\ccghIHNn.s:95     .text.BusFault_Handler:00000000 BusFault_Handler
C:\Users\京垓\AppData\Local\Temp\ccghIHNn.s:112    .text.UsageFault_Handler:00000000 $t
C:\Users\京垓\AppData\Local\Temp\ccghIHNn.s:119    .text.UsageFault_Handler:00000000 UsageFault_Handler
C:\Users\京垓\AppData\Local\Temp\ccghIHNn.s:136    .text.SVC_Handler:00000000 $t
C:\Users\京垓\AppData\Local\Temp\ccghIHNn.s:143    .text.SVC_Handler:00000000 SVC_Handler
C:\Users\京垓\AppData\Local\Temp\ccghIHNn.s:156    .text.DebugMon_Handler:00000000 $t
C:\Users\京垓\AppData\Local\Temp\ccghIHNn.s:163    .text.DebugMon_Handler:00000000 DebugMon_Handler
C:\Users\京垓\AppData\Local\Temp\ccghIHNn.s:176    .text.PendSV_Handler:00000000 $t
C:\Users\京垓\AppData\Local\Temp\ccghIHNn.s:183    .text.PendSV_Handler:00000000 PendSV_Handler
C:\Users\京垓\AppData\Local\Temp\ccghIHNn.s:196    .text.SysTick_Handler:00000000 $t
C:\Users\京垓\AppData\Local\Temp\ccghIHNn.s:203    .text.SysTick_Handler:00000000 SysTick_Handler

UNDEFINED SYMBOLS
TimingDelay_Decrement
