ARM GAS  C:\Users\京垓\AppData\Local\Temp\ccKzfYJE.s 			page 1


   1              		.cpu cortex-m4
   2              		.eabi_attribute 27, 1
   3              		.eabi_attribute 28, 1
   4              		.eabi_attribute 20, 1
   5              		.eabi_attribute 21, 1
   6              		.eabi_attribute 23, 3
   7              		.eabi_attribute 24, 1
   8              		.eabi_attribute 25, 1
   9              		.eabi_attribute 26, 1
  10              		.eabi_attribute 30, 1
  11              		.eabi_attribute 34, 1
  12              		.eabi_attribute 18, 4
  13              		.file	"stm32f4xx_syscfg.c"
  14              		.text
  15              	.Ltext0:
  16              		.cfi_sections	.debug_frame
  17              		.section	.text.SYSCFG_DeInit,"ax",%progbits
  18              		.align	1
  19              		.global	SYSCFG_DeInit
  20              		.arch armv7e-m
  21              		.syntax unified
  22              		.thumb
  23              		.thumb_func
  24              		.fpu fpv4-sp-d16
  26              	SYSCFG_DeInit:
  27              	.LFB123:
  28              		.file 1 "STM32F4xx_LIB/periph/src/stm32f4xx_syscfg.c"
   1:STM32F4xx_LIB/periph/src/stm32f4xx_syscfg.c **** /**
   2:STM32F4xx_LIB/periph/src/stm32f4xx_syscfg.c ****   ******************************************************************************
   3:STM32F4xx_LIB/periph/src/stm32f4xx_syscfg.c ****   * @file    stm32f4xx_syscfg.c
   4:STM32F4xx_LIB/periph/src/stm32f4xx_syscfg.c ****   * @author  MCD Application Team
   5:STM32F4xx_LIB/periph/src/stm32f4xx_syscfg.c ****   * @version V1.8.1
   6:STM32F4xx_LIB/periph/src/stm32f4xx_syscfg.c ****   * @date    27-January-2022
   7:STM32F4xx_LIB/periph/src/stm32f4xx_syscfg.c ****   * @brief   This file provides firmware functions to manage the SYSCFG peripheral.
   8:STM32F4xx_LIB/periph/src/stm32f4xx_syscfg.c ****   *
   9:STM32F4xx_LIB/periph/src/stm32f4xx_syscfg.c ****  @verbatim
  10:STM32F4xx_LIB/periph/src/stm32f4xx_syscfg.c ****     
  11:STM32F4xx_LIB/periph/src/stm32f4xx_syscfg.c ****  ===============================================================================
  12:STM32F4xx_LIB/periph/src/stm32f4xx_syscfg.c ****                      ##### How to use this driver #####
  13:STM32F4xx_LIB/periph/src/stm32f4xx_syscfg.c ****  ===============================================================================
  14:STM32F4xx_LIB/periph/src/stm32f4xx_syscfg.c ****     [..] This driver provides functions for:
  15:STM32F4xx_LIB/periph/src/stm32f4xx_syscfg.c ****             
  16:STM32F4xx_LIB/periph/src/stm32f4xx_syscfg.c ****        (#) Remapping the memory accessible in the code area using SYSCFG_MemoryRemapConfig()
  17:STM32F4xx_LIB/periph/src/stm32f4xx_syscfg.c ****             
  18:STM32F4xx_LIB/periph/src/stm32f4xx_syscfg.c ****        (#) Swapping the internal flash Bank1 and Bank2 this features is only visible for 
  19:STM32F4xx_LIB/periph/src/stm32f4xx_syscfg.c ****            STM32F42xxx/43xxx devices Devices. 
  20:STM32F4xx_LIB/periph/src/stm32f4xx_syscfg.c ****                 
  21:STM32F4xx_LIB/periph/src/stm32f4xx_syscfg.c ****        (#) Manage the EXTI lines connection to the GPIOs using SYSCFG_EXTILineConfig()
  22:STM32F4xx_LIB/periph/src/stm32f4xx_syscfg.c ****               
  23:STM32F4xx_LIB/periph/src/stm32f4xx_syscfg.c ****        (#) Select the ETHERNET media interface (RMII/RII) using SYSCFG_ETH_MediaInterfaceConfig()
  24:STM32F4xx_LIB/periph/src/stm32f4xx_syscfg.c ****   
  25:STM32F4xx_LIB/periph/src/stm32f4xx_syscfg.c ****        -@- SYSCFG APB clock must be enabled to get write access to SYSCFG registers,
  26:STM32F4xx_LIB/periph/src/stm32f4xx_syscfg.c ****            using RCC_APB2PeriphClockCmd(RCC_APB2Periph_SYSCFG, ENABLE);
  27:STM32F4xx_LIB/periph/src/stm32f4xx_syscfg.c ****                    
  28:STM32F4xx_LIB/periph/src/stm32f4xx_syscfg.c ****  @endverbatim      
  29:STM32F4xx_LIB/periph/src/stm32f4xx_syscfg.c ****   ******************************************************************************
  30:STM32F4xx_LIB/periph/src/stm32f4xx_syscfg.c ****   * @attention
ARM GAS  C:\Users\京垓\AppData\Local\Temp\ccKzfYJE.s 			page 2


  31:STM32F4xx_LIB/periph/src/stm32f4xx_syscfg.c ****   *
  32:STM32F4xx_LIB/periph/src/stm32f4xx_syscfg.c ****   * Copyright (c) 2016 STMicroelectronics.
  33:STM32F4xx_LIB/periph/src/stm32f4xx_syscfg.c ****   * All rights reserved.
  34:STM32F4xx_LIB/periph/src/stm32f4xx_syscfg.c ****   *
  35:STM32F4xx_LIB/periph/src/stm32f4xx_syscfg.c ****   * This software is licensed under terms that can be found in the LICENSE file
  36:STM32F4xx_LIB/periph/src/stm32f4xx_syscfg.c ****   * in the root directory of this software component.
  37:STM32F4xx_LIB/periph/src/stm32f4xx_syscfg.c ****   * If no LICENSE file comes with this software, it is provided AS-IS.
  38:STM32F4xx_LIB/periph/src/stm32f4xx_syscfg.c ****   *
  39:STM32F4xx_LIB/periph/src/stm32f4xx_syscfg.c ****   ******************************************************************************
  40:STM32F4xx_LIB/periph/src/stm32f4xx_syscfg.c ****   */
  41:STM32F4xx_LIB/periph/src/stm32f4xx_syscfg.c **** 
  42:STM32F4xx_LIB/periph/src/stm32f4xx_syscfg.c **** /* Includes ------------------------------------------------------------------*/
  43:STM32F4xx_LIB/periph/src/stm32f4xx_syscfg.c **** #include "stm32f4xx_syscfg.h"
  44:STM32F4xx_LIB/periph/src/stm32f4xx_syscfg.c **** #include "stm32f4xx_rcc.h"
  45:STM32F4xx_LIB/periph/src/stm32f4xx_syscfg.c **** 
  46:STM32F4xx_LIB/periph/src/stm32f4xx_syscfg.c **** /** @addtogroup STM32F4xx_StdPeriph_Driver
  47:STM32F4xx_LIB/periph/src/stm32f4xx_syscfg.c ****   * @{
  48:STM32F4xx_LIB/periph/src/stm32f4xx_syscfg.c ****   */
  49:STM32F4xx_LIB/periph/src/stm32f4xx_syscfg.c **** 
  50:STM32F4xx_LIB/periph/src/stm32f4xx_syscfg.c **** /** @defgroup SYSCFG 
  51:STM32F4xx_LIB/periph/src/stm32f4xx_syscfg.c ****   * @brief SYSCFG driver modules
  52:STM32F4xx_LIB/periph/src/stm32f4xx_syscfg.c ****   * @{
  53:STM32F4xx_LIB/periph/src/stm32f4xx_syscfg.c ****   */ 
  54:STM32F4xx_LIB/periph/src/stm32f4xx_syscfg.c **** 
  55:STM32F4xx_LIB/periph/src/stm32f4xx_syscfg.c **** /* Private typedef -----------------------------------------------------------*/
  56:STM32F4xx_LIB/periph/src/stm32f4xx_syscfg.c **** /* Private define ------------------------------------------------------------*/
  57:STM32F4xx_LIB/periph/src/stm32f4xx_syscfg.c **** /* ------------ RCC registers bit address in the alias region ----------- */
  58:STM32F4xx_LIB/periph/src/stm32f4xx_syscfg.c **** #define SYSCFG_OFFSET             (SYSCFG_BASE - PERIPH_BASE)
  59:STM32F4xx_LIB/periph/src/stm32f4xx_syscfg.c **** /* ---  MEMRMP Register ---*/ 
  60:STM32F4xx_LIB/periph/src/stm32f4xx_syscfg.c **** /* Alias word address of UFB_MODE bit */ 
  61:STM32F4xx_LIB/periph/src/stm32f4xx_syscfg.c **** #define MEMRMP_OFFSET             SYSCFG_OFFSET 
  62:STM32F4xx_LIB/periph/src/stm32f4xx_syscfg.c **** #define UFB_MODE_BitNumber        ((uint8_t)0x8) 
  63:STM32F4xx_LIB/periph/src/stm32f4xx_syscfg.c **** #define UFB_MODE_BB               (PERIPH_BB_BASE + (MEMRMP_OFFSET * 32) + (UFB_MODE_BitNumber * 4)
  64:STM32F4xx_LIB/periph/src/stm32f4xx_syscfg.c ****     
  65:STM32F4xx_LIB/periph/src/stm32f4xx_syscfg.c **** /* ---  PMC Register ---*/ 
  66:STM32F4xx_LIB/periph/src/stm32f4xx_syscfg.c **** /* Alias word address of MII_RMII_SEL bit */ 
  67:STM32F4xx_LIB/periph/src/stm32f4xx_syscfg.c **** #define PMC_OFFSET                (SYSCFG_OFFSET + 0x04) 
  68:STM32F4xx_LIB/periph/src/stm32f4xx_syscfg.c **** #define MII_RMII_SEL_BitNumber    ((uint8_t)0x17) 
  69:STM32F4xx_LIB/periph/src/stm32f4xx_syscfg.c **** #define PMC_MII_RMII_SEL_BB       (PERIPH_BB_BASE + (PMC_OFFSET * 32) + (MII_RMII_SEL_BitNumber * 4
  70:STM32F4xx_LIB/periph/src/stm32f4xx_syscfg.c ****     
  71:STM32F4xx_LIB/periph/src/stm32f4xx_syscfg.c **** /* ---  CMPCR Register ---*/ 
  72:STM32F4xx_LIB/periph/src/stm32f4xx_syscfg.c **** /* Alias word address of CMP_PD bit */ 
  73:STM32F4xx_LIB/periph/src/stm32f4xx_syscfg.c **** #define CMPCR_OFFSET              (SYSCFG_OFFSET + 0x20) 
  74:STM32F4xx_LIB/periph/src/stm32f4xx_syscfg.c **** #define CMP_PD_BitNumber          ((uint8_t)0x00) 
  75:STM32F4xx_LIB/periph/src/stm32f4xx_syscfg.c **** #define CMPCR_CMP_PD_BB           (PERIPH_BB_BASE + (CMPCR_OFFSET * 32) + (CMP_PD_BitNumber * 4)) 
  76:STM32F4xx_LIB/periph/src/stm32f4xx_syscfg.c **** 
  77:STM32F4xx_LIB/periph/src/stm32f4xx_syscfg.c **** /* ---  MCHDLYCR Register ---*/ 
  78:STM32F4xx_LIB/periph/src/stm32f4xx_syscfg.c **** /* Alias word address of BSCKSEL bit */ 
  79:STM32F4xx_LIB/periph/src/stm32f4xx_syscfg.c **** #define MCHDLYCR_OFFSET            (SYSCFG_OFFSET + 0x30) 
  80:STM32F4xx_LIB/periph/src/stm32f4xx_syscfg.c **** #define BSCKSEL_BIT_NUMBER         POSITION_VAL(SYSCFG_MCHDLYCR_BSCKSEL)
  81:STM32F4xx_LIB/periph/src/stm32f4xx_syscfg.c **** #define MCHDLYCR_BSCKSEL_BB        (uint32_t)(PERIPH_BB_BASE + (MCHDLYCR_OFFSET * 32) + (BSCKSEL_BI
  82:STM32F4xx_LIB/periph/src/stm32f4xx_syscfg.c **** 
  83:STM32F4xx_LIB/periph/src/stm32f4xx_syscfg.c **** /* Private macro -------------------------------------------------------------*/
  84:STM32F4xx_LIB/periph/src/stm32f4xx_syscfg.c **** /* Private variables ---------------------------------------------------------*/
  85:STM32F4xx_LIB/periph/src/stm32f4xx_syscfg.c **** /* Private function prototypes -----------------------------------------------*/
  86:STM32F4xx_LIB/periph/src/stm32f4xx_syscfg.c **** /* Private functions ---------------------------------------------------------*/
  87:STM32F4xx_LIB/periph/src/stm32f4xx_syscfg.c **** 
ARM GAS  C:\Users\京垓\AppData\Local\Temp\ccKzfYJE.s 			page 3


  88:STM32F4xx_LIB/periph/src/stm32f4xx_syscfg.c **** /** @defgroup SYSCFG_Private_Functions
  89:STM32F4xx_LIB/periph/src/stm32f4xx_syscfg.c ****   * @{
  90:STM32F4xx_LIB/periph/src/stm32f4xx_syscfg.c ****   */ 
  91:STM32F4xx_LIB/periph/src/stm32f4xx_syscfg.c **** 
  92:STM32F4xx_LIB/periph/src/stm32f4xx_syscfg.c **** /**
  93:STM32F4xx_LIB/periph/src/stm32f4xx_syscfg.c ****   * @brief  Deinitializes the Alternate Functions (remap and EXTI configuration)
  94:STM32F4xx_LIB/periph/src/stm32f4xx_syscfg.c ****   *   registers to their default reset values.
  95:STM32F4xx_LIB/periph/src/stm32f4xx_syscfg.c ****   * @param  None
  96:STM32F4xx_LIB/periph/src/stm32f4xx_syscfg.c ****   * @retval None
  97:STM32F4xx_LIB/periph/src/stm32f4xx_syscfg.c ****   */
  98:STM32F4xx_LIB/periph/src/stm32f4xx_syscfg.c **** void SYSCFG_DeInit(void)
  99:STM32F4xx_LIB/periph/src/stm32f4xx_syscfg.c **** {
  29              		.loc 1 99 1 view -0
  30              		.cfi_startproc
  31              		@ args = 0, pretend = 0, frame = 0
  32              		@ frame_needed = 0, uses_anonymous_args = 0
  33 0000 08B5     		push	{r3, lr}
  34              	.LCFI0:
  35              		.cfi_def_cfa_offset 8
  36              		.cfi_offset 3, -8
  37              		.cfi_offset 14, -4
 100:STM32F4xx_LIB/periph/src/stm32f4xx_syscfg.c ****    RCC_APB2PeriphResetCmd(RCC_APB2Periph_SYSCFG, ENABLE);
  38              		.loc 1 100 4 view .LVU1
  39 0002 0121     		movs	r1, #1
  40 0004 4FF48040 		mov	r0, #16384
  41 0008 FFF7FEFF 		bl	RCC_APB2PeriphResetCmd
  42              	.LVL0:
 101:STM32F4xx_LIB/periph/src/stm32f4xx_syscfg.c ****    RCC_APB2PeriphResetCmd(RCC_APB2Periph_SYSCFG, DISABLE);
  43              		.loc 1 101 4 view .LVU2
  44 000c 0021     		movs	r1, #0
  45 000e 4FF48040 		mov	r0, #16384
  46 0012 FFF7FEFF 		bl	RCC_APB2PeriphResetCmd
  47              	.LVL1:
 102:STM32F4xx_LIB/periph/src/stm32f4xx_syscfg.c **** }
  48              		.loc 1 102 1 is_stmt 0 view .LVU3
  49 0016 08BD     		pop	{r3, pc}
  50              		.cfi_endproc
  51              	.LFE123:
  53              		.section	.text.SYSCFG_MemoryRemapConfig,"ax",%progbits
  54              		.align	1
  55              		.global	SYSCFG_MemoryRemapConfig
  56              		.syntax unified
  57              		.thumb
  58              		.thumb_func
  59              		.fpu fpv4-sp-d16
  61              	SYSCFG_MemoryRemapConfig:
  62              	.LVL2:
  63              	.LFB124:
 103:STM32F4xx_LIB/periph/src/stm32f4xx_syscfg.c **** 
 104:STM32F4xx_LIB/periph/src/stm32f4xx_syscfg.c **** /**
 105:STM32F4xx_LIB/periph/src/stm32f4xx_syscfg.c ****   * @brief  Changes the mapping of the specified pin.
 106:STM32F4xx_LIB/periph/src/stm32f4xx_syscfg.c ****   * @param  SYSCFG_Memory: selects the memory remapping.
 107:STM32F4xx_LIB/periph/src/stm32f4xx_syscfg.c ****   *         This parameter can be one of the following values:
 108:STM32F4xx_LIB/periph/src/stm32f4xx_syscfg.c ****   *            @arg SYSCFG_MemoryRemap_Flash:       Main Flash memory mapped at 0x00000000  
 109:STM32F4xx_LIB/periph/src/stm32f4xx_syscfg.c ****   *            @arg SYSCFG_MemoryRemap_SystemFlash: System Flash memory mapped at 0x00000000
 110:STM32F4xx_LIB/periph/src/stm32f4xx_syscfg.c ****   *            @arg SYSCFG_MemoryRemap_FSMC:        FSMC (Bank1 (NOR/PSRAM 1 and 2) mapped at 0x000
 111:STM32F4xx_LIB/periph/src/stm32f4xx_syscfg.c ****   *            @arg SYSCFG_MemoryRemap_FMC:         FMC (Bank1 (NOR/PSRAM 1 and 2) mapped at 0x0000
ARM GAS  C:\Users\京垓\AppData\Local\Temp\ccKzfYJE.s 			page 4


 112:STM32F4xx_LIB/periph/src/stm32f4xx_syscfg.c ****   *            @arg SYSCFG_MemoryRemap_ExtMEM:      External Memory mapped at 0x00000000 for STM32F
 113:STM32F4xx_LIB/periph/src/stm32f4xx_syscfg.c ****   *            @arg SYSCFG_MemoryRemap_SRAM:        Embedded SRAM (112kB) mapped at 0x00000000
 114:STM32F4xx_LIB/periph/src/stm32f4xx_syscfg.c ****   *            @arg SYSCFG_MemoryRemap_SDRAM:       FMC (External SDRAM)  mapped at 0x00000000 for 
 115:STM32F4xx_LIB/periph/src/stm32f4xx_syscfg.c ****   * @retval None
 116:STM32F4xx_LIB/periph/src/stm32f4xx_syscfg.c ****   */
 117:STM32F4xx_LIB/periph/src/stm32f4xx_syscfg.c **** void SYSCFG_MemoryRemapConfig(uint8_t SYSCFG_MemoryRemap)
 118:STM32F4xx_LIB/periph/src/stm32f4xx_syscfg.c **** {
  64              		.loc 1 118 1 is_stmt 1 view -0
  65              		.cfi_startproc
  66              		@ args = 0, pretend = 0, frame = 0
  67              		@ frame_needed = 0, uses_anonymous_args = 0
  68              		@ link register save eliminated.
 119:STM32F4xx_LIB/periph/src/stm32f4xx_syscfg.c ****   /* Check the parameters */
 120:STM32F4xx_LIB/periph/src/stm32f4xx_syscfg.c ****   assert_param(IS_SYSCFG_MEMORY_REMAP_CONFING(SYSCFG_MemoryRemap));
  69              		.loc 1 120 3 view .LVU5
 121:STM32F4xx_LIB/periph/src/stm32f4xx_syscfg.c **** 
 122:STM32F4xx_LIB/periph/src/stm32f4xx_syscfg.c ****   SYSCFG->MEMRMP = SYSCFG_MemoryRemap;
  70              		.loc 1 122 3 view .LVU6
  71              		.loc 1 122 18 is_stmt 0 view .LVU7
  72 0000 014B     		ldr	r3, .L4
  73 0002 1860     		str	r0, [r3]
 123:STM32F4xx_LIB/periph/src/stm32f4xx_syscfg.c **** }
  74              		.loc 1 123 1 view .LVU8
  75 0004 7047     		bx	lr
  76              	.L5:
  77 0006 00BF     		.align	2
  78              	.L4:
  79 0008 00380140 		.word	1073821696
  80              		.cfi_endproc
  81              	.LFE124:
  83              		.section	.text.SYSCFG_MemorySwappingBank,"ax",%progbits
  84              		.align	1
  85              		.global	SYSCFG_MemorySwappingBank
  86              		.syntax unified
  87              		.thumb
  88              		.thumb_func
  89              		.fpu fpv4-sp-d16
  91              	SYSCFG_MemorySwappingBank:
  92              	.LVL3:
  93              	.LFB125:
 124:STM32F4xx_LIB/periph/src/stm32f4xx_syscfg.c **** 
 125:STM32F4xx_LIB/periph/src/stm32f4xx_syscfg.c **** /**
 126:STM32F4xx_LIB/periph/src/stm32f4xx_syscfg.c ****   * @brief  Enables or disables the Internal FLASH Bank Swapping.
 127:STM32F4xx_LIB/periph/src/stm32f4xx_syscfg.c ****   *   
 128:STM32F4xx_LIB/periph/src/stm32f4xx_syscfg.c ****   * @note   This function can be used only for STM32F42xxx/43xxx devices. 
 129:STM32F4xx_LIB/periph/src/stm32f4xx_syscfg.c ****   *
 130:STM32F4xx_LIB/periph/src/stm32f4xx_syscfg.c ****   * @param  NewState: new state of Internal FLASH Bank swapping.
 131:STM32F4xx_LIB/periph/src/stm32f4xx_syscfg.c ****   *          This parameter can be one of the following values:
 132:STM32F4xx_LIB/periph/src/stm32f4xx_syscfg.c ****   *            @arg ENABLE: Flash Bank2 mapped at 0x08000000 (and aliased @0x00000000) 
 133:STM32F4xx_LIB/periph/src/stm32f4xx_syscfg.c ****   *                         and Flash Bank1 mapped at 0x08100000 (and aliased at 0x00100000)   
 134:STM32F4xx_LIB/periph/src/stm32f4xx_syscfg.c ****   *            @arg DISABLE:(the default state) Flash Bank1 mapped at 0x08000000 (and aliased @0x00
 135:STM32F4xx_LIB/periph/src/stm32f4xx_syscfg.c ****                             and Flash Bank2 mapped at 0x08100000 (and aliased at 0x00100000)  
 136:STM32F4xx_LIB/periph/src/stm32f4xx_syscfg.c ****   * @retval None
 137:STM32F4xx_LIB/periph/src/stm32f4xx_syscfg.c ****   */
 138:STM32F4xx_LIB/periph/src/stm32f4xx_syscfg.c **** void SYSCFG_MemorySwappingBank(FunctionalState NewState)
 139:STM32F4xx_LIB/periph/src/stm32f4xx_syscfg.c **** {
  94              		.loc 1 139 1 is_stmt 1 view -0
ARM GAS  C:\Users\京垓\AppData\Local\Temp\ccKzfYJE.s 			page 5


  95              		.cfi_startproc
  96              		@ args = 0, pretend = 0, frame = 0
  97              		@ frame_needed = 0, uses_anonymous_args = 0
  98              		@ link register save eliminated.
 140:STM32F4xx_LIB/periph/src/stm32f4xx_syscfg.c ****   /* Check the parameters */
 141:STM32F4xx_LIB/periph/src/stm32f4xx_syscfg.c ****   assert_param(IS_FUNCTIONAL_STATE(NewState));
  99              		.loc 1 141 3 view .LVU10
 142:STM32F4xx_LIB/periph/src/stm32f4xx_syscfg.c **** 
 143:STM32F4xx_LIB/periph/src/stm32f4xx_syscfg.c ****   *(__IO uint32_t *) UFB_MODE_BB = (uint32_t)NewState;
 100              		.loc 1 143 3 view .LVU11
 101              		.loc 1 143 34 is_stmt 0 view .LVU12
 102 0000 014B     		ldr	r3, .L7
 103 0002 1860     		str	r0, [r3]
 144:STM32F4xx_LIB/periph/src/stm32f4xx_syscfg.c **** }
 104              		.loc 1 144 1 view .LVU13
 105 0004 7047     		bx	lr
 106              	.L8:
 107 0006 00BF     		.align	2
 108              	.L7:
 109 0008 20002742 		.word	1109852192
 110              		.cfi_endproc
 111              	.LFE125:
 113              		.section	.text.SYSCFG_EXTILineConfig,"ax",%progbits
 114              		.align	1
 115              		.global	SYSCFG_EXTILineConfig
 116              		.syntax unified
 117              		.thumb
 118              		.thumb_func
 119              		.fpu fpv4-sp-d16
 121              	SYSCFG_EXTILineConfig:
 122              	.LVL4:
 123              	.LFB126:
 145:STM32F4xx_LIB/periph/src/stm32f4xx_syscfg.c **** 
 146:STM32F4xx_LIB/periph/src/stm32f4xx_syscfg.c **** /**
 147:STM32F4xx_LIB/periph/src/stm32f4xx_syscfg.c ****   * @brief  Selects the GPIO pin used as EXTI Line.
 148:STM32F4xx_LIB/periph/src/stm32f4xx_syscfg.c ****   * @param  EXTI_PortSourceGPIOx : selects the GPIO port to be used as source for
 149:STM32F4xx_LIB/periph/src/stm32f4xx_syscfg.c ****   *          EXTI lines where x can be (A..K) for STM32F42xxx/43xxx devices, (A..I) 
 150:STM32F4xx_LIB/periph/src/stm32f4xx_syscfg.c ****   *          for STM32F405xx/407xx and STM32F415xx/417xx devices or (A, B, C, D and H)
 151:STM32F4xx_LIB/periph/src/stm32f4xx_syscfg.c ****   *          for STM32401xx devices.  
 152:STM32F4xx_LIB/periph/src/stm32f4xx_syscfg.c ****   *            
 153:STM32F4xx_LIB/periph/src/stm32f4xx_syscfg.c ****   * @param  EXTI_PinSourcex: specifies the EXTI line to be configured.
 154:STM32F4xx_LIB/periph/src/stm32f4xx_syscfg.c ****   *           This parameter can be EXTI_PinSourcex where x can be (0..15, except
 155:STM32F4xx_LIB/periph/src/stm32f4xx_syscfg.c ****   *           for EXTI_PortSourceGPIOI x can be (0..11) for STM32F405xx/407xx
 156:STM32F4xx_LIB/periph/src/stm32f4xx_syscfg.c ****   *           and STM32F405xx/407xx devices and for EXTI_PortSourceGPIOK x can   
 157:STM32F4xx_LIB/periph/src/stm32f4xx_syscfg.c ****   *           be (0..7) for STM32F42xxx/43xxx devices. 
 158:STM32F4xx_LIB/periph/src/stm32f4xx_syscfg.c ****   *             
 159:STM32F4xx_LIB/periph/src/stm32f4xx_syscfg.c ****   * @retval None
 160:STM32F4xx_LIB/periph/src/stm32f4xx_syscfg.c ****   */
 161:STM32F4xx_LIB/periph/src/stm32f4xx_syscfg.c **** void SYSCFG_EXTILineConfig(uint8_t EXTI_PortSourceGPIOx, uint8_t EXTI_PinSourcex)
 162:STM32F4xx_LIB/periph/src/stm32f4xx_syscfg.c **** {
 124              		.loc 1 162 1 is_stmt 1 view -0
 125              		.cfi_startproc
 126              		@ args = 0, pretend = 0, frame = 0
 127              		@ frame_needed = 0, uses_anonymous_args = 0
 128              		@ link register save eliminated.
 129              		.loc 1 162 1 is_stmt 0 view .LVU15
 130 0000 30B4     		push	{r4, r5}
ARM GAS  C:\Users\京垓\AppData\Local\Temp\ccKzfYJE.s 			page 6


 131              	.LCFI1:
 132              		.cfi_def_cfa_offset 8
 133              		.cfi_offset 4, -8
 134              		.cfi_offset 5, -4
 163:STM32F4xx_LIB/periph/src/stm32f4xx_syscfg.c ****   uint32_t tmp = 0x00;
 135              		.loc 1 163 3 is_stmt 1 view .LVU16
 136              	.LVL5:
 164:STM32F4xx_LIB/periph/src/stm32f4xx_syscfg.c **** 
 165:STM32F4xx_LIB/periph/src/stm32f4xx_syscfg.c ****   /* Check the parameters */
 166:STM32F4xx_LIB/periph/src/stm32f4xx_syscfg.c ****   assert_param(IS_EXTI_PORT_SOURCE(EXTI_PortSourceGPIOx));
 137              		.loc 1 166 3 view .LVU17
 167:STM32F4xx_LIB/periph/src/stm32f4xx_syscfg.c ****   assert_param(IS_EXTI_PIN_SOURCE(EXTI_PinSourcex));
 138              		.loc 1 167 3 view .LVU18
 168:STM32F4xx_LIB/periph/src/stm32f4xx_syscfg.c **** 
 169:STM32F4xx_LIB/periph/src/stm32f4xx_syscfg.c ****   tmp = ((uint32_t)0x0F) << (0x04 * (EXTI_PinSourcex & (uint8_t)0x03));
 139              		.loc 1 169 3 view .LVU19
 140              		.loc 1 169 54 is_stmt 0 view .LVU20
 141 0002 01F00302 		and	r2, r1, #3
 142              		.loc 1 169 35 view .LVU21
 143 0006 9200     		lsls	r2, r2, #2
 144              		.loc 1 169 7 view .LVU22
 145 0008 0F24     		movs	r4, #15
 146 000a 04FA02F5 		lsl	r5, r4, r2
 147              	.LVL6:
 170:STM32F4xx_LIB/periph/src/stm32f4xx_syscfg.c ****   SYSCFG->EXTICR[EXTI_PinSourcex >> 0x02] &= ~tmp;
 148              		.loc 1 170 3 is_stmt 1 view .LVU23
 149              		.loc 1 170 43 is_stmt 0 view .LVU24
 150 000e 8908     		lsrs	r1, r1, #2
 151              	.LVL7:
 152              		.loc 1 170 43 view .LVU25
 153 0010 084B     		ldr	r3, .L11
 154 0012 0231     		adds	r1, r1, #2
 155 0014 53F82140 		ldr	r4, [r3, r1, lsl #2]
 156 0018 24EA0504 		bic	r4, r4, r5
 157 001c 43F82140 		str	r4, [r3, r1, lsl #2]
 171:STM32F4xx_LIB/periph/src/stm32f4xx_syscfg.c ****   SYSCFG->EXTICR[EXTI_PinSourcex >> 0x02] |= (((uint32_t)EXTI_PortSourceGPIOx) << (0x04 * (EXTI_Pin
 158              		.loc 1 171 3 is_stmt 1 view .LVU26
 159              		.loc 1 171 43 is_stmt 0 view .LVU27
 160 0020 53F82140 		ldr	r4, [r3, r1, lsl #2]
 161              		.loc 1 171 80 view .LVU28
 162 0024 00FA02F2 		lsl	r2, r0, r2
 163              		.loc 1 171 43 view .LVU29
 164 0028 1443     		orrs	r4, r4, r2
 165 002a 43F82140 		str	r4, [r3, r1, lsl #2]
 172:STM32F4xx_LIB/periph/src/stm32f4xx_syscfg.c **** }
 166              		.loc 1 172 1 view .LVU30
 167 002e 30BC     		pop	{r4, r5}
 168              	.LCFI2:
 169              		.cfi_restore 5
 170              		.cfi_restore 4
 171              		.cfi_def_cfa_offset 0
 172              	.LVL8:
 173              		.loc 1 172 1 view .LVU31
 174 0030 7047     		bx	lr
 175              	.L12:
 176 0032 00BF     		.align	2
 177              	.L11:
ARM GAS  C:\Users\京垓\AppData\Local\Temp\ccKzfYJE.s 			page 7


 178 0034 00380140 		.word	1073821696
 179              		.cfi_endproc
 180              	.LFE126:
 182              		.section	.text.SYSCFG_ETH_MediaInterfaceConfig,"ax",%progbits
 183              		.align	1
 184              		.global	SYSCFG_ETH_MediaInterfaceConfig
 185              		.syntax unified
 186              		.thumb
 187              		.thumb_func
 188              		.fpu fpv4-sp-d16
 190              	SYSCFG_ETH_MediaInterfaceConfig:
 191              	.LVL9:
 192              	.LFB127:
 173:STM32F4xx_LIB/periph/src/stm32f4xx_syscfg.c **** 
 174:STM32F4xx_LIB/periph/src/stm32f4xx_syscfg.c **** /**
 175:STM32F4xx_LIB/periph/src/stm32f4xx_syscfg.c ****   * @brief  Selects the ETHERNET media interface 
 176:STM32F4xx_LIB/periph/src/stm32f4xx_syscfg.c ****   * @param  SYSCFG_ETH_MediaInterface: specifies the Media Interface mode. 
 177:STM32F4xx_LIB/periph/src/stm32f4xx_syscfg.c ****   *          This parameter can be one of the following values: 
 178:STM32F4xx_LIB/periph/src/stm32f4xx_syscfg.c ****   *            @arg SYSCFG_ETH_MediaInterface_MII: MII mode selected
 179:STM32F4xx_LIB/periph/src/stm32f4xx_syscfg.c ****   *            @arg SYSCFG_ETH_MediaInterface_RMII: RMII mode selected 
 180:STM32F4xx_LIB/periph/src/stm32f4xx_syscfg.c ****   * @retval None 
 181:STM32F4xx_LIB/periph/src/stm32f4xx_syscfg.c ****   */
 182:STM32F4xx_LIB/periph/src/stm32f4xx_syscfg.c **** void SYSCFG_ETH_MediaInterfaceConfig(uint32_t SYSCFG_ETH_MediaInterface) 
 183:STM32F4xx_LIB/periph/src/stm32f4xx_syscfg.c **** { 
 193              		.loc 1 183 1 is_stmt 1 view -0
 194              		.cfi_startproc
 195              		@ args = 0, pretend = 0, frame = 0
 196              		@ frame_needed = 0, uses_anonymous_args = 0
 197              		@ link register save eliminated.
 184:STM32F4xx_LIB/periph/src/stm32f4xx_syscfg.c ****   assert_param(IS_SYSCFG_ETH_MEDIA_INTERFACE(SYSCFG_ETH_MediaInterface)); 
 198              		.loc 1 184 3 view .LVU33
 185:STM32F4xx_LIB/periph/src/stm32f4xx_syscfg.c ****   /* Configure MII_RMII selection bit */ 
 186:STM32F4xx_LIB/periph/src/stm32f4xx_syscfg.c ****   *(__IO uint32_t *) PMC_MII_RMII_SEL_BB = SYSCFG_ETH_MediaInterface; 
 199              		.loc 1 186 3 view .LVU34
 200              		.loc 1 186 42 is_stmt 0 view .LVU35
 201 0000 014B     		ldr	r3, .L14
 202 0002 1860     		str	r0, [r3]
 187:STM32F4xx_LIB/periph/src/stm32f4xx_syscfg.c **** }
 203              		.loc 1 187 1 view .LVU36
 204 0004 7047     		bx	lr
 205              	.L15:
 206 0006 00BF     		.align	2
 207              	.L14:
 208 0008 DC002742 		.word	1109852380
 209              		.cfi_endproc
 210              	.LFE127:
 212              		.section	.text.SYSCFG_CompensationCellCmd,"ax",%progbits
 213              		.align	1
 214              		.global	SYSCFG_CompensationCellCmd
 215              		.syntax unified
 216              		.thumb
 217              		.thumb_func
 218              		.fpu fpv4-sp-d16
 220              	SYSCFG_CompensationCellCmd:
 221              	.LVL10:
 222              	.LFB128:
 188:STM32F4xx_LIB/periph/src/stm32f4xx_syscfg.c **** 
ARM GAS  C:\Users\京垓\AppData\Local\Temp\ccKzfYJE.s 			page 8


 189:STM32F4xx_LIB/periph/src/stm32f4xx_syscfg.c **** /**
 190:STM32F4xx_LIB/periph/src/stm32f4xx_syscfg.c ****   * @brief  Enables or disables the I/O Compensation Cell.
 191:STM32F4xx_LIB/periph/src/stm32f4xx_syscfg.c ****   * @note   The I/O compensation cell can be used only when the device supply
 192:STM32F4xx_LIB/periph/src/stm32f4xx_syscfg.c ****   *         voltage ranges from 2.4 to 3.6 V.  
 193:STM32F4xx_LIB/periph/src/stm32f4xx_syscfg.c ****   * @param  NewState: new state of the I/O Compensation Cell.
 194:STM32F4xx_LIB/periph/src/stm32f4xx_syscfg.c ****   *          This parameter can be one of the following values:
 195:STM32F4xx_LIB/periph/src/stm32f4xx_syscfg.c ****   *            @arg ENABLE: I/O compensation cell enabled  
 196:STM32F4xx_LIB/periph/src/stm32f4xx_syscfg.c ****   *            @arg DISABLE: I/O compensation cell power-down mode  
 197:STM32F4xx_LIB/periph/src/stm32f4xx_syscfg.c ****   * @retval None
 198:STM32F4xx_LIB/periph/src/stm32f4xx_syscfg.c ****   */
 199:STM32F4xx_LIB/periph/src/stm32f4xx_syscfg.c **** void SYSCFG_CompensationCellCmd(FunctionalState NewState)
 200:STM32F4xx_LIB/periph/src/stm32f4xx_syscfg.c **** {
 223              		.loc 1 200 1 is_stmt 1 view -0
 224              		.cfi_startproc
 225              		@ args = 0, pretend = 0, frame = 0
 226              		@ frame_needed = 0, uses_anonymous_args = 0
 227              		@ link register save eliminated.
 201:STM32F4xx_LIB/periph/src/stm32f4xx_syscfg.c ****   /* Check the parameters */
 202:STM32F4xx_LIB/periph/src/stm32f4xx_syscfg.c ****   assert_param(IS_FUNCTIONAL_STATE(NewState));
 228              		.loc 1 202 3 view .LVU38
 203:STM32F4xx_LIB/periph/src/stm32f4xx_syscfg.c **** 
 204:STM32F4xx_LIB/periph/src/stm32f4xx_syscfg.c ****   *(__IO uint32_t *) CMPCR_CMP_PD_BB = (uint32_t)NewState;
 229              		.loc 1 204 3 view .LVU39
 230              		.loc 1 204 38 is_stmt 0 view .LVU40
 231 0000 014B     		ldr	r3, .L17
 232 0002 1860     		str	r0, [r3]
 205:STM32F4xx_LIB/periph/src/stm32f4xx_syscfg.c **** }
 233              		.loc 1 205 1 view .LVU41
 234 0004 7047     		bx	lr
 235              	.L18:
 236 0006 00BF     		.align	2
 237              	.L17:
 238 0008 00042742 		.word	1109853184
 239              		.cfi_endproc
 240              	.LFE128:
 242              		.section	.text.SYSCFG_GetCompensationCellStatus,"ax",%progbits
 243              		.align	1
 244              		.global	SYSCFG_GetCompensationCellStatus
 245              		.syntax unified
 246              		.thumb
 247              		.thumb_func
 248              		.fpu fpv4-sp-d16
 250              	SYSCFG_GetCompensationCellStatus:
 251              	.LFB129:
 206:STM32F4xx_LIB/periph/src/stm32f4xx_syscfg.c **** 
 207:STM32F4xx_LIB/periph/src/stm32f4xx_syscfg.c **** /**
 208:STM32F4xx_LIB/periph/src/stm32f4xx_syscfg.c ****   * @brief  Checks whether the I/O Compensation Cell ready flag is set or not.
 209:STM32F4xx_LIB/periph/src/stm32f4xx_syscfg.c ****   * @param  None
 210:STM32F4xx_LIB/periph/src/stm32f4xx_syscfg.c ****   * @retval The new state of the I/O Compensation Cell ready flag (SET or RESET)
 211:STM32F4xx_LIB/periph/src/stm32f4xx_syscfg.c ****   */
 212:STM32F4xx_LIB/periph/src/stm32f4xx_syscfg.c **** FlagStatus SYSCFG_GetCompensationCellStatus(void)
 213:STM32F4xx_LIB/periph/src/stm32f4xx_syscfg.c **** {
 252              		.loc 1 213 1 is_stmt 1 view -0
 253              		.cfi_startproc
 254              		@ args = 0, pretend = 0, frame = 0
 255              		@ frame_needed = 0, uses_anonymous_args = 0
 256              		@ link register save eliminated.
ARM GAS  C:\Users\京垓\AppData\Local\Temp\ccKzfYJE.s 			page 9


 214:STM32F4xx_LIB/periph/src/stm32f4xx_syscfg.c ****   FlagStatus bitstatus = RESET;
 257              		.loc 1 214 3 view .LVU43
 258              	.LVL11:
 215:STM32F4xx_LIB/periph/src/stm32f4xx_syscfg.c ****     
 216:STM32F4xx_LIB/periph/src/stm32f4xx_syscfg.c ****   if ((SYSCFG->CMPCR & SYSCFG_CMPCR_READY ) != (uint32_t)RESET)
 259              		.loc 1 216 3 view .LVU44
 260              		.loc 1 216 14 is_stmt 0 view .LVU45
 261 0000 044B     		ldr	r3, .L22
 262 0002 1B6A     		ldr	r3, [r3, #32]
 263              		.loc 1 216 6 view .LVU46
 264 0004 13F4807F 		tst	r3, #256
 265 0008 01D0     		beq	.L21
 217:STM32F4xx_LIB/periph/src/stm32f4xx_syscfg.c ****   {
 218:STM32F4xx_LIB/periph/src/stm32f4xx_syscfg.c ****     bitstatus = SET;
 266              		.loc 1 218 15 view .LVU47
 267 000a 0120     		movs	r0, #1
 268 000c 7047     		bx	lr
 269              	.L21:
 219:STM32F4xx_LIB/periph/src/stm32f4xx_syscfg.c ****   }
 220:STM32F4xx_LIB/periph/src/stm32f4xx_syscfg.c ****   else
 221:STM32F4xx_LIB/periph/src/stm32f4xx_syscfg.c ****   {
 222:STM32F4xx_LIB/periph/src/stm32f4xx_syscfg.c ****     bitstatus = RESET;
 270              		.loc 1 222 15 view .LVU48
 271 000e 0020     		movs	r0, #0
 272              	.LVL12:
 223:STM32F4xx_LIB/periph/src/stm32f4xx_syscfg.c ****   }
 224:STM32F4xx_LIB/periph/src/stm32f4xx_syscfg.c ****   return bitstatus;
 273              		.loc 1 224 3 is_stmt 1 view .LVU49
 225:STM32F4xx_LIB/periph/src/stm32f4xx_syscfg.c **** }
 274              		.loc 1 225 1 is_stmt 0 view .LVU50
 275 0010 7047     		bx	lr
 276              	.L23:
 277 0012 00BF     		.align	2
 278              	.L22:
 279 0014 00380140 		.word	1073821696
 280              		.cfi_endproc
 281              	.LFE129:
 283              		.text
 284              	.Letext0:
 285              		.file 2 "d:\\gcc_tool\\gnu_tool_arm_embedded\\arm-none-eabi\\include\\machine\\_default_types.h"
 286              		.file 3 "d:\\gcc_tool\\gnu_tool_arm_embedded\\arm-none-eabi\\include\\sys\\_stdint.h"
 287              		.file 4 "STM32F4xx_LIB/core/core_cm4.h"
 288              		.file 5 "User/system_stm32f4xx.h"
 289              		.file 6 "User/stm32f4xx.h"
 290              		.file 7 "STM32F4xx_LIB/periph/inc/stm32f4xx_rcc.h"
ARM GAS  C:\Users\京垓\AppData\Local\Temp\ccKzfYJE.s 			page 10


DEFINED SYMBOLS
                            *ABS*:00000000 stm32f4xx_syscfg.c
C:\Users\京垓\AppData\Local\Temp\ccKzfYJE.s:18     .text.SYSCFG_DeInit:00000000 $t
C:\Users\京垓\AppData\Local\Temp\ccKzfYJE.s:26     .text.SYSCFG_DeInit:00000000 SYSCFG_DeInit
C:\Users\京垓\AppData\Local\Temp\ccKzfYJE.s:54     .text.SYSCFG_MemoryRemapConfig:00000000 $t
C:\Users\京垓\AppData\Local\Temp\ccKzfYJE.s:61     .text.SYSCFG_MemoryRemapConfig:00000000 SYSCFG_MemoryRemapConfig
C:\Users\京垓\AppData\Local\Temp\ccKzfYJE.s:79     .text.SYSCFG_MemoryRemapConfig:00000008 $d
C:\Users\京垓\AppData\Local\Temp\ccKzfYJE.s:84     .text.SYSCFG_MemorySwappingBank:00000000 $t
C:\Users\京垓\AppData\Local\Temp\ccKzfYJE.s:91     .text.SYSCFG_MemorySwappingBank:00000000 SYSCFG_MemorySwappingBank
C:\Users\京垓\AppData\Local\Temp\ccKzfYJE.s:109    .text.SYSCFG_MemorySwappingBank:00000008 $d
C:\Users\京垓\AppData\Local\Temp\ccKzfYJE.s:114    .text.SYSCFG_EXTILineConfig:00000000 $t
C:\Users\京垓\AppData\Local\Temp\ccKzfYJE.s:121    .text.SYSCFG_EXTILineConfig:00000000 SYSCFG_EXTILineConfig
C:\Users\京垓\AppData\Local\Temp\ccKzfYJE.s:178    .text.SYSCFG_EXTILineConfig:00000034 $d
C:\Users\京垓\AppData\Local\Temp\ccKzfYJE.s:183    .text.SYSCFG_ETH_MediaInterfaceConfig:00000000 $t
C:\Users\京垓\AppData\Local\Temp\ccKzfYJE.s:190    .text.SYSCFG_ETH_MediaInterfaceConfig:00000000 SYSCFG_ETH_MediaInterfaceConfig
C:\Users\京垓\AppData\Local\Temp\ccKzfYJE.s:208    .text.SYSCFG_ETH_MediaInterfaceConfig:00000008 $d
C:\Users\京垓\AppData\Local\Temp\ccKzfYJE.s:213    .text.SYSCFG_CompensationCellCmd:00000000 $t
C:\Users\京垓\AppData\Local\Temp\ccKzfYJE.s:220    .text.SYSCFG_CompensationCellCmd:00000000 SYSCFG_CompensationCellCmd
C:\Users\京垓\AppData\Local\Temp\ccKzfYJE.s:238    .text.SYSCFG_CompensationCellCmd:00000008 $d
C:\Users\京垓\AppData\Local\Temp\ccKzfYJE.s:243    .text.SYSCFG_GetCompensationCellStatus:00000000 $t
C:\Users\京垓\AppData\Local\Temp\ccKzfYJE.s:250    .text.SYSCFG_GetCompensationCellStatus:00000000 SYSCFG_GetCompensationCellStatus
C:\Users\京垓\AppData\Local\Temp\ccKzfYJE.s:279    .text.SYSCFG_GetCompensationCellStatus:00000014 $d

UNDEFINED SYMBOLS
RCC_APB2PeriphResetCmd
