ARM GAS  C:\Users\京垓\AppData\Local\Temp\ccZH7mVo.s 			page 1


   1              		.cpu cortex-m4
   2              		.eabi_attribute 27, 1
   3              		.eabi_attribute 28, 1
   4              		.eabi_attribute 20, 1
   5              		.eabi_attribute 21, 1
   6              		.eabi_attribute 23, 3
   7              		.eabi_attribute 24, 1
   8              		.eabi_attribute 25, 1
   9              		.eabi_attribute 26, 1
  10              		.eabi_attribute 30, 1
  11              		.eabi_attribute 34, 1
  12              		.eabi_attribute 18, 4
  13              		.file	"stm32f4xx_crc.c"
  14              		.text
  15              	.Ltext0:
  16              		.cfi_sections	.debug_frame
  17              		.section	.text.CRC_ResetDR,"ax",%progbits
  18              		.align	1
  19              		.global	CRC_ResetDR
  20              		.arch armv7e-m
  21              		.syntax unified
  22              		.thumb
  23              		.thumb_func
  24              		.fpu fpv4-sp-d16
  26              	CRC_ResetDR:
  27              	.LFB123:
  28              		.file 1 "STM32F4xx_LIB/periph/src/stm32f4xx_crc.c"
   1:STM32F4xx_LIB/periph/src/stm32f4xx_crc.c **** /**
   2:STM32F4xx_LIB/periph/src/stm32f4xx_crc.c ****   ******************************************************************************
   3:STM32F4xx_LIB/periph/src/stm32f4xx_crc.c ****   * @file    stm32f4xx_crc.c
   4:STM32F4xx_LIB/periph/src/stm32f4xx_crc.c ****   * @author  MCD Application Team
   5:STM32F4xx_LIB/periph/src/stm32f4xx_crc.c ****   * @version V1.8.1
   6:STM32F4xx_LIB/periph/src/stm32f4xx_crc.c ****   * @date    27-January-2022
   7:STM32F4xx_LIB/periph/src/stm32f4xx_crc.c ****   * @brief   This file provides all the CRC firmware functions.
   8:STM32F4xx_LIB/periph/src/stm32f4xx_crc.c ****   ******************************************************************************
   9:STM32F4xx_LIB/periph/src/stm32f4xx_crc.c ****   * @attention
  10:STM32F4xx_LIB/periph/src/stm32f4xx_crc.c ****   *
  11:STM32F4xx_LIB/periph/src/stm32f4xx_crc.c ****   * Copyright (c) 2016 STMicroelectronics.
  12:STM32F4xx_LIB/periph/src/stm32f4xx_crc.c ****   * All rights reserved.
  13:STM32F4xx_LIB/periph/src/stm32f4xx_crc.c ****   *
  14:STM32F4xx_LIB/periph/src/stm32f4xx_crc.c ****   * This software is licensed under terms that can be found in the LICENSE file
  15:STM32F4xx_LIB/periph/src/stm32f4xx_crc.c ****   * in the root directory of this software component.
  16:STM32F4xx_LIB/periph/src/stm32f4xx_crc.c ****   * If no LICENSE file comes with this software, it is provided AS-IS.
  17:STM32F4xx_LIB/periph/src/stm32f4xx_crc.c ****   *
  18:STM32F4xx_LIB/periph/src/stm32f4xx_crc.c ****   ******************************************************************************
  19:STM32F4xx_LIB/periph/src/stm32f4xx_crc.c ****   */
  20:STM32F4xx_LIB/periph/src/stm32f4xx_crc.c **** 
  21:STM32F4xx_LIB/periph/src/stm32f4xx_crc.c **** /* Includes ------------------------------------------------------------------*/
  22:STM32F4xx_LIB/periph/src/stm32f4xx_crc.c **** #include "stm32f4xx_crc.h"
  23:STM32F4xx_LIB/periph/src/stm32f4xx_crc.c **** 
  24:STM32F4xx_LIB/periph/src/stm32f4xx_crc.c **** /** @addtogroup STM32F4xx_StdPeriph_Driver
  25:STM32F4xx_LIB/periph/src/stm32f4xx_crc.c ****   * @{
  26:STM32F4xx_LIB/periph/src/stm32f4xx_crc.c ****   */
  27:STM32F4xx_LIB/periph/src/stm32f4xx_crc.c **** 
  28:STM32F4xx_LIB/periph/src/stm32f4xx_crc.c **** /** @defgroup CRC 
  29:STM32F4xx_LIB/periph/src/stm32f4xx_crc.c ****   * @brief CRC driver modules
  30:STM32F4xx_LIB/periph/src/stm32f4xx_crc.c ****   * @{
ARM GAS  C:\Users\京垓\AppData\Local\Temp\ccZH7mVo.s 			page 2


  31:STM32F4xx_LIB/periph/src/stm32f4xx_crc.c ****   */
  32:STM32F4xx_LIB/periph/src/stm32f4xx_crc.c **** 
  33:STM32F4xx_LIB/periph/src/stm32f4xx_crc.c **** /* Private typedef -----------------------------------------------------------*/
  34:STM32F4xx_LIB/periph/src/stm32f4xx_crc.c **** /* Private define ------------------------------------------------------------*/
  35:STM32F4xx_LIB/periph/src/stm32f4xx_crc.c **** /* Private macro -------------------------------------------------------------*/
  36:STM32F4xx_LIB/periph/src/stm32f4xx_crc.c **** /* Private variables ---------------------------------------------------------*/
  37:STM32F4xx_LIB/periph/src/stm32f4xx_crc.c **** /* Private function prototypes -----------------------------------------------*/
  38:STM32F4xx_LIB/periph/src/stm32f4xx_crc.c **** /* Private functions ---------------------------------------------------------*/
  39:STM32F4xx_LIB/periph/src/stm32f4xx_crc.c **** 
  40:STM32F4xx_LIB/periph/src/stm32f4xx_crc.c **** /** @defgroup CRC_Private_Functions
  41:STM32F4xx_LIB/periph/src/stm32f4xx_crc.c ****   * @{
  42:STM32F4xx_LIB/periph/src/stm32f4xx_crc.c ****   */
  43:STM32F4xx_LIB/periph/src/stm32f4xx_crc.c **** 
  44:STM32F4xx_LIB/periph/src/stm32f4xx_crc.c **** /**
  45:STM32F4xx_LIB/periph/src/stm32f4xx_crc.c ****   * @brief  Resets the CRC Data register (DR).
  46:STM32F4xx_LIB/periph/src/stm32f4xx_crc.c ****   * @param  None
  47:STM32F4xx_LIB/periph/src/stm32f4xx_crc.c ****   * @retval None
  48:STM32F4xx_LIB/periph/src/stm32f4xx_crc.c ****   */
  49:STM32F4xx_LIB/periph/src/stm32f4xx_crc.c **** void CRC_ResetDR(void)
  50:STM32F4xx_LIB/periph/src/stm32f4xx_crc.c **** {
  29              		.loc 1 50 1 view -0
  30              		.cfi_startproc
  31              		@ args = 0, pretend = 0, frame = 0
  32              		@ frame_needed = 0, uses_anonymous_args = 0
  33              		@ link register save eliminated.
  51:STM32F4xx_LIB/periph/src/stm32f4xx_crc.c ****   /* Reset CRC generator */
  52:STM32F4xx_LIB/periph/src/stm32f4xx_crc.c ****   CRC->CR = CRC_CR_RESET;
  34              		.loc 1 52 3 view .LVU1
  35              		.loc 1 52 11 is_stmt 0 view .LVU2
  36 0000 014B     		ldr	r3, .L2
  37 0002 0122     		movs	r2, #1
  38 0004 9A60     		str	r2, [r3, #8]
  53:STM32F4xx_LIB/periph/src/stm32f4xx_crc.c **** }
  39              		.loc 1 53 1 view .LVU3
  40 0006 7047     		bx	lr
  41              	.L3:
  42              		.align	2
  43              	.L2:
  44 0008 00300240 		.word	1073885184
  45              		.cfi_endproc
  46              	.LFE123:
  48              		.section	.text.CRC_CalcCRC,"ax",%progbits
  49              		.align	1
  50              		.global	CRC_CalcCRC
  51              		.syntax unified
  52              		.thumb
  53              		.thumb_func
  54              		.fpu fpv4-sp-d16
  56              	CRC_CalcCRC:
  57              	.LVL0:
  58              	.LFB124:
  54:STM32F4xx_LIB/periph/src/stm32f4xx_crc.c **** 
  55:STM32F4xx_LIB/periph/src/stm32f4xx_crc.c **** /**
  56:STM32F4xx_LIB/periph/src/stm32f4xx_crc.c ****   * @brief  Computes the 32-bit CRC of a given data word(32-bit).
  57:STM32F4xx_LIB/periph/src/stm32f4xx_crc.c ****   * @param  Data: data word(32-bit) to compute its CRC
  58:STM32F4xx_LIB/periph/src/stm32f4xx_crc.c ****   * @retval 32-bit CRC
  59:STM32F4xx_LIB/periph/src/stm32f4xx_crc.c ****   */
ARM GAS  C:\Users\京垓\AppData\Local\Temp\ccZH7mVo.s 			page 3


  60:STM32F4xx_LIB/periph/src/stm32f4xx_crc.c **** uint32_t CRC_CalcCRC(uint32_t Data)
  61:STM32F4xx_LIB/periph/src/stm32f4xx_crc.c **** {
  59              		.loc 1 61 1 is_stmt 1 view -0
  60              		.cfi_startproc
  61              		@ args = 0, pretend = 0, frame = 0
  62              		@ frame_needed = 0, uses_anonymous_args = 0
  63              		@ link register save eliminated.
  62:STM32F4xx_LIB/periph/src/stm32f4xx_crc.c ****   CRC->DR = Data;
  64              		.loc 1 62 3 view .LVU5
  65              		.loc 1 62 11 is_stmt 0 view .LVU6
  66 0000 014B     		ldr	r3, .L5
  67 0002 1860     		str	r0, [r3]
  63:STM32F4xx_LIB/periph/src/stm32f4xx_crc.c ****   
  64:STM32F4xx_LIB/periph/src/stm32f4xx_crc.c ****   return (CRC->DR);
  68              		.loc 1 64 3 is_stmt 1 view .LVU7
  69              		.loc 1 64 14 is_stmt 0 view .LVU8
  70 0004 1868     		ldr	r0, [r3]
  71              	.LVL1:
  65:STM32F4xx_LIB/periph/src/stm32f4xx_crc.c **** }
  72              		.loc 1 65 1 view .LVU9
  73 0006 7047     		bx	lr
  74              	.L6:
  75              		.align	2
  76              	.L5:
  77 0008 00300240 		.word	1073885184
  78              		.cfi_endproc
  79              	.LFE124:
  81              		.section	.text.CRC_CalcBlockCRC,"ax",%progbits
  82              		.align	1
  83              		.global	CRC_CalcBlockCRC
  84              		.syntax unified
  85              		.thumb
  86              		.thumb_func
  87              		.fpu fpv4-sp-d16
  89              	CRC_CalcBlockCRC:
  90              	.LVL2:
  91              	.LFB125:
  66:STM32F4xx_LIB/periph/src/stm32f4xx_crc.c **** 
  67:STM32F4xx_LIB/periph/src/stm32f4xx_crc.c **** /**
  68:STM32F4xx_LIB/periph/src/stm32f4xx_crc.c ****   * @brief  Computes the 32-bit CRC of a given buffer of data word(32-bit).
  69:STM32F4xx_LIB/periph/src/stm32f4xx_crc.c ****   * @param  pBuffer: pointer to the buffer containing the data to be computed
  70:STM32F4xx_LIB/periph/src/stm32f4xx_crc.c ****   * @param  BufferLength: length of the buffer to be computed					
  71:STM32F4xx_LIB/periph/src/stm32f4xx_crc.c ****   * @retval 32-bit CRC
  72:STM32F4xx_LIB/periph/src/stm32f4xx_crc.c ****   */
  73:STM32F4xx_LIB/periph/src/stm32f4xx_crc.c **** uint32_t CRC_CalcBlockCRC(uint32_t pBuffer[], uint32_t BufferLength)
  74:STM32F4xx_LIB/periph/src/stm32f4xx_crc.c **** {
  92              		.loc 1 74 1 is_stmt 1 view -0
  93              		.cfi_startproc
  94              		@ args = 0, pretend = 0, frame = 0
  95              		@ frame_needed = 0, uses_anonymous_args = 0
  96              		@ link register save eliminated.
  75:STM32F4xx_LIB/periph/src/stm32f4xx_crc.c ****   uint32_t index = 0;
  97              		.loc 1 75 3 view .LVU11
  76:STM32F4xx_LIB/periph/src/stm32f4xx_crc.c ****   
  77:STM32F4xx_LIB/periph/src/stm32f4xx_crc.c ****   for(index = 0; index < BufferLength; index++)
  98              		.loc 1 77 3 view .LVU12
  99              		.loc 1 77 13 is_stmt 0 view .LVU13
ARM GAS  C:\Users\京垓\AppData\Local\Temp\ccZH7mVo.s 			page 4


 100 0000 0023     		movs	r3, #0
 101              	.LVL3:
 102              		.loc 1 77 18 is_stmt 1 view .LVU14
 103              		.loc 1 77 3 is_stmt 0 view .LVU15
 104 0002 8B42     		cmp	r3, r1
 105 0004 0CD2     		bcs	.L14
  74:STM32F4xx_LIB/periph/src/stm32f4xx_crc.c ****   uint32_t index = 0;
 106              		.loc 1 74 1 view .LVU16
 107 0006 10B4     		push	{r4}
 108              	.LCFI0:
 109              		.cfi_def_cfa_offset 4
 110              		.cfi_offset 4, -4
 111              	.L9:
  78:STM32F4xx_LIB/periph/src/stm32f4xx_crc.c ****   {
  79:STM32F4xx_LIB/periph/src/stm32f4xx_crc.c ****     CRC->DR = pBuffer[index];
 112              		.loc 1 79 5 is_stmt 1 discriminator 3 view .LVU17
 113              		.loc 1 79 22 is_stmt 0 discriminator 3 view .LVU18
 114 0008 50F82340 		ldr	r4, [r0, r3, lsl #2]
 115              		.loc 1 79 13 discriminator 3 view .LVU19
 116 000c 064A     		ldr	r2, .L15
 117 000e 1460     		str	r4, [r2]
  77:STM32F4xx_LIB/periph/src/stm32f4xx_crc.c ****   {
 118              		.loc 1 77 40 is_stmt 1 discriminator 3 view .LVU20
  77:STM32F4xx_LIB/periph/src/stm32f4xx_crc.c ****   {
 119              		.loc 1 77 45 is_stmt 0 discriminator 3 view .LVU21
 120 0010 0133     		adds	r3, r3, #1
 121              	.LVL4:
  77:STM32F4xx_LIB/periph/src/stm32f4xx_crc.c ****   {
 122              		.loc 1 77 18 is_stmt 1 discriminator 3 view .LVU22
  77:STM32F4xx_LIB/periph/src/stm32f4xx_crc.c ****   {
 123              		.loc 1 77 3 is_stmt 0 discriminator 3 view .LVU23
 124 0012 8B42     		cmp	r3, r1
 125 0014 F8D3     		bcc	.L9
  80:STM32F4xx_LIB/periph/src/stm32f4xx_crc.c ****   }
  81:STM32F4xx_LIB/periph/src/stm32f4xx_crc.c ****   return (CRC->DR);
 126              		.loc 1 81 3 is_stmt 1 view .LVU24
 127              		.loc 1 81 14 is_stmt 0 view .LVU25
 128 0016 044B     		ldr	r3, .L15
 129              	.LVL5:
 130              		.loc 1 81 14 view .LVU26
 131 0018 1868     		ldr	r0, [r3]
 132              	.LVL6:
  82:STM32F4xx_LIB/periph/src/stm32f4xx_crc.c **** }
 133              		.loc 1 82 1 view .LVU27
 134 001a 5DF8044B 		ldr	r4, [sp], #4
 135              	.LCFI1:
 136              		.cfi_restore 4
 137              		.cfi_def_cfa_offset 0
 138 001e 7047     		bx	lr
 139              	.LVL7:
 140              	.L14:
  81:STM32F4xx_LIB/periph/src/stm32f4xx_crc.c **** }
 141              		.loc 1 81 3 is_stmt 1 view .LVU28
  81:STM32F4xx_LIB/periph/src/stm32f4xx_crc.c **** }
 142              		.loc 1 81 14 is_stmt 0 view .LVU29
 143 0020 014B     		ldr	r3, .L15
 144              	.LVL8:
ARM GAS  C:\Users\京垓\AppData\Local\Temp\ccZH7mVo.s 			page 5


  81:STM32F4xx_LIB/periph/src/stm32f4xx_crc.c **** }
 145              		.loc 1 81 14 view .LVU30
 146 0022 1868     		ldr	r0, [r3]
 147              	.LVL9:
 148              		.loc 1 82 1 view .LVU31
 149 0024 7047     		bx	lr
 150              	.L16:
 151 0026 00BF     		.align	2
 152              	.L15:
 153 0028 00300240 		.word	1073885184
 154              		.cfi_endproc
 155              	.LFE125:
 157              		.section	.text.CRC_GetCRC,"ax",%progbits
 158              		.align	1
 159              		.global	CRC_GetCRC
 160              		.syntax unified
 161              		.thumb
 162              		.thumb_func
 163              		.fpu fpv4-sp-d16
 165              	CRC_GetCRC:
 166              	.LFB126:
  83:STM32F4xx_LIB/periph/src/stm32f4xx_crc.c **** 
  84:STM32F4xx_LIB/periph/src/stm32f4xx_crc.c **** /**
  85:STM32F4xx_LIB/periph/src/stm32f4xx_crc.c ****   * @brief  Returns the current CRC value.
  86:STM32F4xx_LIB/periph/src/stm32f4xx_crc.c ****   * @param  None
  87:STM32F4xx_LIB/periph/src/stm32f4xx_crc.c ****   * @retval 32-bit CRC
  88:STM32F4xx_LIB/periph/src/stm32f4xx_crc.c ****   */
  89:STM32F4xx_LIB/periph/src/stm32f4xx_crc.c **** uint32_t CRC_GetCRC(void)
  90:STM32F4xx_LIB/periph/src/stm32f4xx_crc.c **** {
 167              		.loc 1 90 1 is_stmt 1 view -0
 168              		.cfi_startproc
 169              		@ args = 0, pretend = 0, frame = 0
 170              		@ frame_needed = 0, uses_anonymous_args = 0
 171              		@ link register save eliminated.
  91:STM32F4xx_LIB/periph/src/stm32f4xx_crc.c ****   return (CRC->DR);
 172              		.loc 1 91 3 view .LVU33
 173              		.loc 1 91 14 is_stmt 0 view .LVU34
 174 0000 014B     		ldr	r3, .L18
 175 0002 1868     		ldr	r0, [r3]
  92:STM32F4xx_LIB/periph/src/stm32f4xx_crc.c **** }
 176              		.loc 1 92 1 view .LVU35
 177 0004 7047     		bx	lr
 178              	.L19:
 179 0006 00BF     		.align	2
 180              	.L18:
 181 0008 00300240 		.word	1073885184
 182              		.cfi_endproc
 183              	.LFE126:
 185              		.section	.text.CRC_SetIDRegister,"ax",%progbits
 186              		.align	1
 187              		.global	CRC_SetIDRegister
 188              		.syntax unified
 189              		.thumb
 190              		.thumb_func
 191              		.fpu fpv4-sp-d16
 193              	CRC_SetIDRegister:
 194              	.LVL10:
ARM GAS  C:\Users\京垓\AppData\Local\Temp\ccZH7mVo.s 			page 6


 195              	.LFB127:
  93:STM32F4xx_LIB/periph/src/stm32f4xx_crc.c **** 
  94:STM32F4xx_LIB/periph/src/stm32f4xx_crc.c **** /**
  95:STM32F4xx_LIB/periph/src/stm32f4xx_crc.c ****   * @brief  Stores a 8-bit data in the Independent Data(ID) register.
  96:STM32F4xx_LIB/periph/src/stm32f4xx_crc.c ****   * @param  IDValue: 8-bit value to be stored in the ID register 					
  97:STM32F4xx_LIB/periph/src/stm32f4xx_crc.c ****   * @retval None
  98:STM32F4xx_LIB/periph/src/stm32f4xx_crc.c ****   */
  99:STM32F4xx_LIB/periph/src/stm32f4xx_crc.c **** void CRC_SetIDRegister(uint8_t IDValue)
 100:STM32F4xx_LIB/periph/src/stm32f4xx_crc.c **** {
 196              		.loc 1 100 1 is_stmt 1 view -0
 197              		.cfi_startproc
 198              		@ args = 0, pretend = 0, frame = 0
 199              		@ frame_needed = 0, uses_anonymous_args = 0
 200              		@ link register save eliminated.
 101:STM32F4xx_LIB/periph/src/stm32f4xx_crc.c ****   CRC->IDR = IDValue;
 201              		.loc 1 101 3 view .LVU37
 202              		.loc 1 101 12 is_stmt 0 view .LVU38
 203 0000 014B     		ldr	r3, .L21
 204 0002 1871     		strb	r0, [r3, #4]
 102:STM32F4xx_LIB/periph/src/stm32f4xx_crc.c **** }
 205              		.loc 1 102 1 view .LVU39
 206 0004 7047     		bx	lr
 207              	.L22:
 208 0006 00BF     		.align	2
 209              	.L21:
 210 0008 00300240 		.word	1073885184
 211              		.cfi_endproc
 212              	.LFE127:
 214              		.section	.text.CRC_GetIDRegister,"ax",%progbits
 215              		.align	1
 216              		.global	CRC_GetIDRegister
 217              		.syntax unified
 218              		.thumb
 219              		.thumb_func
 220              		.fpu fpv4-sp-d16
 222              	CRC_GetIDRegister:
 223              	.LFB128:
 103:STM32F4xx_LIB/periph/src/stm32f4xx_crc.c **** 
 104:STM32F4xx_LIB/periph/src/stm32f4xx_crc.c **** /**
 105:STM32F4xx_LIB/periph/src/stm32f4xx_crc.c ****   * @brief  Returns the 8-bit data stored in the Independent Data(ID) register
 106:STM32F4xx_LIB/periph/src/stm32f4xx_crc.c ****   * @param  None
 107:STM32F4xx_LIB/periph/src/stm32f4xx_crc.c ****   * @retval 8-bit value of the ID register 
 108:STM32F4xx_LIB/periph/src/stm32f4xx_crc.c ****   */
 109:STM32F4xx_LIB/periph/src/stm32f4xx_crc.c **** uint8_t CRC_GetIDRegister(void)
 110:STM32F4xx_LIB/periph/src/stm32f4xx_crc.c **** {
 224              		.loc 1 110 1 is_stmt 1 view -0
 225              		.cfi_startproc
 226              		@ args = 0, pretend = 0, frame = 0
 227              		@ frame_needed = 0, uses_anonymous_args = 0
 228              		@ link register save eliminated.
 111:STM32F4xx_LIB/periph/src/stm32f4xx_crc.c ****   return (CRC->IDR);
 229              		.loc 1 111 3 view .LVU41
 230              		.loc 1 111 14 is_stmt 0 view .LVU42
 231 0000 014B     		ldr	r3, .L24
 232 0002 1879     		ldrb	r0, [r3, #4]	@ zero_extendqisi2
 112:STM32F4xx_LIB/periph/src/stm32f4xx_crc.c **** }
 233              		.loc 1 112 1 view .LVU43
ARM GAS  C:\Users\京垓\AppData\Local\Temp\ccZH7mVo.s 			page 7


 234 0004 7047     		bx	lr
 235              	.L25:
 236 0006 00BF     		.align	2
 237              	.L24:
 238 0008 00300240 		.word	1073885184
 239              		.cfi_endproc
 240              	.LFE128:
 242              		.text
 243              	.Letext0:
 244              		.file 2 "d:\\gcc_tool\\gnu_tool_arm_embedded\\arm-none-eabi\\include\\machine\\_default_types.h"
 245              		.file 3 "d:\\gcc_tool\\gnu_tool_arm_embedded\\arm-none-eabi\\include\\sys\\_stdint.h"
 246              		.file 4 "STM32F4xx_LIB/core/core_cm4.h"
 247              		.file 5 "User/system_stm32f4xx.h"
 248              		.file 6 "User/stm32f4xx.h"
ARM GAS  C:\Users\京垓\AppData\Local\Temp\ccZH7mVo.s 			page 8


DEFINED SYMBOLS
                            *ABS*:00000000 stm32f4xx_crc.c
C:\Users\京垓\AppData\Local\Temp\ccZH7mVo.s:18     .text.CRC_ResetDR:00000000 $t
C:\Users\京垓\AppData\Local\Temp\ccZH7mVo.s:26     .text.CRC_ResetDR:00000000 CRC_ResetDR
C:\Users\京垓\AppData\Local\Temp\ccZH7mVo.s:44     .text.CRC_ResetDR:00000008 $d
C:\Users\京垓\AppData\Local\Temp\ccZH7mVo.s:49     .text.CRC_CalcCRC:00000000 $t
C:\Users\京垓\AppData\Local\Temp\ccZH7mVo.s:56     .text.CRC_CalcCRC:00000000 CRC_CalcCRC
C:\Users\京垓\AppData\Local\Temp\ccZH7mVo.s:77     .text.CRC_CalcCRC:00000008 $d
C:\Users\京垓\AppData\Local\Temp\ccZH7mVo.s:82     .text.CRC_CalcBlockCRC:00000000 $t
C:\Users\京垓\AppData\Local\Temp\ccZH7mVo.s:89     .text.CRC_CalcBlockCRC:00000000 CRC_CalcBlockCRC
C:\Users\京垓\AppData\Local\Temp\ccZH7mVo.s:153    .text.CRC_CalcBlockCRC:00000028 $d
C:\Users\京垓\AppData\Local\Temp\ccZH7mVo.s:158    .text.CRC_GetCRC:00000000 $t
C:\Users\京垓\AppData\Local\Temp\ccZH7mVo.s:165    .text.CRC_GetCRC:00000000 CRC_GetCRC
C:\Users\京垓\AppData\Local\Temp\ccZH7mVo.s:181    .text.CRC_GetCRC:00000008 $d
C:\Users\京垓\AppData\Local\Temp\ccZH7mVo.s:186    .text.CRC_SetIDRegister:00000000 $t
C:\Users\京垓\AppData\Local\Temp\ccZH7mVo.s:193    .text.CRC_SetIDRegister:00000000 CRC_SetIDRegister
C:\Users\京垓\AppData\Local\Temp\ccZH7mVo.s:210    .text.CRC_SetIDRegister:00000008 $d
C:\Users\京垓\AppData\Local\Temp\ccZH7mVo.s:215    .text.CRC_GetIDRegister:00000000 $t
C:\Users\京垓\AppData\Local\Temp\ccZH7mVo.s:222    .text.CRC_GetIDRegister:00000000 CRC_GetIDRegister
C:\Users\京垓\AppData\Local\Temp\ccZH7mVo.s:238    .text.CRC_GetIDRegister:00000008 $d

NO UNDEFINED SYMBOLS
