ARM GAS  C:\Users\京垓\AppData\Local\Temp\ccb7P8ar.s 			page 1


   1              		.cpu cortex-m4
   2              		.eabi_attribute 27, 1
   3              		.eabi_attribute 28, 1
   4              		.eabi_attribute 20, 1
   5              		.eabi_attribute 21, 1
   6              		.eabi_attribute 23, 3
   7              		.eabi_attribute 24, 1
   8              		.eabi_attribute 25, 1
   9              		.eabi_attribute 26, 1
  10              		.eabi_attribute 30, 1
  11              		.eabi_attribute 34, 1
  12              		.eabi_attribute 18, 4
  13              		.file	"stm32f4xx_gpio.c"
  14              		.text
  15              	.Ltext0:
  16              		.cfi_sections	.debug_frame
  17              		.section	.text.GPIO_DeInit,"ax",%progbits
  18              		.align	1
  19              		.global	GPIO_DeInit
  20              		.arch armv7e-m
  21              		.syntax unified
  22              		.thumb
  23              		.thumb_func
  24              		.fpu fpv4-sp-d16
  26              	GPIO_DeInit:
  27              	.LVL0:
  28              	.LFB123:
  29              		.file 1 "STM32F4xx_LIB/periph/src/stm32f4xx_gpio.c"
   1:STM32F4xx_LIB/periph/src/stm32f4xx_gpio.c **** /**
   2:STM32F4xx_LIB/periph/src/stm32f4xx_gpio.c ****   ******************************************************************************
   3:STM32F4xx_LIB/periph/src/stm32f4xx_gpio.c ****   * @file    stm32f4xx_gpio.c
   4:STM32F4xx_LIB/periph/src/stm32f4xx_gpio.c ****   * @author  MCD Application Team
   5:STM32F4xx_LIB/periph/src/stm32f4xx_gpio.c ****   * @version V1.8.1
   6:STM32F4xx_LIB/periph/src/stm32f4xx_gpio.c ****   * @date    27-January-2022
   7:STM32F4xx_LIB/periph/src/stm32f4xx_gpio.c ****   * @brief   This file provides firmware functions to manage the following 
   8:STM32F4xx_LIB/periph/src/stm32f4xx_gpio.c ****   *          functionalities of the GPIO peripheral:           
   9:STM32F4xx_LIB/periph/src/stm32f4xx_gpio.c ****   *           + Initialization and Configuration
  10:STM32F4xx_LIB/periph/src/stm32f4xx_gpio.c ****   *           + GPIO Read and Write
  11:STM32F4xx_LIB/periph/src/stm32f4xx_gpio.c ****   *           + GPIO Alternate functions configuration
  12:STM32F4xx_LIB/periph/src/stm32f4xx_gpio.c ****   * 
  13:STM32F4xx_LIB/periph/src/stm32f4xx_gpio.c **** @verbatim  
  14:STM32F4xx_LIB/periph/src/stm32f4xx_gpio.c ****  ===============================================================================
  15:STM32F4xx_LIB/periph/src/stm32f4xx_gpio.c ****                       ##### How to use this driver #####
  16:STM32F4xx_LIB/periph/src/stm32f4xx_gpio.c ****  ===============================================================================       
  17:STM32F4xx_LIB/periph/src/stm32f4xx_gpio.c ****  [..]             
  18:STM32F4xx_LIB/periph/src/stm32f4xx_gpio.c ****    (#) Enable the GPIO AHB clock using the following function
  19:STM32F4xx_LIB/periph/src/stm32f4xx_gpio.c ****        RCC_AHB1PeriphClockCmd(RCC_AHB1Periph_GPIOx, ENABLE);
  20:STM32F4xx_LIB/periph/src/stm32f4xx_gpio.c ****                
  21:STM32F4xx_LIB/periph/src/stm32f4xx_gpio.c ****    (#) Configure the GPIO pin(s) using GPIO_Init()
  22:STM32F4xx_LIB/periph/src/stm32f4xx_gpio.c ****        Four possible configuration are available for each pin:
  23:STM32F4xx_LIB/periph/src/stm32f4xx_gpio.c ****        (++) Input: Floating, Pull-up, Pull-down.
  24:STM32F4xx_LIB/periph/src/stm32f4xx_gpio.c ****        (++) Output: Push-Pull (Pull-up, Pull-down or no Pull)
  25:STM32F4xx_LIB/periph/src/stm32f4xx_gpio.c ****             Open Drain (Pull-up, Pull-down or no Pull). In output mode, the speed 
  26:STM32F4xx_LIB/periph/src/stm32f4xx_gpio.c ****             is configurable: 2 MHz, 25 MHz, 50 MHz or 100 MHz.
  27:STM32F4xx_LIB/periph/src/stm32f4xx_gpio.c ****        (++) Alternate Function: Push-Pull (Pull-up, Pull-down or no Pull) Open 
  28:STM32F4xx_LIB/periph/src/stm32f4xx_gpio.c ****             Drain (Pull-up, Pull-down or no Pull).
  29:STM32F4xx_LIB/periph/src/stm32f4xx_gpio.c ****        (++) Analog: required mode when a pin is to be used as ADC channel or DAC 
ARM GAS  C:\Users\京垓\AppData\Local\Temp\ccb7P8ar.s 			page 2


  30:STM32F4xx_LIB/periph/src/stm32f4xx_gpio.c ****             output.
  31:STM32F4xx_LIB/periph/src/stm32f4xx_gpio.c ****    
  32:STM32F4xx_LIB/periph/src/stm32f4xx_gpio.c ****    (#) Peripherals alternate function:
  33:STM32F4xx_LIB/periph/src/stm32f4xx_gpio.c ****        (++) For ADC and DAC, configure the desired pin in analog mode using 
  34:STM32F4xx_LIB/periph/src/stm32f4xx_gpio.c ****             GPIO_InitStruct->GPIO_Mode = GPIO_Mode_AN;
  35:STM32F4xx_LIB/periph/src/stm32f4xx_gpio.c ****             (+++) For other peripherals (TIM, USART...):
  36:STM32F4xx_LIB/periph/src/stm32f4xx_gpio.c ****             (+++) Connect the pin to the desired peripherals' Alternate 
  37:STM32F4xx_LIB/periph/src/stm32f4xx_gpio.c ****                      Function (AF) using GPIO_PinAFConfig() function
  38:STM32F4xx_LIB/periph/src/stm32f4xx_gpio.c ****             (+++) Configure the desired pin in alternate function mode using
  39:STM32F4xx_LIB/periph/src/stm32f4xx_gpio.c ****                      GPIO_InitStruct->GPIO_Mode = GPIO_Mode_AF
  40:STM32F4xx_LIB/periph/src/stm32f4xx_gpio.c ****             (+++) Select the type, pull-up/pull-down and output speed via 
  41:STM32F4xx_LIB/periph/src/stm32f4xx_gpio.c ****                      GPIO_PuPd, GPIO_OType and GPIO_Speed members
  42:STM32F4xx_LIB/periph/src/stm32f4xx_gpio.c ****             (+++) Call GPIO_Init() function
  43:STM32F4xx_LIB/periph/src/stm32f4xx_gpio.c ****           
  44:STM32F4xx_LIB/periph/src/stm32f4xx_gpio.c ****    (#) To get the level of a pin configured in input mode use GPIO_ReadInputDataBit()
  45:STM32F4xx_LIB/periph/src/stm32f4xx_gpio.c ****             
  46:STM32F4xx_LIB/periph/src/stm32f4xx_gpio.c ****    (#) To set/reset the level of a pin configured in output mode use 
  47:STM32F4xx_LIB/periph/src/stm32f4xx_gpio.c ****        GPIO_SetBits()/GPIO_ResetBits()
  48:STM32F4xx_LIB/periph/src/stm32f4xx_gpio.c ****                  
  49:STM32F4xx_LIB/periph/src/stm32f4xx_gpio.c ****    (#) During and just after reset, the alternate functions are not 
  50:STM32F4xx_LIB/periph/src/stm32f4xx_gpio.c ****        active and the GPIO pins are configured in input floating mode (except JTAG
  51:STM32F4xx_LIB/periph/src/stm32f4xx_gpio.c ****        pins).
  52:STM32F4xx_LIB/periph/src/stm32f4xx_gpio.c ****   
  53:STM32F4xx_LIB/periph/src/stm32f4xx_gpio.c ****    (#) The LSE oscillator pins OSC32_IN and OSC32_OUT can be used as general purpose 
  54:STM32F4xx_LIB/periph/src/stm32f4xx_gpio.c ****        (PC14 and PC15, respectively) when the LSE oscillator is off. The LSE has 
  55:STM32F4xx_LIB/periph/src/stm32f4xx_gpio.c ****        priority over the GPIO function.
  56:STM32F4xx_LIB/periph/src/stm32f4xx_gpio.c ****   
  57:STM32F4xx_LIB/periph/src/stm32f4xx_gpio.c ****    (#) The HSE oscillator pins OSC_IN/OSC_OUT can be used as 
  58:STM32F4xx_LIB/periph/src/stm32f4xx_gpio.c ****        general purpose PH0 and PH1, respectively, when the HSE oscillator is off. 
  59:STM32F4xx_LIB/periph/src/stm32f4xx_gpio.c ****        The HSE has priority over the GPIO function.
  60:STM32F4xx_LIB/periph/src/stm32f4xx_gpio.c ****                
  61:STM32F4xx_LIB/periph/src/stm32f4xx_gpio.c **** @endverbatim        
  62:STM32F4xx_LIB/periph/src/stm32f4xx_gpio.c ****   *
  63:STM32F4xx_LIB/periph/src/stm32f4xx_gpio.c ****   ******************************************************************************
  64:STM32F4xx_LIB/periph/src/stm32f4xx_gpio.c ****   * @attention
  65:STM32F4xx_LIB/periph/src/stm32f4xx_gpio.c ****   *
  66:STM32F4xx_LIB/periph/src/stm32f4xx_gpio.c ****   * Copyright (c) 2016 STMicroelectronics.
  67:STM32F4xx_LIB/periph/src/stm32f4xx_gpio.c ****   * All rights reserved.
  68:STM32F4xx_LIB/periph/src/stm32f4xx_gpio.c ****   *
  69:STM32F4xx_LIB/periph/src/stm32f4xx_gpio.c ****   * This software is licensed under terms that can be found in the LICENSE file
  70:STM32F4xx_LIB/periph/src/stm32f4xx_gpio.c ****   * in the root directory of this software component.
  71:STM32F4xx_LIB/periph/src/stm32f4xx_gpio.c ****   * If no LICENSE file comes with this software, it is provided AS-IS.
  72:STM32F4xx_LIB/periph/src/stm32f4xx_gpio.c ****   *
  73:STM32F4xx_LIB/periph/src/stm32f4xx_gpio.c ****   ******************************************************************************
  74:STM32F4xx_LIB/periph/src/stm32f4xx_gpio.c ****   */
  75:STM32F4xx_LIB/periph/src/stm32f4xx_gpio.c **** 
  76:STM32F4xx_LIB/periph/src/stm32f4xx_gpio.c **** /* Includes ------------------------------------------------------------------*/
  77:STM32F4xx_LIB/periph/src/stm32f4xx_gpio.c **** #include "stm32f4xx_gpio.h"
  78:STM32F4xx_LIB/periph/src/stm32f4xx_gpio.c **** #include "stm32f4xx_rcc.h"
  79:STM32F4xx_LIB/periph/src/stm32f4xx_gpio.c **** 
  80:STM32F4xx_LIB/periph/src/stm32f4xx_gpio.c **** /** @addtogroup STM32F4xx_StdPeriph_Driver
  81:STM32F4xx_LIB/periph/src/stm32f4xx_gpio.c ****   * @{
  82:STM32F4xx_LIB/periph/src/stm32f4xx_gpio.c ****   */
  83:STM32F4xx_LIB/periph/src/stm32f4xx_gpio.c **** 
  84:STM32F4xx_LIB/periph/src/stm32f4xx_gpio.c **** /** @defgroup GPIO 
  85:STM32F4xx_LIB/periph/src/stm32f4xx_gpio.c ****   * @brief GPIO driver modules
  86:STM32F4xx_LIB/periph/src/stm32f4xx_gpio.c ****   * @{
ARM GAS  C:\Users\京垓\AppData\Local\Temp\ccb7P8ar.s 			page 3


  87:STM32F4xx_LIB/periph/src/stm32f4xx_gpio.c ****   */ 
  88:STM32F4xx_LIB/periph/src/stm32f4xx_gpio.c **** 
  89:STM32F4xx_LIB/periph/src/stm32f4xx_gpio.c **** /* Private typedef -----------------------------------------------------------*/
  90:STM32F4xx_LIB/periph/src/stm32f4xx_gpio.c **** /* Private define ------------------------------------------------------------*/
  91:STM32F4xx_LIB/periph/src/stm32f4xx_gpio.c **** /* Private macro -------------------------------------------------------------*/
  92:STM32F4xx_LIB/periph/src/stm32f4xx_gpio.c **** /* Private variables ---------------------------------------------------------*/
  93:STM32F4xx_LIB/periph/src/stm32f4xx_gpio.c **** /* Private function prototypes -----------------------------------------------*/
  94:STM32F4xx_LIB/periph/src/stm32f4xx_gpio.c **** /* Private functions ---------------------------------------------------------*/
  95:STM32F4xx_LIB/periph/src/stm32f4xx_gpio.c **** 
  96:STM32F4xx_LIB/periph/src/stm32f4xx_gpio.c **** /** @defgroup GPIO_Private_Functions
  97:STM32F4xx_LIB/periph/src/stm32f4xx_gpio.c ****   * @{
  98:STM32F4xx_LIB/periph/src/stm32f4xx_gpio.c ****   */ 
  99:STM32F4xx_LIB/periph/src/stm32f4xx_gpio.c **** 
 100:STM32F4xx_LIB/periph/src/stm32f4xx_gpio.c **** /** @defgroup GPIO_Group1 Initialization and Configuration
 101:STM32F4xx_LIB/periph/src/stm32f4xx_gpio.c ****  *  @brief   Initialization and Configuration
 102:STM32F4xx_LIB/periph/src/stm32f4xx_gpio.c ****  *
 103:STM32F4xx_LIB/periph/src/stm32f4xx_gpio.c **** @verbatim   
 104:STM32F4xx_LIB/periph/src/stm32f4xx_gpio.c ****  ===============================================================================
 105:STM32F4xx_LIB/periph/src/stm32f4xx_gpio.c ****                  ##### Initialization and Configuration #####
 106:STM32F4xx_LIB/periph/src/stm32f4xx_gpio.c ****  ===============================================================================  
 107:STM32F4xx_LIB/periph/src/stm32f4xx_gpio.c **** 
 108:STM32F4xx_LIB/periph/src/stm32f4xx_gpio.c **** @endverbatim
 109:STM32F4xx_LIB/periph/src/stm32f4xx_gpio.c ****   * @{
 110:STM32F4xx_LIB/periph/src/stm32f4xx_gpio.c ****   */
 111:STM32F4xx_LIB/periph/src/stm32f4xx_gpio.c **** 
 112:STM32F4xx_LIB/periph/src/stm32f4xx_gpio.c **** /**
 113:STM32F4xx_LIB/periph/src/stm32f4xx_gpio.c ****   * @brief  De-initializes the GPIOx peripheral registers to their default reset values.
 114:STM32F4xx_LIB/periph/src/stm32f4xx_gpio.c ****   * @note   By default, The GPIO pins are configured in input floating mode (except JTAG pins).
 115:STM32F4xx_LIB/periph/src/stm32f4xx_gpio.c ****   * @param  GPIOx: where x can be (A..K) to select the GPIO peripheral for STM32F405xx/407xx and ST
 116:STM32F4xx_LIB/periph/src/stm32f4xx_gpio.c ****   *                      x can be (A..I) to select the GPIO peripheral for STM32F42xxx/43xxx device
 117:STM32F4xx_LIB/periph/src/stm32f4xx_gpio.c ****   *                      x can be (A, B, C, D and H) to select the GPIO peripheral for STM32F401xx 
 118:STM32F4xx_LIB/periph/src/stm32f4xx_gpio.c ****   * @retval None
 119:STM32F4xx_LIB/periph/src/stm32f4xx_gpio.c ****   */
 120:STM32F4xx_LIB/periph/src/stm32f4xx_gpio.c **** void GPIO_DeInit(GPIO_TypeDef* GPIOx)
 121:STM32F4xx_LIB/periph/src/stm32f4xx_gpio.c **** {
  30              		.loc 1 121 1 view -0
  31              		.cfi_startproc
  32              		@ args = 0, pretend = 0, frame = 0
  33              		@ frame_needed = 0, uses_anonymous_args = 0
  34              		.loc 1 121 1 is_stmt 0 view .LVU1
  35 0000 08B5     		push	{r3, lr}
  36              	.LCFI0:
  37              		.cfi_def_cfa_offset 8
  38              		.cfi_offset 3, -8
  39              		.cfi_offset 14, -4
 122:STM32F4xx_LIB/periph/src/stm32f4xx_gpio.c ****   /* Check the parameters */
 123:STM32F4xx_LIB/periph/src/stm32f4xx_gpio.c ****   assert_param(IS_GPIO_ALL_PERIPH(GPIOx));
  40              		.loc 1 123 3 is_stmt 1 view .LVU2
 124:STM32F4xx_LIB/periph/src/stm32f4xx_gpio.c **** 
 125:STM32F4xx_LIB/periph/src/stm32f4xx_gpio.c ****   if (GPIOx == GPIOA)
  41              		.loc 1 125 3 view .LVU3
  42              		.loc 1 125 6 is_stmt 0 view .LVU4
  43 0002 454B     		ldr	r3, .L24
  44 0004 9842     		cmp	r0, r3
  45 0006 28D0     		beq	.L14
 126:STM32F4xx_LIB/periph/src/stm32f4xx_gpio.c ****   {
 127:STM32F4xx_LIB/periph/src/stm32f4xx_gpio.c ****     RCC_AHB1PeriphResetCmd(RCC_AHB1Periph_GPIOA, ENABLE);
ARM GAS  C:\Users\京垓\AppData\Local\Temp\ccb7P8ar.s 			page 4


 128:STM32F4xx_LIB/periph/src/stm32f4xx_gpio.c ****     RCC_AHB1PeriphResetCmd(RCC_AHB1Periph_GPIOA, DISABLE);
 129:STM32F4xx_LIB/periph/src/stm32f4xx_gpio.c ****   }
 130:STM32F4xx_LIB/periph/src/stm32f4xx_gpio.c ****   else if (GPIOx == GPIOB)
  46              		.loc 1 130 8 is_stmt 1 view .LVU5
  47              		.loc 1 130 11 is_stmt 0 view .LVU6
  48 0008 444B     		ldr	r3, .L24+4
  49 000a 9842     		cmp	r0, r3
  50 000c 2ED0     		beq	.L15
 131:STM32F4xx_LIB/periph/src/stm32f4xx_gpio.c ****   {
 132:STM32F4xx_LIB/periph/src/stm32f4xx_gpio.c ****     RCC_AHB1PeriphResetCmd(RCC_AHB1Periph_GPIOB, ENABLE);
 133:STM32F4xx_LIB/periph/src/stm32f4xx_gpio.c ****     RCC_AHB1PeriphResetCmd(RCC_AHB1Periph_GPIOB, DISABLE);
 134:STM32F4xx_LIB/periph/src/stm32f4xx_gpio.c ****   }
 135:STM32F4xx_LIB/periph/src/stm32f4xx_gpio.c ****   else if (GPIOx == GPIOC)
  51              		.loc 1 135 8 is_stmt 1 view .LVU7
  52              		.loc 1 135 11 is_stmt 0 view .LVU8
  53 000e 444B     		ldr	r3, .L24+8
  54 0010 9842     		cmp	r0, r3
  55 0012 34D0     		beq	.L16
 136:STM32F4xx_LIB/periph/src/stm32f4xx_gpio.c ****   {
 137:STM32F4xx_LIB/periph/src/stm32f4xx_gpio.c ****     RCC_AHB1PeriphResetCmd(RCC_AHB1Periph_GPIOC, ENABLE);
 138:STM32F4xx_LIB/periph/src/stm32f4xx_gpio.c ****     RCC_AHB1PeriphResetCmd(RCC_AHB1Periph_GPIOC, DISABLE);
 139:STM32F4xx_LIB/periph/src/stm32f4xx_gpio.c ****   }
 140:STM32F4xx_LIB/periph/src/stm32f4xx_gpio.c ****   else if (GPIOx == GPIOD)
  56              		.loc 1 140 8 is_stmt 1 view .LVU9
  57              		.loc 1 140 11 is_stmt 0 view .LVU10
  58 0014 434B     		ldr	r3, .L24+12
  59 0016 9842     		cmp	r0, r3
  60 0018 3AD0     		beq	.L17
 141:STM32F4xx_LIB/periph/src/stm32f4xx_gpio.c ****   {
 142:STM32F4xx_LIB/periph/src/stm32f4xx_gpio.c ****     RCC_AHB1PeriphResetCmd(RCC_AHB1Periph_GPIOD, ENABLE);
 143:STM32F4xx_LIB/periph/src/stm32f4xx_gpio.c ****     RCC_AHB1PeriphResetCmd(RCC_AHB1Periph_GPIOD, DISABLE);
 144:STM32F4xx_LIB/periph/src/stm32f4xx_gpio.c ****   }
 145:STM32F4xx_LIB/periph/src/stm32f4xx_gpio.c ****   else if (GPIOx == GPIOE)
  61              		.loc 1 145 8 is_stmt 1 view .LVU11
  62              		.loc 1 145 11 is_stmt 0 view .LVU12
  63 001a 434B     		ldr	r3, .L24+16
  64 001c 9842     		cmp	r0, r3
  65 001e 40D0     		beq	.L18
 146:STM32F4xx_LIB/periph/src/stm32f4xx_gpio.c ****   {
 147:STM32F4xx_LIB/periph/src/stm32f4xx_gpio.c ****     RCC_AHB1PeriphResetCmd(RCC_AHB1Periph_GPIOE, ENABLE);
 148:STM32F4xx_LIB/periph/src/stm32f4xx_gpio.c ****     RCC_AHB1PeriphResetCmd(RCC_AHB1Periph_GPIOE, DISABLE);
 149:STM32F4xx_LIB/periph/src/stm32f4xx_gpio.c ****   }
 150:STM32F4xx_LIB/periph/src/stm32f4xx_gpio.c ****   else if (GPIOx == GPIOF)
  66              		.loc 1 150 8 is_stmt 1 view .LVU13
  67              		.loc 1 150 11 is_stmt 0 view .LVU14
  68 0020 424B     		ldr	r3, .L24+20
  69 0022 9842     		cmp	r0, r3
  70 0024 46D0     		beq	.L19
 151:STM32F4xx_LIB/periph/src/stm32f4xx_gpio.c ****   {
 152:STM32F4xx_LIB/periph/src/stm32f4xx_gpio.c ****     RCC_AHB1PeriphResetCmd(RCC_AHB1Periph_GPIOF, ENABLE);
 153:STM32F4xx_LIB/periph/src/stm32f4xx_gpio.c ****     RCC_AHB1PeriphResetCmd(RCC_AHB1Periph_GPIOF, DISABLE);
 154:STM32F4xx_LIB/periph/src/stm32f4xx_gpio.c ****   }
 155:STM32F4xx_LIB/periph/src/stm32f4xx_gpio.c ****   else if (GPIOx == GPIOG)
  71              		.loc 1 155 8 is_stmt 1 view .LVU15
  72              		.loc 1 155 11 is_stmt 0 view .LVU16
  73 0026 424B     		ldr	r3, .L24+24
  74 0028 9842     		cmp	r0, r3
ARM GAS  C:\Users\京垓\AppData\Local\Temp\ccb7P8ar.s 			page 5


  75 002a 4CD0     		beq	.L20
 156:STM32F4xx_LIB/periph/src/stm32f4xx_gpio.c ****   {
 157:STM32F4xx_LIB/periph/src/stm32f4xx_gpio.c ****     RCC_AHB1PeriphResetCmd(RCC_AHB1Periph_GPIOG, ENABLE);
 158:STM32F4xx_LIB/periph/src/stm32f4xx_gpio.c ****     RCC_AHB1PeriphResetCmd(RCC_AHB1Periph_GPIOG, DISABLE);
 159:STM32F4xx_LIB/periph/src/stm32f4xx_gpio.c ****   }
 160:STM32F4xx_LIB/periph/src/stm32f4xx_gpio.c ****   else if (GPIOx == GPIOH)
  76              		.loc 1 160 8 is_stmt 1 view .LVU17
  77              		.loc 1 160 11 is_stmt 0 view .LVU18
  78 002c 414B     		ldr	r3, .L24+28
  79 002e 9842     		cmp	r0, r3
  80 0030 52D0     		beq	.L21
 161:STM32F4xx_LIB/periph/src/stm32f4xx_gpio.c ****   {
 162:STM32F4xx_LIB/periph/src/stm32f4xx_gpio.c ****     RCC_AHB1PeriphResetCmd(RCC_AHB1Periph_GPIOH, ENABLE);
 163:STM32F4xx_LIB/periph/src/stm32f4xx_gpio.c ****     RCC_AHB1PeriphResetCmd(RCC_AHB1Periph_GPIOH, DISABLE);
 164:STM32F4xx_LIB/periph/src/stm32f4xx_gpio.c ****   }
 165:STM32F4xx_LIB/periph/src/stm32f4xx_gpio.c **** 
 166:STM32F4xx_LIB/periph/src/stm32f4xx_gpio.c ****   else if (GPIOx == GPIOI)
  81              		.loc 1 166 8 is_stmt 1 view .LVU19
  82              		.loc 1 166 11 is_stmt 0 view .LVU20
  83 0032 414B     		ldr	r3, .L24+32
  84 0034 9842     		cmp	r0, r3
  85 0036 58D0     		beq	.L22
 167:STM32F4xx_LIB/periph/src/stm32f4xx_gpio.c ****   {
 168:STM32F4xx_LIB/periph/src/stm32f4xx_gpio.c ****     RCC_AHB1PeriphResetCmd(RCC_AHB1Periph_GPIOI, ENABLE);
 169:STM32F4xx_LIB/periph/src/stm32f4xx_gpio.c ****     RCC_AHB1PeriphResetCmd(RCC_AHB1Periph_GPIOI, DISABLE);
 170:STM32F4xx_LIB/periph/src/stm32f4xx_gpio.c ****   }
 171:STM32F4xx_LIB/periph/src/stm32f4xx_gpio.c ****   else if (GPIOx == GPIOJ)
  86              		.loc 1 171 8 is_stmt 1 view .LVU21
  87              		.loc 1 171 11 is_stmt 0 view .LVU22
  88 0038 404B     		ldr	r3, .L24+36
  89 003a 9842     		cmp	r0, r3
  90 003c 60D0     		beq	.L23
 172:STM32F4xx_LIB/periph/src/stm32f4xx_gpio.c ****   {
 173:STM32F4xx_LIB/periph/src/stm32f4xx_gpio.c ****     RCC_AHB1PeriphResetCmd(RCC_AHB1Periph_GPIOJ, ENABLE);
 174:STM32F4xx_LIB/periph/src/stm32f4xx_gpio.c ****     RCC_AHB1PeriphResetCmd(RCC_AHB1Periph_GPIOJ, DISABLE);
 175:STM32F4xx_LIB/periph/src/stm32f4xx_gpio.c ****   }
 176:STM32F4xx_LIB/periph/src/stm32f4xx_gpio.c ****   else
 177:STM32F4xx_LIB/periph/src/stm32f4xx_gpio.c ****   {
 178:STM32F4xx_LIB/periph/src/stm32f4xx_gpio.c ****     if (GPIOx == GPIOK)
  91              		.loc 1 178 5 is_stmt 1 view .LVU23
  92              		.loc 1 178 8 is_stmt 0 view .LVU24
  93 003e 404B     		ldr	r3, .L24+40
  94 0040 9842     		cmp	r0, r3
  95 0042 12D1     		bne	.L1
 179:STM32F4xx_LIB/periph/src/stm32f4xx_gpio.c ****     {
 180:STM32F4xx_LIB/periph/src/stm32f4xx_gpio.c ****       RCC_AHB1PeriphResetCmd(RCC_AHB1Periph_GPIOK, ENABLE);
  96              		.loc 1 180 7 is_stmt 1 view .LVU25
  97 0044 0121     		movs	r1, #1
  98 0046 4FF48060 		mov	r0, #1024
  99              	.LVL1:
 100              		.loc 1 180 7 is_stmt 0 view .LVU26
 101 004a FFF7FEFF 		bl	RCC_AHB1PeriphResetCmd
 102              	.LVL2:
 181:STM32F4xx_LIB/periph/src/stm32f4xx_gpio.c ****       RCC_AHB1PeriphResetCmd(RCC_AHB1Periph_GPIOK, DISABLE);
 103              		.loc 1 181 7 is_stmt 1 view .LVU27
 104 004e 0021     		movs	r1, #0
 105 0050 4FF48060 		mov	r0, #1024
ARM GAS  C:\Users\京垓\AppData\Local\Temp\ccb7P8ar.s 			page 6


 106 0054 FFF7FEFF 		bl	RCC_AHB1PeriphResetCmd
 107              	.LVL3:
 182:STM32F4xx_LIB/periph/src/stm32f4xx_gpio.c ****     }
 183:STM32F4xx_LIB/periph/src/stm32f4xx_gpio.c ****   }
 184:STM32F4xx_LIB/periph/src/stm32f4xx_gpio.c **** }
 108              		.loc 1 184 1 is_stmt 0 view .LVU28
 109 0058 07E0     		b	.L1
 110              	.LVL4:
 111              	.L14:
 127:STM32F4xx_LIB/periph/src/stm32f4xx_gpio.c ****     RCC_AHB1PeriphResetCmd(RCC_AHB1Periph_GPIOA, DISABLE);
 112              		.loc 1 127 5 is_stmt 1 view .LVU29
 113 005a 0121     		movs	r1, #1
 114 005c 0846     		mov	r0, r1
 115              	.LVL5:
 127:STM32F4xx_LIB/periph/src/stm32f4xx_gpio.c ****     RCC_AHB1PeriphResetCmd(RCC_AHB1Periph_GPIOA, DISABLE);
 116              		.loc 1 127 5 is_stmt 0 view .LVU30
 117 005e FFF7FEFF 		bl	RCC_AHB1PeriphResetCmd
 118              	.LVL6:
 128:STM32F4xx_LIB/periph/src/stm32f4xx_gpio.c ****   }
 119              		.loc 1 128 5 is_stmt 1 view .LVU31
 120 0062 0021     		movs	r1, #0
 121 0064 0120     		movs	r0, #1
 122 0066 FFF7FEFF 		bl	RCC_AHB1PeriphResetCmd
 123              	.LVL7:
 124              	.L1:
 125              		.loc 1 184 1 is_stmt 0 view .LVU32
 126 006a 08BD     		pop	{r3, pc}
 127              	.LVL8:
 128              	.L15:
 132:STM32F4xx_LIB/periph/src/stm32f4xx_gpio.c ****     RCC_AHB1PeriphResetCmd(RCC_AHB1Periph_GPIOB, DISABLE);
 129              		.loc 1 132 5 is_stmt 1 view .LVU33
 130 006c 0121     		movs	r1, #1
 131 006e 0220     		movs	r0, #2
 132              	.LVL9:
 132:STM32F4xx_LIB/periph/src/stm32f4xx_gpio.c ****     RCC_AHB1PeriphResetCmd(RCC_AHB1Periph_GPIOB, DISABLE);
 133              		.loc 1 132 5 is_stmt 0 view .LVU34
 134 0070 FFF7FEFF 		bl	RCC_AHB1PeriphResetCmd
 135              	.LVL10:
 133:STM32F4xx_LIB/periph/src/stm32f4xx_gpio.c ****   }
 136              		.loc 1 133 5 is_stmt 1 view .LVU35
 137 0074 0021     		movs	r1, #0
 138 0076 0220     		movs	r0, #2
 139 0078 FFF7FEFF 		bl	RCC_AHB1PeriphResetCmd
 140              	.LVL11:
 141 007c F5E7     		b	.L1
 142              	.LVL12:
 143              	.L16:
 137:STM32F4xx_LIB/periph/src/stm32f4xx_gpio.c ****     RCC_AHB1PeriphResetCmd(RCC_AHB1Periph_GPIOC, DISABLE);
 144              		.loc 1 137 5 view .LVU36
 145 007e 0121     		movs	r1, #1
 146 0080 0420     		movs	r0, #4
 147              	.LVL13:
 137:STM32F4xx_LIB/periph/src/stm32f4xx_gpio.c ****     RCC_AHB1PeriphResetCmd(RCC_AHB1Periph_GPIOC, DISABLE);
 148              		.loc 1 137 5 is_stmt 0 view .LVU37
 149 0082 FFF7FEFF 		bl	RCC_AHB1PeriphResetCmd
 150              	.LVL14:
 138:STM32F4xx_LIB/periph/src/stm32f4xx_gpio.c ****   }
ARM GAS  C:\Users\京垓\AppData\Local\Temp\ccb7P8ar.s 			page 7


 151              		.loc 1 138 5 is_stmt 1 view .LVU38
 152 0086 0021     		movs	r1, #0
 153 0088 0420     		movs	r0, #4
 154 008a FFF7FEFF 		bl	RCC_AHB1PeriphResetCmd
 155              	.LVL15:
 156 008e ECE7     		b	.L1
 157              	.LVL16:
 158              	.L17:
 142:STM32F4xx_LIB/periph/src/stm32f4xx_gpio.c ****     RCC_AHB1PeriphResetCmd(RCC_AHB1Periph_GPIOD, DISABLE);
 159              		.loc 1 142 5 view .LVU39
 160 0090 0121     		movs	r1, #1
 161 0092 0820     		movs	r0, #8
 162              	.LVL17:
 142:STM32F4xx_LIB/periph/src/stm32f4xx_gpio.c ****     RCC_AHB1PeriphResetCmd(RCC_AHB1Periph_GPIOD, DISABLE);
 163              		.loc 1 142 5 is_stmt 0 view .LVU40
 164 0094 FFF7FEFF 		bl	RCC_AHB1PeriphResetCmd
 165              	.LVL18:
 143:STM32F4xx_LIB/periph/src/stm32f4xx_gpio.c ****   }
 166              		.loc 1 143 5 is_stmt 1 view .LVU41
 167 0098 0021     		movs	r1, #0
 168 009a 0820     		movs	r0, #8
 169 009c FFF7FEFF 		bl	RCC_AHB1PeriphResetCmd
 170              	.LVL19:
 171 00a0 E3E7     		b	.L1
 172              	.LVL20:
 173              	.L18:
 147:STM32F4xx_LIB/periph/src/stm32f4xx_gpio.c ****     RCC_AHB1PeriphResetCmd(RCC_AHB1Periph_GPIOE, DISABLE);
 174              		.loc 1 147 5 view .LVU42
 175 00a2 0121     		movs	r1, #1
 176 00a4 1020     		movs	r0, #16
 177              	.LVL21:
 147:STM32F4xx_LIB/periph/src/stm32f4xx_gpio.c ****     RCC_AHB1PeriphResetCmd(RCC_AHB1Periph_GPIOE, DISABLE);
 178              		.loc 1 147 5 is_stmt 0 view .LVU43
 179 00a6 FFF7FEFF 		bl	RCC_AHB1PeriphResetCmd
 180              	.LVL22:
 148:STM32F4xx_LIB/periph/src/stm32f4xx_gpio.c ****   }
 181              		.loc 1 148 5 is_stmt 1 view .LVU44
 182 00aa 0021     		movs	r1, #0
 183 00ac 1020     		movs	r0, #16
 184 00ae FFF7FEFF 		bl	RCC_AHB1PeriphResetCmd
 185              	.LVL23:
 186 00b2 DAE7     		b	.L1
 187              	.LVL24:
 188              	.L19:
 152:STM32F4xx_LIB/periph/src/stm32f4xx_gpio.c ****     RCC_AHB1PeriphResetCmd(RCC_AHB1Periph_GPIOF, DISABLE);
 189              		.loc 1 152 5 view .LVU45
 190 00b4 0121     		movs	r1, #1
 191 00b6 2020     		movs	r0, #32
 192              	.LVL25:
 152:STM32F4xx_LIB/periph/src/stm32f4xx_gpio.c ****     RCC_AHB1PeriphResetCmd(RCC_AHB1Periph_GPIOF, DISABLE);
 193              		.loc 1 152 5 is_stmt 0 view .LVU46
 194 00b8 FFF7FEFF 		bl	RCC_AHB1PeriphResetCmd
 195              	.LVL26:
 153:STM32F4xx_LIB/periph/src/stm32f4xx_gpio.c ****   }
 196              		.loc 1 153 5 is_stmt 1 view .LVU47
 197 00bc 0021     		movs	r1, #0
 198 00be 2020     		movs	r0, #32
ARM GAS  C:\Users\京垓\AppData\Local\Temp\ccb7P8ar.s 			page 8


 199 00c0 FFF7FEFF 		bl	RCC_AHB1PeriphResetCmd
 200              	.LVL27:
 201 00c4 D1E7     		b	.L1
 202              	.LVL28:
 203              	.L20:
 157:STM32F4xx_LIB/periph/src/stm32f4xx_gpio.c ****     RCC_AHB1PeriphResetCmd(RCC_AHB1Periph_GPIOG, DISABLE);
 204              		.loc 1 157 5 view .LVU48
 205 00c6 0121     		movs	r1, #1
 206 00c8 4020     		movs	r0, #64
 207              	.LVL29:
 157:STM32F4xx_LIB/periph/src/stm32f4xx_gpio.c ****     RCC_AHB1PeriphResetCmd(RCC_AHB1Periph_GPIOG, DISABLE);
 208              		.loc 1 157 5 is_stmt 0 view .LVU49
 209 00ca FFF7FEFF 		bl	RCC_AHB1PeriphResetCmd
 210              	.LVL30:
 158:STM32F4xx_LIB/periph/src/stm32f4xx_gpio.c ****   }
 211              		.loc 1 158 5 is_stmt 1 view .LVU50
 212 00ce 0021     		movs	r1, #0
 213 00d0 4020     		movs	r0, #64
 214 00d2 FFF7FEFF 		bl	RCC_AHB1PeriphResetCmd
 215              	.LVL31:
 216 00d6 C8E7     		b	.L1
 217              	.LVL32:
 218              	.L21:
 162:STM32F4xx_LIB/periph/src/stm32f4xx_gpio.c ****     RCC_AHB1PeriphResetCmd(RCC_AHB1Periph_GPIOH, DISABLE);
 219              		.loc 1 162 5 view .LVU51
 220 00d8 0121     		movs	r1, #1
 221 00da 8020     		movs	r0, #128
 222              	.LVL33:
 162:STM32F4xx_LIB/periph/src/stm32f4xx_gpio.c ****     RCC_AHB1PeriphResetCmd(RCC_AHB1Periph_GPIOH, DISABLE);
 223              		.loc 1 162 5 is_stmt 0 view .LVU52
 224 00dc FFF7FEFF 		bl	RCC_AHB1PeriphResetCmd
 225              	.LVL34:
 163:STM32F4xx_LIB/periph/src/stm32f4xx_gpio.c ****   }
 226              		.loc 1 163 5 is_stmt 1 view .LVU53
 227 00e0 0021     		movs	r1, #0
 228 00e2 8020     		movs	r0, #128
 229 00e4 FFF7FEFF 		bl	RCC_AHB1PeriphResetCmd
 230              	.LVL35:
 231 00e8 BFE7     		b	.L1
 232              	.LVL36:
 233              	.L22:
 168:STM32F4xx_LIB/periph/src/stm32f4xx_gpio.c ****     RCC_AHB1PeriphResetCmd(RCC_AHB1Periph_GPIOI, DISABLE);
 234              		.loc 1 168 5 view .LVU54
 235 00ea 0121     		movs	r1, #1
 236 00ec 4FF48070 		mov	r0, #256
 237              	.LVL37:
 168:STM32F4xx_LIB/periph/src/stm32f4xx_gpio.c ****     RCC_AHB1PeriphResetCmd(RCC_AHB1Periph_GPIOI, DISABLE);
 238              		.loc 1 168 5 is_stmt 0 view .LVU55
 239 00f0 FFF7FEFF 		bl	RCC_AHB1PeriphResetCmd
 240              	.LVL38:
 169:STM32F4xx_LIB/periph/src/stm32f4xx_gpio.c ****   }
 241              		.loc 1 169 5 is_stmt 1 view .LVU56
 242 00f4 0021     		movs	r1, #0
 243 00f6 4FF48070 		mov	r0, #256
 244 00fa FFF7FEFF 		bl	RCC_AHB1PeriphResetCmd
 245              	.LVL39:
 246 00fe B4E7     		b	.L1
ARM GAS  C:\Users\京垓\AppData\Local\Temp\ccb7P8ar.s 			page 9


 247              	.LVL40:
 248              	.L23:
 173:STM32F4xx_LIB/periph/src/stm32f4xx_gpio.c ****     RCC_AHB1PeriphResetCmd(RCC_AHB1Periph_GPIOJ, DISABLE);
 249              		.loc 1 173 5 view .LVU57
 250 0100 0121     		movs	r1, #1
 251 0102 4FF40070 		mov	r0, #512
 252              	.LVL41:
 173:STM32F4xx_LIB/periph/src/stm32f4xx_gpio.c ****     RCC_AHB1PeriphResetCmd(RCC_AHB1Periph_GPIOJ, DISABLE);
 253              		.loc 1 173 5 is_stmt 0 view .LVU58
 254 0106 FFF7FEFF 		bl	RCC_AHB1PeriphResetCmd
 255              	.LVL42:
 174:STM32F4xx_LIB/periph/src/stm32f4xx_gpio.c ****   }
 256              		.loc 1 174 5 is_stmt 1 view .LVU59
 257 010a 0021     		movs	r1, #0
 258 010c 4FF40070 		mov	r0, #512
 259 0110 FFF7FEFF 		bl	RCC_AHB1PeriphResetCmd
 260              	.LVL43:
 261 0114 A9E7     		b	.L1
 262              	.L25:
 263 0116 00BF     		.align	2
 264              	.L24:
 265 0118 00000240 		.word	1073872896
 266 011c 00040240 		.word	1073873920
 267 0120 00080240 		.word	1073874944
 268 0124 000C0240 		.word	1073875968
 269 0128 00100240 		.word	1073876992
 270 012c 00140240 		.word	1073878016
 271 0130 00180240 		.word	1073879040
 272 0134 001C0240 		.word	1073880064
 273 0138 00200240 		.word	1073881088
 274 013c 00240240 		.word	1073882112
 275 0140 00280240 		.word	1073883136
 276              		.cfi_endproc
 277              	.LFE123:
 279              		.section	.text.GPIO_Init,"ax",%progbits
 280              		.align	1
 281              		.global	GPIO_Init
 282              		.syntax unified
 283              		.thumb
 284              		.thumb_func
 285              		.fpu fpv4-sp-d16
 287              	GPIO_Init:
 288              	.LVL44:
 289              	.LFB124:
 185:STM32F4xx_LIB/periph/src/stm32f4xx_gpio.c **** 
 186:STM32F4xx_LIB/periph/src/stm32f4xx_gpio.c **** /**
 187:STM32F4xx_LIB/periph/src/stm32f4xx_gpio.c ****   * @brief  Initializes the GPIOx peripheral according to the specified parameters in the GPIO_Init
 188:STM32F4xx_LIB/periph/src/stm32f4xx_gpio.c ****   * @param  GPIOx: where x can be (A..K) to select the GPIO peripheral for STM32F405xx/407xx and ST
 189:STM32F4xx_LIB/periph/src/stm32f4xx_gpio.c ****   *                      x can be (A..I) to select the GPIO peripheral for STM32F42xxx/43xxx device
 190:STM32F4xx_LIB/periph/src/stm32f4xx_gpio.c ****   *                      x can be (A, B, C, D and H) to select the GPIO peripheral for STM32F401xx 
 191:STM32F4xx_LIB/periph/src/stm32f4xx_gpio.c ****   * @param  GPIO_InitStruct: pointer to a GPIO_InitTypeDef structure that contains
 192:STM32F4xx_LIB/periph/src/stm32f4xx_gpio.c ****   *         the configuration information for the specified GPIO peripheral.
 193:STM32F4xx_LIB/periph/src/stm32f4xx_gpio.c ****   * @retval None
 194:STM32F4xx_LIB/periph/src/stm32f4xx_gpio.c ****   */
 195:STM32F4xx_LIB/periph/src/stm32f4xx_gpio.c **** void GPIO_Init(GPIO_TypeDef* GPIOx, GPIO_InitTypeDef* GPIO_InitStruct)
 196:STM32F4xx_LIB/periph/src/stm32f4xx_gpio.c **** {
 290              		.loc 1 196 1 view -0
ARM GAS  C:\Users\京垓\AppData\Local\Temp\ccb7P8ar.s 			page 10


 291              		.cfi_startproc
 292              		@ args = 0, pretend = 0, frame = 0
 293              		@ frame_needed = 0, uses_anonymous_args = 0
 294              		@ link register save eliminated.
 197:STM32F4xx_LIB/periph/src/stm32f4xx_gpio.c ****   uint32_t pinpos = 0x00, pos = 0x00 , currentpin = 0x00;
 295              		.loc 1 197 3 view .LVU61
 198:STM32F4xx_LIB/periph/src/stm32f4xx_gpio.c **** 
 199:STM32F4xx_LIB/periph/src/stm32f4xx_gpio.c ****   /* Check the parameters */
 200:STM32F4xx_LIB/periph/src/stm32f4xx_gpio.c ****   assert_param(IS_GPIO_ALL_PERIPH(GPIOx));
 296              		.loc 1 200 3 view .LVU62
 201:STM32F4xx_LIB/periph/src/stm32f4xx_gpio.c ****   assert_param(IS_GPIO_PIN(GPIO_InitStruct->GPIO_Pin));
 297              		.loc 1 201 3 view .LVU63
 202:STM32F4xx_LIB/periph/src/stm32f4xx_gpio.c ****   assert_param(IS_GPIO_MODE(GPIO_InitStruct->GPIO_Mode));
 298              		.loc 1 202 3 view .LVU64
 203:STM32F4xx_LIB/periph/src/stm32f4xx_gpio.c ****   assert_param(IS_GPIO_PUPD(GPIO_InitStruct->GPIO_PuPd));
 299              		.loc 1 203 3 view .LVU65
 204:STM32F4xx_LIB/periph/src/stm32f4xx_gpio.c **** 
 205:STM32F4xx_LIB/periph/src/stm32f4xx_gpio.c ****   /* ------------------------- Configure the port pins ---------------- */
 206:STM32F4xx_LIB/periph/src/stm32f4xx_gpio.c ****   /*-- GPIO Mode Configuration --*/
 207:STM32F4xx_LIB/periph/src/stm32f4xx_gpio.c ****   for (pinpos = 0x00; pinpos < 0x10; pinpos++)
 300              		.loc 1 207 3 view .LVU66
 301              		.loc 1 207 15 is_stmt 0 view .LVU67
 302 0000 0023     		movs	r3, #0
 303              	.LVL45:
 304              		.loc 1 207 23 is_stmt 1 view .LVU68
 305              		.loc 1 207 3 is_stmt 0 view .LVU69
 306 0002 0F2B     		cmp	r3, #15
 307 0004 41D8     		bhi	.L34
 196:STM32F4xx_LIB/periph/src/stm32f4xx_gpio.c ****   uint32_t pinpos = 0x00, pos = 0x00 , currentpin = 0x00;
 308              		.loc 1 196 1 view .LVU70
 309 0006 F0B4     		push	{r4, r5, r6, r7}
 310              	.LCFI1:
 311              		.cfi_def_cfa_offset 16
 312              		.cfi_offset 4, -16
 313              		.cfi_offset 5, -12
 314              		.cfi_offset 6, -8
 315              		.cfi_offset 7, -4
 316 0008 25E0     		b	.L30
 317              	.LVL46:
 318              	.L36:
 208:STM32F4xx_LIB/periph/src/stm32f4xx_gpio.c ****   {
 209:STM32F4xx_LIB/periph/src/stm32f4xx_gpio.c ****     pos = ((uint32_t)0x01) << pinpos;
 210:STM32F4xx_LIB/periph/src/stm32f4xx_gpio.c ****     /* Get the port pins position */
 211:STM32F4xx_LIB/periph/src/stm32f4xx_gpio.c ****     currentpin = (GPIO_InitStruct->GPIO_Pin) & pos;
 212:STM32F4xx_LIB/periph/src/stm32f4xx_gpio.c **** 
 213:STM32F4xx_LIB/periph/src/stm32f4xx_gpio.c ****     if (currentpin == pos)
 214:STM32F4xx_LIB/periph/src/stm32f4xx_gpio.c ****     {
 215:STM32F4xx_LIB/periph/src/stm32f4xx_gpio.c ****       GPIOx->MODER  &= ~(GPIO_MODER_MODER0 << (pinpos * 2));
 216:STM32F4xx_LIB/periph/src/stm32f4xx_gpio.c ****       GPIOx->MODER |= (((uint32_t)GPIO_InitStruct->GPIO_Mode) << (pinpos * 2));
 217:STM32F4xx_LIB/periph/src/stm32f4xx_gpio.c **** 
 218:STM32F4xx_LIB/periph/src/stm32f4xx_gpio.c ****       if ((GPIO_InitStruct->GPIO_Mode == GPIO_Mode_OUT) || (GPIO_InitStruct->GPIO_Mode == GPIO_Mode
 219:STM32F4xx_LIB/periph/src/stm32f4xx_gpio.c ****       {
 220:STM32F4xx_LIB/periph/src/stm32f4xx_gpio.c ****         /* Check Speed mode parameters */
 221:STM32F4xx_LIB/periph/src/stm32f4xx_gpio.c ****         assert_param(IS_GPIO_SPEED(GPIO_InitStruct->GPIO_Speed));
 319              		.loc 1 221 9 is_stmt 1 view .LVU71
 222:STM32F4xx_LIB/periph/src/stm32f4xx_gpio.c **** 
 223:STM32F4xx_LIB/periph/src/stm32f4xx_gpio.c ****         /* Speed mode configuration */
ARM GAS  C:\Users\京垓\AppData\Local\Temp\ccb7P8ar.s 			page 11


 224:STM32F4xx_LIB/periph/src/stm32f4xx_gpio.c ****         GPIOx->OSPEEDR &= ~(GPIO_OSPEEDER_OSPEEDR0 << (pinpos * 2));
 320              		.loc 1 224 9 view .LVU72
 321              		.loc 1 224 24 is_stmt 0 view .LVU73
 322 000a 8268     		ldr	r2, [r0, #8]
 323 000c 1640     		ands	r6, r6, r2
 324 000e 8660     		str	r6, [r0, #8]
 225:STM32F4xx_LIB/periph/src/stm32f4xx_gpio.c ****         GPIOx->OSPEEDR |= ((uint32_t)(GPIO_InitStruct->GPIO_Speed) << (pinpos * 2));
 325              		.loc 1 225 9 is_stmt 1 view .LVU74
 326              		.loc 1 225 24 is_stmt 0 view .LVU75
 327 0010 8268     		ldr	r2, [r0, #8]
 328              		.loc 1 225 54 view .LVU76
 329 0012 4D79     		ldrb	r5, [r1, #5]	@ zero_extendqisi2
 330              		.loc 1 225 68 view .LVU77
 331 0014 A540     		lsls	r5, r5, r4
 332              		.loc 1 225 24 view .LVU78
 333 0016 2A43     		orrs	r2, r2, r5
 334 0018 8260     		str	r2, [r0, #8]
 226:STM32F4xx_LIB/periph/src/stm32f4xx_gpio.c **** 
 227:STM32F4xx_LIB/periph/src/stm32f4xx_gpio.c ****         /* Check Output mode parameters */
 228:STM32F4xx_LIB/periph/src/stm32f4xx_gpio.c ****         assert_param(IS_GPIO_OTYPE(GPIO_InitStruct->GPIO_OType));
 335              		.loc 1 228 9 is_stmt 1 view .LVU79
 229:STM32F4xx_LIB/periph/src/stm32f4xx_gpio.c **** 
 230:STM32F4xx_LIB/periph/src/stm32f4xx_gpio.c ****         /* Output mode configuration*/
 231:STM32F4xx_LIB/periph/src/stm32f4xx_gpio.c ****         GPIOx->OTYPER  &= ~((GPIO_OTYPER_OT_0) << ((uint16_t)pinpos)) ;
 336              		.loc 1 231 9 view .LVU80
 337              		.loc 1 231 24 is_stmt 0 view .LVU81
 338 001a 4568     		ldr	r5, [r0, #4]
 339              		.loc 1 231 52 view .LVU82
 340 001c 9FB2     		uxth	r7, r3
 341              		.loc 1 231 48 view .LVU83
 342 001e 0126     		movs	r6, #1
 343              	.LVL47:
 344              		.loc 1 231 48 view .LVU84
 345 0020 BE40     		lsls	r6, r6, r7
 346              	.LVL48:
 347              		.loc 1 231 24 view .LVU85
 348 0022 25EA0605 		bic	r5, r5, r6
 349 0026 4560     		str	r5, [r0, #4]
 232:STM32F4xx_LIB/periph/src/stm32f4xx_gpio.c ****         GPIOx->OTYPER |= (uint16_t)(((uint16_t)GPIO_InitStruct->GPIO_OType) << ((uint16_t)pinpos));
 350              		.loc 1 232 9 is_stmt 1 view .LVU86
 351              		.loc 1 232 23 is_stmt 0 view .LVU87
 352 0028 4568     		ldr	r5, [r0, #4]
 353              		.loc 1 232 63 view .LVU88
 354 002a 8A79     		ldrb	r2, [r1, #6]	@ zero_extendqisi2
 355              		.loc 1 232 77 view .LVU89
 356 002c BA40     		lsls	r2, r2, r7
 357              		.loc 1 232 26 view .LVU90
 358 002e 92B2     		uxth	r2, r2
 359              		.loc 1 232 23 view .LVU91
 360 0030 2A43     		orrs	r2, r2, r5
 361 0032 4260     		str	r2, [r0, #4]
 362              	.L29:
 233:STM32F4xx_LIB/periph/src/stm32f4xx_gpio.c ****       }
 234:STM32F4xx_LIB/periph/src/stm32f4xx_gpio.c **** 
 235:STM32F4xx_LIB/periph/src/stm32f4xx_gpio.c ****       /* Pull-up Pull down resistor configuration*/
 236:STM32F4xx_LIB/periph/src/stm32f4xx_gpio.c ****       GPIOx->PUPDR &= ~(GPIO_PUPDR_PUPDR0 << ((uint16_t)pinpos * 2));
 363              		.loc 1 236 7 is_stmt 1 view .LVU92
ARM GAS  C:\Users\京垓\AppData\Local\Temp\ccb7P8ar.s 			page 12


 364              		.loc 1 236 20 is_stmt 0 view .LVU93
 365 0034 C268     		ldr	r2, [r0, #12]
 366              		.loc 1 236 47 view .LVU94
 367 0036 9DB2     		uxth	r5, r3
 368              		.loc 1 236 64 view .LVU95
 369 0038 6E00     		lsls	r6, r5, #1
 370              		.loc 1 236 43 view .LVU96
 371 003a 0325     		movs	r5, #3
 372 003c B540     		lsls	r5, r5, r6
 373              		.loc 1 236 20 view .LVU97
 374 003e 22EA0502 		bic	r2, r2, r5
 375 0042 C260     		str	r2, [r0, #12]
 237:STM32F4xx_LIB/periph/src/stm32f4xx_gpio.c ****       GPIOx->PUPDR |= (((uint32_t)GPIO_InitStruct->GPIO_PuPd) << (pinpos * 2));
 376              		.loc 1 237 7 is_stmt 1 view .LVU98
 377              		.loc 1 237 20 is_stmt 0 view .LVU99
 378 0044 C268     		ldr	r2, [r0, #12]
 379              		.loc 1 237 50 view .LVU100
 380 0046 CD79     		ldrb	r5, [r1, #7]	@ zero_extendqisi2
 381              		.loc 1 237 63 view .LVU101
 382 0048 05FA04F4 		lsl	r4, r5, r4
 383              		.loc 1 237 20 view .LVU102
 384 004c 1443     		orrs	r4, r4, r2
 385 004e C460     		str	r4, [r0, #12]
 386              	.L28:
 207:STM32F4xx_LIB/periph/src/stm32f4xx_gpio.c ****   {
 387              		.loc 1 207 38 is_stmt 1 discriminator 2 view .LVU103
 207:STM32F4xx_LIB/periph/src/stm32f4xx_gpio.c ****   {
 388              		.loc 1 207 44 is_stmt 0 discriminator 2 view .LVU104
 389 0050 0133     		adds	r3, r3, #1
 390              	.LVL49:
 207:STM32F4xx_LIB/periph/src/stm32f4xx_gpio.c ****   {
 391              		.loc 1 207 23 is_stmt 1 discriminator 2 view .LVU105
 207:STM32F4xx_LIB/periph/src/stm32f4xx_gpio.c ****   {
 392              		.loc 1 207 3 is_stmt 0 discriminator 2 view .LVU106
 393 0052 0F2B     		cmp	r3, #15
 394 0054 17D8     		bhi	.L35
 395              	.LVL50:
 396              	.L30:
 209:STM32F4xx_LIB/periph/src/stm32f4xx_gpio.c ****     /* Get the port pins position */
 397              		.loc 1 209 5 is_stmt 1 view .LVU107
 209:STM32F4xx_LIB/periph/src/stm32f4xx_gpio.c ****     /* Get the port pins position */
 398              		.loc 1 209 9 is_stmt 0 view .LVU108
 399 0056 0122     		movs	r2, #1
 400 0058 9A40     		lsls	r2, r2, r3
 401              	.LVL51:
 211:STM32F4xx_LIB/periph/src/stm32f4xx_gpio.c **** 
 402              		.loc 1 211 5 is_stmt 1 view .LVU109
 211:STM32F4xx_LIB/periph/src/stm32f4xx_gpio.c **** 
 403              		.loc 1 211 34 is_stmt 0 view .LVU110
 404 005a 0C68     		ldr	r4, [r1]
 405              	.LVL52:
 213:STM32F4xx_LIB/periph/src/stm32f4xx_gpio.c ****     {
 406              		.loc 1 213 5 is_stmt 1 view .LVU111
 213:STM32F4xx_LIB/periph/src/stm32f4xx_gpio.c ****     {
 407              		.loc 1 213 8 is_stmt 0 view .LVU112
 408 005c A243     		bics	r2, r2, r4
 409              	.LVL53:
ARM GAS  C:\Users\京垓\AppData\Local\Temp\ccb7P8ar.s 			page 13


 213:STM32F4xx_LIB/periph/src/stm32f4xx_gpio.c ****     {
 410              		.loc 1 213 8 view .LVU113
 411 005e F7D1     		bne	.L28
 215:STM32F4xx_LIB/periph/src/stm32f4xx_gpio.c ****       GPIOx->MODER |= (((uint32_t)GPIO_InitStruct->GPIO_Mode) << (pinpos * 2));
 412              		.loc 1 215 7 is_stmt 1 view .LVU114
 215:STM32F4xx_LIB/periph/src/stm32f4xx_gpio.c ****       GPIOx->MODER |= (((uint32_t)GPIO_InitStruct->GPIO_Mode) << (pinpos * 2));
 413              		.loc 1 215 21 is_stmt 0 view .LVU115
 414 0060 0568     		ldr	r5, [r0]
 215:STM32F4xx_LIB/periph/src/stm32f4xx_gpio.c ****       GPIOx->MODER |= (((uint32_t)GPIO_InitStruct->GPIO_Mode) << (pinpos * 2));
 415              		.loc 1 215 55 view .LVU116
 416 0062 5C00     		lsls	r4, r3, #1
 417              	.LVL54:
 215:STM32F4xx_LIB/periph/src/stm32f4xx_gpio.c ****       GPIOx->MODER |= (((uint32_t)GPIO_InitStruct->GPIO_Mode) << (pinpos * 2));
 418              		.loc 1 215 44 view .LVU117
 419 0064 0322     		movs	r2, #3
 420 0066 A240     		lsls	r2, r2, r4
 215:STM32F4xx_LIB/periph/src/stm32f4xx_gpio.c ****       GPIOx->MODER |= (((uint32_t)GPIO_InitStruct->GPIO_Mode) << (pinpos * 2));
 421              		.loc 1 215 24 view .LVU118
 422 0068 D643     		mvns	r6, r2
 215:STM32F4xx_LIB/periph/src/stm32f4xx_gpio.c ****       GPIOx->MODER |= (((uint32_t)GPIO_InitStruct->GPIO_Mode) << (pinpos * 2));
 423              		.loc 1 215 21 view .LVU119
 424 006a 25EA0202 		bic	r2, r5, r2
 425 006e 0260     		str	r2, [r0]
 426              	.LVL55:
 216:STM32F4xx_LIB/periph/src/stm32f4xx_gpio.c **** 
 427              		.loc 1 216 7 is_stmt 1 view .LVU120
 216:STM32F4xx_LIB/periph/src/stm32f4xx_gpio.c **** 
 428              		.loc 1 216 20 is_stmt 0 view .LVU121
 429 0070 0268     		ldr	r2, [r0]
 216:STM32F4xx_LIB/periph/src/stm32f4xx_gpio.c **** 
 430              		.loc 1 216 50 view .LVU122
 431 0072 0D79     		ldrb	r5, [r1, #4]	@ zero_extendqisi2
 216:STM32F4xx_LIB/periph/src/stm32f4xx_gpio.c **** 
 432              		.loc 1 216 63 view .LVU123
 433 0074 A540     		lsls	r5, r5, r4
 216:STM32F4xx_LIB/periph/src/stm32f4xx_gpio.c **** 
 434              		.loc 1 216 20 view .LVU124
 435 0076 2A43     		orrs	r2, r2, r5
 436 0078 0260     		str	r2, [r0]
 218:STM32F4xx_LIB/periph/src/stm32f4xx_gpio.c ****       {
 437              		.loc 1 218 7 is_stmt 1 view .LVU125
 218:STM32F4xx_LIB/periph/src/stm32f4xx_gpio.c ****       {
 438              		.loc 1 218 27 is_stmt 0 view .LVU126
 439 007a 0A79     		ldrb	r2, [r1, #4]	@ zero_extendqisi2
 218:STM32F4xx_LIB/periph/src/stm32f4xx_gpio.c ****       {
 440              		.loc 1 218 57 view .LVU127
 441 007c 013A     		subs	r2, r2, #1
 442 007e D2B2     		uxtb	r2, r2
 218:STM32F4xx_LIB/periph/src/stm32f4xx_gpio.c ****       {
 443              		.loc 1 218 10 view .LVU128
 444 0080 012A     		cmp	r2, #1
 445 0082 D7D8     		bhi	.L29
 446 0084 C1E7     		b	.L36
 447              	.LVL56:
 448              	.L35:
 238:STM32F4xx_LIB/periph/src/stm32f4xx_gpio.c ****     }
 239:STM32F4xx_LIB/periph/src/stm32f4xx_gpio.c ****   }
ARM GAS  C:\Users\京垓\AppData\Local\Temp\ccb7P8ar.s 			page 14


 240:STM32F4xx_LIB/periph/src/stm32f4xx_gpio.c **** }
 449              		.loc 1 240 1 view .LVU129
 450 0086 F0BC     		pop	{r4, r5, r6, r7}
 451              	.LCFI2:
 452              		.cfi_restore 7
 453              		.cfi_restore 6
 454              		.cfi_restore 5
 455              		.cfi_restore 4
 456              		.cfi_def_cfa_offset 0
 457 0088 7047     		bx	lr
 458              	.LVL57:
 459              	.L34:
 460              		.loc 1 240 1 view .LVU130
 461 008a 7047     		bx	lr
 462              		.cfi_endproc
 463              	.LFE124:
 465              		.section	.text.GPIO_StructInit,"ax",%progbits
 466              		.align	1
 467              		.global	GPIO_StructInit
 468              		.syntax unified
 469              		.thumb
 470              		.thumb_func
 471              		.fpu fpv4-sp-d16
 473              	GPIO_StructInit:
 474              	.LVL58:
 475              	.LFB125:
 241:STM32F4xx_LIB/periph/src/stm32f4xx_gpio.c **** 
 242:STM32F4xx_LIB/periph/src/stm32f4xx_gpio.c **** /**
 243:STM32F4xx_LIB/periph/src/stm32f4xx_gpio.c ****   * @brief  Fills each GPIO_InitStruct member with its default value.
 244:STM32F4xx_LIB/periph/src/stm32f4xx_gpio.c ****   * @param  GPIO_InitStruct : pointer to a GPIO_InitTypeDef structure which will be initialized.
 245:STM32F4xx_LIB/periph/src/stm32f4xx_gpio.c ****   * @retval None
 246:STM32F4xx_LIB/periph/src/stm32f4xx_gpio.c ****   */
 247:STM32F4xx_LIB/periph/src/stm32f4xx_gpio.c **** void GPIO_StructInit(GPIO_InitTypeDef* GPIO_InitStruct)
 248:STM32F4xx_LIB/periph/src/stm32f4xx_gpio.c **** {
 476              		.loc 1 248 1 is_stmt 1 view -0
 477              		.cfi_startproc
 478              		@ args = 0, pretend = 0, frame = 0
 479              		@ frame_needed = 0, uses_anonymous_args = 0
 480              		@ link register save eliminated.
 249:STM32F4xx_LIB/periph/src/stm32f4xx_gpio.c ****   /* Reset GPIO init structure parameters values */
 250:STM32F4xx_LIB/periph/src/stm32f4xx_gpio.c ****   GPIO_InitStruct->GPIO_Pin  = GPIO_Pin_All;
 481              		.loc 1 250 3 view .LVU132
 482              		.loc 1 250 30 is_stmt 0 view .LVU133
 483 0000 4FF6FF73 		movw	r3, #65535
 484 0004 0360     		str	r3, [r0]
 251:STM32F4xx_LIB/periph/src/stm32f4xx_gpio.c ****   GPIO_InitStruct->GPIO_Mode = GPIO_Mode_IN;
 485              		.loc 1 251 3 is_stmt 1 view .LVU134
 486              		.loc 1 251 30 is_stmt 0 view .LVU135
 487 0006 0023     		movs	r3, #0
 488 0008 0371     		strb	r3, [r0, #4]
 252:STM32F4xx_LIB/periph/src/stm32f4xx_gpio.c ****   GPIO_InitStruct->GPIO_Speed = GPIO_Speed_2MHz;
 489              		.loc 1 252 3 is_stmt 1 view .LVU136
 490              		.loc 1 252 31 is_stmt 0 view .LVU137
 491 000a 4371     		strb	r3, [r0, #5]
 253:STM32F4xx_LIB/periph/src/stm32f4xx_gpio.c ****   GPIO_InitStruct->GPIO_OType = GPIO_OType_PP;
 492              		.loc 1 253 3 is_stmt 1 view .LVU138
 493              		.loc 1 253 31 is_stmt 0 view .LVU139
ARM GAS  C:\Users\京垓\AppData\Local\Temp\ccb7P8ar.s 			page 15


 494 000c 8371     		strb	r3, [r0, #6]
 254:STM32F4xx_LIB/periph/src/stm32f4xx_gpio.c ****   GPIO_InitStruct->GPIO_PuPd = GPIO_PuPd_NOPULL;
 495              		.loc 1 254 3 is_stmt 1 view .LVU140
 496              		.loc 1 254 30 is_stmt 0 view .LVU141
 497 000e C371     		strb	r3, [r0, #7]
 255:STM32F4xx_LIB/periph/src/stm32f4xx_gpio.c **** }
 498              		.loc 1 255 1 view .LVU142
 499 0010 7047     		bx	lr
 500              		.cfi_endproc
 501              	.LFE125:
 503              		.section	.text.GPIO_PinLockConfig,"ax",%progbits
 504              		.align	1
 505              		.global	GPIO_PinLockConfig
 506              		.syntax unified
 507              		.thumb
 508              		.thumb_func
 509              		.fpu fpv4-sp-d16
 511              	GPIO_PinLockConfig:
 512              	.LVL59:
 513              	.LFB126:
 256:STM32F4xx_LIB/periph/src/stm32f4xx_gpio.c **** 
 257:STM32F4xx_LIB/periph/src/stm32f4xx_gpio.c **** /**
 258:STM32F4xx_LIB/periph/src/stm32f4xx_gpio.c ****   * @brief  Locks GPIO Pins configuration registers.
 259:STM32F4xx_LIB/periph/src/stm32f4xx_gpio.c ****   * @note   The locked registers are GPIOx_MODER, GPIOx_OTYPER, GPIOx_OSPEEDR,
 260:STM32F4xx_LIB/periph/src/stm32f4xx_gpio.c ****   *         GPIOx_PUPDR, GPIOx_AFRL and GPIOx_AFRH.
 261:STM32F4xx_LIB/periph/src/stm32f4xx_gpio.c ****   * @note   The configuration of the locked GPIO pins can no longer be modified
 262:STM32F4xx_LIB/periph/src/stm32f4xx_gpio.c ****   *         until the next reset.
 263:STM32F4xx_LIB/periph/src/stm32f4xx_gpio.c ****   * @param  GPIOx: where x can be (A..K) to select the GPIO peripheral for STM32F405xx/407xx and ST
 264:STM32F4xx_LIB/periph/src/stm32f4xx_gpio.c ****   *                      x can be (A..I) to select the GPIO peripheral for STM32F42xxx/43xxx device
 265:STM32F4xx_LIB/periph/src/stm32f4xx_gpio.c ****   *                      x can be (A, B, C, D and H) to select the GPIO peripheral for STM32F401xx 
 266:STM32F4xx_LIB/periph/src/stm32f4xx_gpio.c ****   * @param  GPIO_Pin: specifies the port bit to be locked.
 267:STM32F4xx_LIB/periph/src/stm32f4xx_gpio.c ****   *          This parameter can be any combination of GPIO_Pin_x where x can be (0..15).
 268:STM32F4xx_LIB/periph/src/stm32f4xx_gpio.c ****   * @retval None
 269:STM32F4xx_LIB/periph/src/stm32f4xx_gpio.c ****   */
 270:STM32F4xx_LIB/periph/src/stm32f4xx_gpio.c **** void GPIO_PinLockConfig(GPIO_TypeDef* GPIOx, uint16_t GPIO_Pin)
 271:STM32F4xx_LIB/periph/src/stm32f4xx_gpio.c **** {
 514              		.loc 1 271 1 is_stmt 1 view -0
 515              		.cfi_startproc
 516              		@ args = 0, pretend = 0, frame = 8
 517              		@ frame_needed = 0, uses_anonymous_args = 0
 518              		@ link register save eliminated.
 519              		.loc 1 271 1 is_stmt 0 view .LVU144
 520 0000 82B0     		sub	sp, sp, #8
 521              	.LCFI3:
 522              		.cfi_def_cfa_offset 8
 272:STM32F4xx_LIB/periph/src/stm32f4xx_gpio.c ****   __IO uint32_t tmp = 0x00010000;
 523              		.loc 1 272 3 is_stmt 1 view .LVU145
 524              		.loc 1 272 17 is_stmt 0 view .LVU146
 525 0002 4FF48033 		mov	r3, #65536
 526 0006 0193     		str	r3, [sp, #4]
 273:STM32F4xx_LIB/periph/src/stm32f4xx_gpio.c **** 
 274:STM32F4xx_LIB/periph/src/stm32f4xx_gpio.c ****   /* Check the parameters */
 275:STM32F4xx_LIB/periph/src/stm32f4xx_gpio.c ****   assert_param(IS_GPIO_ALL_PERIPH(GPIOx));
 527              		.loc 1 275 3 is_stmt 1 view .LVU147
 276:STM32F4xx_LIB/periph/src/stm32f4xx_gpio.c ****   assert_param(IS_GPIO_PIN(GPIO_Pin));
 528              		.loc 1 276 3 view .LVU148
 277:STM32F4xx_LIB/periph/src/stm32f4xx_gpio.c **** 
ARM GAS  C:\Users\京垓\AppData\Local\Temp\ccb7P8ar.s 			page 16


 278:STM32F4xx_LIB/periph/src/stm32f4xx_gpio.c ****   tmp |= GPIO_Pin;
 529              		.loc 1 278 3 view .LVU149
 530              		.loc 1 278 7 is_stmt 0 view .LVU150
 531 0008 019B     		ldr	r3, [sp, #4]
 532 000a 0B43     		orrs	r3, r3, r1
 533 000c 0193     		str	r3, [sp, #4]
 279:STM32F4xx_LIB/periph/src/stm32f4xx_gpio.c ****   /* Set LCKK bit */
 280:STM32F4xx_LIB/periph/src/stm32f4xx_gpio.c ****   GPIOx->LCKR = tmp;
 534              		.loc 1 280 3 is_stmt 1 view .LVU151
 535              		.loc 1 280 15 is_stmt 0 view .LVU152
 536 000e 019B     		ldr	r3, [sp, #4]
 537 0010 C361     		str	r3, [r0, #28]
 281:STM32F4xx_LIB/periph/src/stm32f4xx_gpio.c ****   /* Reset LCKK bit */
 282:STM32F4xx_LIB/periph/src/stm32f4xx_gpio.c ****   GPIOx->LCKR =  GPIO_Pin;
 538              		.loc 1 282 3 is_stmt 1 view .LVU153
 539              		.loc 1 282 15 is_stmt 0 view .LVU154
 540 0012 C161     		str	r1, [r0, #28]
 283:STM32F4xx_LIB/periph/src/stm32f4xx_gpio.c ****   /* Set LCKK bit */
 284:STM32F4xx_LIB/periph/src/stm32f4xx_gpio.c ****   GPIOx->LCKR = tmp;
 541              		.loc 1 284 3 is_stmt 1 view .LVU155
 542              		.loc 1 284 15 is_stmt 0 view .LVU156
 543 0014 019B     		ldr	r3, [sp, #4]
 544 0016 C361     		str	r3, [r0, #28]
 285:STM32F4xx_LIB/periph/src/stm32f4xx_gpio.c ****   /* Read LCKK bit*/
 286:STM32F4xx_LIB/periph/src/stm32f4xx_gpio.c ****   tmp = GPIOx->LCKR;
 545              		.loc 1 286 3 is_stmt 1 view .LVU157
 546              		.loc 1 286 14 is_stmt 0 view .LVU158
 547 0018 C369     		ldr	r3, [r0, #28]
 548              		.loc 1 286 7 view .LVU159
 549 001a 0193     		str	r3, [sp, #4]
 287:STM32F4xx_LIB/periph/src/stm32f4xx_gpio.c ****   /* Read LCKK bit*/
 288:STM32F4xx_LIB/periph/src/stm32f4xx_gpio.c ****   tmp = GPIOx->LCKR;
 550              		.loc 1 288 3 is_stmt 1 view .LVU160
 551              		.loc 1 288 14 is_stmt 0 view .LVU161
 552 001c C369     		ldr	r3, [r0, #28]
 553              		.loc 1 288 7 view .LVU162
 554 001e 0193     		str	r3, [sp, #4]
 289:STM32F4xx_LIB/periph/src/stm32f4xx_gpio.c **** }
 555              		.loc 1 289 1 view .LVU163
 556 0020 02B0     		add	sp, sp, #8
 557              	.LCFI4:
 558              		.cfi_def_cfa_offset 0
 559              		@ sp needed
 560 0022 7047     		bx	lr
 561              		.cfi_endproc
 562              	.LFE126:
 564              		.section	.text.GPIO_ReadInputDataBit,"ax",%progbits
 565              		.align	1
 566              		.global	GPIO_ReadInputDataBit
 567              		.syntax unified
 568              		.thumb
 569              		.thumb_func
 570              		.fpu fpv4-sp-d16
 572              	GPIO_ReadInputDataBit:
 573              	.LVL60:
 574              	.LFB127:
 290:STM32F4xx_LIB/periph/src/stm32f4xx_gpio.c **** 
ARM GAS  C:\Users\京垓\AppData\Local\Temp\ccb7P8ar.s 			page 17


 291:STM32F4xx_LIB/periph/src/stm32f4xx_gpio.c **** /**
 292:STM32F4xx_LIB/periph/src/stm32f4xx_gpio.c ****   * @}
 293:STM32F4xx_LIB/periph/src/stm32f4xx_gpio.c ****   */
 294:STM32F4xx_LIB/periph/src/stm32f4xx_gpio.c **** 
 295:STM32F4xx_LIB/periph/src/stm32f4xx_gpio.c **** /** @defgroup GPIO_Group2 GPIO Read and Write
 296:STM32F4xx_LIB/periph/src/stm32f4xx_gpio.c ****  *  @brief   GPIO Read and Write
 297:STM32F4xx_LIB/periph/src/stm32f4xx_gpio.c ****  *
 298:STM32F4xx_LIB/periph/src/stm32f4xx_gpio.c **** @verbatim   
 299:STM32F4xx_LIB/periph/src/stm32f4xx_gpio.c ****  ===============================================================================
 300:STM32F4xx_LIB/periph/src/stm32f4xx_gpio.c ****                          ##### GPIO Read and Write #####
 301:STM32F4xx_LIB/periph/src/stm32f4xx_gpio.c ****  ===============================================================================  
 302:STM32F4xx_LIB/periph/src/stm32f4xx_gpio.c **** 
 303:STM32F4xx_LIB/periph/src/stm32f4xx_gpio.c **** @endverbatim
 304:STM32F4xx_LIB/periph/src/stm32f4xx_gpio.c ****   * @{
 305:STM32F4xx_LIB/periph/src/stm32f4xx_gpio.c ****   */
 306:STM32F4xx_LIB/periph/src/stm32f4xx_gpio.c **** 
 307:STM32F4xx_LIB/periph/src/stm32f4xx_gpio.c **** /**
 308:STM32F4xx_LIB/periph/src/stm32f4xx_gpio.c ****   * @brief  Reads the specified input port pin.
 309:STM32F4xx_LIB/periph/src/stm32f4xx_gpio.c ****   * @param  GPIOx: where x can be (A..K) to select the GPIO peripheral for STM32F405xx/407xx and ST
 310:STM32F4xx_LIB/periph/src/stm32f4xx_gpio.c ****   *                      x can be (A..I) to select the GPIO peripheral for STM32F42xxx/43xxx device
 311:STM32F4xx_LIB/periph/src/stm32f4xx_gpio.c ****   *                      x can be (A, B, C, D and H) to select the GPIO peripheral for STM32F401xx 
 312:STM32F4xx_LIB/periph/src/stm32f4xx_gpio.c ****   * @param  GPIO_Pin: specifies the port bit to read.
 313:STM32F4xx_LIB/periph/src/stm32f4xx_gpio.c ****   *         This parameter can be GPIO_Pin_x where x can be (0..15).
 314:STM32F4xx_LIB/periph/src/stm32f4xx_gpio.c ****   * @retval The input port pin value.
 315:STM32F4xx_LIB/periph/src/stm32f4xx_gpio.c ****   */
 316:STM32F4xx_LIB/periph/src/stm32f4xx_gpio.c **** uint8_t GPIO_ReadInputDataBit(GPIO_TypeDef* GPIOx, uint16_t GPIO_Pin)
 317:STM32F4xx_LIB/periph/src/stm32f4xx_gpio.c **** {
 575              		.loc 1 317 1 is_stmt 1 view -0
 576              		.cfi_startproc
 577              		@ args = 0, pretend = 0, frame = 0
 578              		@ frame_needed = 0, uses_anonymous_args = 0
 579              		@ link register save eliminated.
 318:STM32F4xx_LIB/periph/src/stm32f4xx_gpio.c ****   uint8_t bitstatus = 0x00;
 580              		.loc 1 318 3 view .LVU165
 319:STM32F4xx_LIB/periph/src/stm32f4xx_gpio.c **** 
 320:STM32F4xx_LIB/periph/src/stm32f4xx_gpio.c ****   /* Check the parameters */
 321:STM32F4xx_LIB/periph/src/stm32f4xx_gpio.c ****   assert_param(IS_GPIO_ALL_PERIPH(GPIOx));
 581              		.loc 1 321 3 view .LVU166
 322:STM32F4xx_LIB/periph/src/stm32f4xx_gpio.c ****   assert_param(IS_GET_GPIO_PIN(GPIO_Pin));
 582              		.loc 1 322 3 view .LVU167
 323:STM32F4xx_LIB/periph/src/stm32f4xx_gpio.c **** 
 324:STM32F4xx_LIB/periph/src/stm32f4xx_gpio.c ****   if ((GPIOx->IDR & GPIO_Pin) != (uint32_t)Bit_RESET)
 583              		.loc 1 324 3 view .LVU168
 584              		.loc 1 324 13 is_stmt 0 view .LVU169
 585 0000 0369     		ldr	r3, [r0, #16]
 586              		.loc 1 324 6 view .LVU170
 587 0002 1942     		tst	r1, r3
 588 0004 01D0     		beq	.L42
 325:STM32F4xx_LIB/periph/src/stm32f4xx_gpio.c ****   {
 326:STM32F4xx_LIB/periph/src/stm32f4xx_gpio.c ****     bitstatus = (uint8_t)Bit_SET;
 589              		.loc 1 326 15 view .LVU171
 590 0006 0120     		movs	r0, #1
 591              	.LVL61:
 592              		.loc 1 326 15 view .LVU172
 593 0008 7047     		bx	lr
 594              	.LVL62:
 595              	.L42:
ARM GAS  C:\Users\京垓\AppData\Local\Temp\ccb7P8ar.s 			page 18


 327:STM32F4xx_LIB/periph/src/stm32f4xx_gpio.c ****   }
 328:STM32F4xx_LIB/periph/src/stm32f4xx_gpio.c ****   else
 329:STM32F4xx_LIB/periph/src/stm32f4xx_gpio.c ****   {
 330:STM32F4xx_LIB/periph/src/stm32f4xx_gpio.c ****     bitstatus = (uint8_t)Bit_RESET;
 596              		.loc 1 330 15 view .LVU173
 597 000a 0020     		movs	r0, #0
 598              	.LVL63:
 331:STM32F4xx_LIB/periph/src/stm32f4xx_gpio.c ****   }
 332:STM32F4xx_LIB/periph/src/stm32f4xx_gpio.c ****   return bitstatus;
 599              		.loc 1 332 3 is_stmt 1 view .LVU174
 333:STM32F4xx_LIB/periph/src/stm32f4xx_gpio.c **** }
 600              		.loc 1 333 1 is_stmt 0 view .LVU175
 601 000c 7047     		bx	lr
 602              		.cfi_endproc
 603              	.LFE127:
 605              		.section	.text.GPIO_ReadInputData,"ax",%progbits
 606              		.align	1
 607              		.global	GPIO_ReadInputData
 608              		.syntax unified
 609              		.thumb
 610              		.thumb_func
 611              		.fpu fpv4-sp-d16
 613              	GPIO_ReadInputData:
 614              	.LVL64:
 615              	.LFB128:
 334:STM32F4xx_LIB/periph/src/stm32f4xx_gpio.c **** 
 335:STM32F4xx_LIB/periph/src/stm32f4xx_gpio.c **** /**
 336:STM32F4xx_LIB/periph/src/stm32f4xx_gpio.c ****   * @brief  Reads the specified GPIO input data port.
 337:STM32F4xx_LIB/periph/src/stm32f4xx_gpio.c ****   * @param  GPIOx: where x can be (A..K) to select the GPIO peripheral for STM32F405xx/407xx and ST
 338:STM32F4xx_LIB/periph/src/stm32f4xx_gpio.c ****   *                      x can be (A..I) to select the GPIO peripheral for STM32F42xxx/43xxx device
 339:STM32F4xx_LIB/periph/src/stm32f4xx_gpio.c ****   *                      x can be (A, B, C, D and H) to select the GPIO peripheral for STM32F401xx 
 340:STM32F4xx_LIB/periph/src/stm32f4xx_gpio.c ****   * @retval GPIO input data port value.
 341:STM32F4xx_LIB/periph/src/stm32f4xx_gpio.c ****   */
 342:STM32F4xx_LIB/periph/src/stm32f4xx_gpio.c **** uint16_t GPIO_ReadInputData(GPIO_TypeDef* GPIOx)
 343:STM32F4xx_LIB/periph/src/stm32f4xx_gpio.c **** {
 616              		.loc 1 343 1 is_stmt 1 view -0
 617              		.cfi_startproc
 618              		@ args = 0, pretend = 0, frame = 0
 619              		@ frame_needed = 0, uses_anonymous_args = 0
 620              		@ link register save eliminated.
 344:STM32F4xx_LIB/periph/src/stm32f4xx_gpio.c ****   /* Check the parameters */
 345:STM32F4xx_LIB/periph/src/stm32f4xx_gpio.c ****   assert_param(IS_GPIO_ALL_PERIPH(GPIOx));
 621              		.loc 1 345 3 view .LVU177
 346:STM32F4xx_LIB/periph/src/stm32f4xx_gpio.c **** 
 347:STM32F4xx_LIB/periph/src/stm32f4xx_gpio.c ****   return ((uint16_t)GPIOx->IDR);
 622              		.loc 1 347 3 view .LVU178
 623              		.loc 1 347 26 is_stmt 0 view .LVU179
 624 0000 0069     		ldr	r0, [r0, #16]
 625              	.LVL65:
 348:STM32F4xx_LIB/periph/src/stm32f4xx_gpio.c **** }
 626              		.loc 1 348 1 view .LVU180
 627 0002 80B2     		uxth	r0, r0
 628 0004 7047     		bx	lr
 629              		.cfi_endproc
 630              	.LFE128:
 632              		.section	.text.GPIO_ReadOutputDataBit,"ax",%progbits
 633              		.align	1
ARM GAS  C:\Users\京垓\AppData\Local\Temp\ccb7P8ar.s 			page 19


 634              		.global	GPIO_ReadOutputDataBit
 635              		.syntax unified
 636              		.thumb
 637              		.thumb_func
 638              		.fpu fpv4-sp-d16
 640              	GPIO_ReadOutputDataBit:
 641              	.LVL66:
 642              	.LFB129:
 349:STM32F4xx_LIB/periph/src/stm32f4xx_gpio.c **** 
 350:STM32F4xx_LIB/periph/src/stm32f4xx_gpio.c **** /**
 351:STM32F4xx_LIB/periph/src/stm32f4xx_gpio.c ****   * @brief  Reads the specified output data port bit.
 352:STM32F4xx_LIB/periph/src/stm32f4xx_gpio.c ****   * @param  GPIOx: where x can be (A..K) to select the GPIO peripheral for STM32F405xx/407xx and ST
 353:STM32F4xx_LIB/periph/src/stm32f4xx_gpio.c ****   *                      x can be (A..I) to select the GPIO peripheral for STM32F42xxx/43xxx device
 354:STM32F4xx_LIB/periph/src/stm32f4xx_gpio.c ****   *                      x can be (A, B, C, D and H) to select the GPIO peripheral for STM32F401xx 
 355:STM32F4xx_LIB/periph/src/stm32f4xx_gpio.c ****   * @param  GPIO_Pin: specifies the port bit to read.
 356:STM32F4xx_LIB/periph/src/stm32f4xx_gpio.c ****   *          This parameter can be GPIO_Pin_x where x can be (0..15).
 357:STM32F4xx_LIB/periph/src/stm32f4xx_gpio.c ****   * @retval The output port pin value.
 358:STM32F4xx_LIB/periph/src/stm32f4xx_gpio.c ****   */
 359:STM32F4xx_LIB/periph/src/stm32f4xx_gpio.c **** uint8_t GPIO_ReadOutputDataBit(GPIO_TypeDef* GPIOx, uint16_t GPIO_Pin)
 360:STM32F4xx_LIB/periph/src/stm32f4xx_gpio.c **** {
 643              		.loc 1 360 1 is_stmt 1 view -0
 644              		.cfi_startproc
 645              		@ args = 0, pretend = 0, frame = 0
 646              		@ frame_needed = 0, uses_anonymous_args = 0
 647              		@ link register save eliminated.
 361:STM32F4xx_LIB/periph/src/stm32f4xx_gpio.c ****   uint8_t bitstatus = 0x00;
 648              		.loc 1 361 3 view .LVU182
 362:STM32F4xx_LIB/periph/src/stm32f4xx_gpio.c **** 
 363:STM32F4xx_LIB/periph/src/stm32f4xx_gpio.c ****   /* Check the parameters */
 364:STM32F4xx_LIB/periph/src/stm32f4xx_gpio.c ****   assert_param(IS_GPIO_ALL_PERIPH(GPIOx));
 649              		.loc 1 364 3 view .LVU183
 365:STM32F4xx_LIB/periph/src/stm32f4xx_gpio.c ****   assert_param(IS_GET_GPIO_PIN(GPIO_Pin));
 650              		.loc 1 365 3 view .LVU184
 366:STM32F4xx_LIB/periph/src/stm32f4xx_gpio.c **** 
 367:STM32F4xx_LIB/periph/src/stm32f4xx_gpio.c ****   if (((GPIOx->ODR) & GPIO_Pin) != (uint32_t)Bit_RESET)
 651              		.loc 1 367 3 view .LVU185
 652              		.loc 1 367 14 is_stmt 0 view .LVU186
 653 0000 4369     		ldr	r3, [r0, #20]
 654              		.loc 1 367 6 view .LVU187
 655 0002 1942     		tst	r1, r3
 656 0004 01D0     		beq	.L46
 368:STM32F4xx_LIB/periph/src/stm32f4xx_gpio.c ****   {
 369:STM32F4xx_LIB/periph/src/stm32f4xx_gpio.c ****     bitstatus = (uint8_t)Bit_SET;
 657              		.loc 1 369 15 view .LVU188
 658 0006 0120     		movs	r0, #1
 659              	.LVL67:
 660              		.loc 1 369 15 view .LVU189
 661 0008 7047     		bx	lr
 662              	.LVL68:
 663              	.L46:
 370:STM32F4xx_LIB/periph/src/stm32f4xx_gpio.c ****   }
 371:STM32F4xx_LIB/periph/src/stm32f4xx_gpio.c ****   else
 372:STM32F4xx_LIB/periph/src/stm32f4xx_gpio.c ****   {
 373:STM32F4xx_LIB/periph/src/stm32f4xx_gpio.c ****     bitstatus = (uint8_t)Bit_RESET;
 664              		.loc 1 373 15 view .LVU190
 665 000a 0020     		movs	r0, #0
 666              	.LVL69:
ARM GAS  C:\Users\京垓\AppData\Local\Temp\ccb7P8ar.s 			page 20


 374:STM32F4xx_LIB/periph/src/stm32f4xx_gpio.c ****   }
 375:STM32F4xx_LIB/periph/src/stm32f4xx_gpio.c ****   return bitstatus;
 667              		.loc 1 375 3 is_stmt 1 view .LVU191
 376:STM32F4xx_LIB/periph/src/stm32f4xx_gpio.c **** }
 668              		.loc 1 376 1 is_stmt 0 view .LVU192
 669 000c 7047     		bx	lr
 670              		.cfi_endproc
 671              	.LFE129:
 673              		.section	.text.GPIO_ReadOutputData,"ax",%progbits
 674              		.align	1
 675              		.global	GPIO_ReadOutputData
 676              		.syntax unified
 677              		.thumb
 678              		.thumb_func
 679              		.fpu fpv4-sp-d16
 681              	GPIO_ReadOutputData:
 682              	.LVL70:
 683              	.LFB130:
 377:STM32F4xx_LIB/periph/src/stm32f4xx_gpio.c **** 
 378:STM32F4xx_LIB/periph/src/stm32f4xx_gpio.c **** /**
 379:STM32F4xx_LIB/periph/src/stm32f4xx_gpio.c ****   * @brief  Reads the specified GPIO output data port.
 380:STM32F4xx_LIB/periph/src/stm32f4xx_gpio.c ****   * @param  GPIOx: where x can be (A..K) to select the GPIO peripheral for STM32F405xx/407xx and ST
 381:STM32F4xx_LIB/periph/src/stm32f4xx_gpio.c ****   *                      x can be (A..I) to select the GPIO peripheral for STM32F42xxx/43xxx device
 382:STM32F4xx_LIB/periph/src/stm32f4xx_gpio.c ****   *                      x can be (A, B, C, D and H) to select the GPIO peripheral for STM32F401xx 
 383:STM32F4xx_LIB/periph/src/stm32f4xx_gpio.c ****   * @retval GPIO output data port value.
 384:STM32F4xx_LIB/periph/src/stm32f4xx_gpio.c ****   */
 385:STM32F4xx_LIB/periph/src/stm32f4xx_gpio.c **** uint16_t GPIO_ReadOutputData(GPIO_TypeDef* GPIOx)
 386:STM32F4xx_LIB/periph/src/stm32f4xx_gpio.c **** {
 684              		.loc 1 386 1 is_stmt 1 view -0
 685              		.cfi_startproc
 686              		@ args = 0, pretend = 0, frame = 0
 687              		@ frame_needed = 0, uses_anonymous_args = 0
 688              		@ link register save eliminated.
 387:STM32F4xx_LIB/periph/src/stm32f4xx_gpio.c ****   /* Check the parameters */
 388:STM32F4xx_LIB/periph/src/stm32f4xx_gpio.c ****   assert_param(IS_GPIO_ALL_PERIPH(GPIOx));
 689              		.loc 1 388 3 view .LVU194
 389:STM32F4xx_LIB/periph/src/stm32f4xx_gpio.c **** 
 390:STM32F4xx_LIB/periph/src/stm32f4xx_gpio.c ****   return ((uint16_t)GPIOx->ODR);
 690              		.loc 1 390 3 view .LVU195
 691              		.loc 1 390 26 is_stmt 0 view .LVU196
 692 0000 4069     		ldr	r0, [r0, #20]
 693              	.LVL71:
 391:STM32F4xx_LIB/periph/src/stm32f4xx_gpio.c **** }
 694              		.loc 1 391 1 view .LVU197
 695 0002 80B2     		uxth	r0, r0
 696 0004 7047     		bx	lr
 697              		.cfi_endproc
 698              	.LFE130:
 700              		.section	.text.GPIO_SetBits,"ax",%progbits
 701              		.align	1
 702              		.global	GPIO_SetBits
 703              		.syntax unified
 704              		.thumb
 705              		.thumb_func
 706              		.fpu fpv4-sp-d16
 708              	GPIO_SetBits:
 709              	.LVL72:
ARM GAS  C:\Users\京垓\AppData\Local\Temp\ccb7P8ar.s 			page 21


 710              	.LFB131:
 392:STM32F4xx_LIB/periph/src/stm32f4xx_gpio.c **** 
 393:STM32F4xx_LIB/periph/src/stm32f4xx_gpio.c **** /**
 394:STM32F4xx_LIB/periph/src/stm32f4xx_gpio.c ****   * @brief  Sets the selected data port bits.
 395:STM32F4xx_LIB/periph/src/stm32f4xx_gpio.c ****   * @note   This functions uses GPIOx_BSRR register to allow atomic read/modify 
 396:STM32F4xx_LIB/periph/src/stm32f4xx_gpio.c ****   *         accesses. In this way, there is no risk of an IRQ occurring between
 397:STM32F4xx_LIB/periph/src/stm32f4xx_gpio.c ****   *         the read and the modify access.
 398:STM32F4xx_LIB/periph/src/stm32f4xx_gpio.c ****   * @param  GPIOx: where x can be (A..K) to select the GPIO peripheral for STM32F405xx/407xx and ST
 399:STM32F4xx_LIB/periph/src/stm32f4xx_gpio.c ****   *                      x can be (A..I) to select the GPIO peripheral for STM32F42xxx/43xxx device
 400:STM32F4xx_LIB/periph/src/stm32f4xx_gpio.c ****   *                      x can be (A, B, C, D and H) to select the GPIO peripheral for STM32F401xx 
 401:STM32F4xx_LIB/periph/src/stm32f4xx_gpio.c ****   * @param  GPIO_Pin: specifies the port bits to be written.
 402:STM32F4xx_LIB/periph/src/stm32f4xx_gpio.c ****   *          This parameter can be any combination of GPIO_Pin_x where x can be (0..15).
 403:STM32F4xx_LIB/periph/src/stm32f4xx_gpio.c ****   * @retval None
 404:STM32F4xx_LIB/periph/src/stm32f4xx_gpio.c ****   */
 405:STM32F4xx_LIB/periph/src/stm32f4xx_gpio.c **** void GPIO_SetBits(GPIO_TypeDef* GPIOx, uint16_t GPIO_Pin)
 406:STM32F4xx_LIB/periph/src/stm32f4xx_gpio.c **** {
 711              		.loc 1 406 1 is_stmt 1 view -0
 712              		.cfi_startproc
 713              		@ args = 0, pretend = 0, frame = 0
 714              		@ frame_needed = 0, uses_anonymous_args = 0
 715              		@ link register save eliminated.
 407:STM32F4xx_LIB/periph/src/stm32f4xx_gpio.c ****   /* Check the parameters */
 408:STM32F4xx_LIB/periph/src/stm32f4xx_gpio.c ****   assert_param(IS_GPIO_ALL_PERIPH(GPIOx));
 716              		.loc 1 408 3 view .LVU199
 409:STM32F4xx_LIB/periph/src/stm32f4xx_gpio.c ****   assert_param(IS_GPIO_PIN(GPIO_Pin));
 717              		.loc 1 409 3 view .LVU200
 410:STM32F4xx_LIB/periph/src/stm32f4xx_gpio.c **** 
 411:STM32F4xx_LIB/periph/src/stm32f4xx_gpio.c ****   GPIOx->BSRR = GPIO_Pin;
 718              		.loc 1 411 3 view .LVU201
 719              		.loc 1 411 15 is_stmt 0 view .LVU202
 720 0000 8161     		str	r1, [r0, #24]
 412:STM32F4xx_LIB/periph/src/stm32f4xx_gpio.c **** }
 721              		.loc 1 412 1 view .LVU203
 722 0002 7047     		bx	lr
 723              		.cfi_endproc
 724              	.LFE131:
 726              		.section	.text.GPIO_ResetBits,"ax",%progbits
 727              		.align	1
 728              		.global	GPIO_ResetBits
 729              		.syntax unified
 730              		.thumb
 731              		.thumb_func
 732              		.fpu fpv4-sp-d16
 734              	GPIO_ResetBits:
 735              	.LVL73:
 736              	.LFB132:
 413:STM32F4xx_LIB/periph/src/stm32f4xx_gpio.c **** 
 414:STM32F4xx_LIB/periph/src/stm32f4xx_gpio.c **** /**
 415:STM32F4xx_LIB/periph/src/stm32f4xx_gpio.c ****   * @brief  Clears the selected data port bits.
 416:STM32F4xx_LIB/periph/src/stm32f4xx_gpio.c ****   * @note   This functions uses GPIOx_BSRR register to allow atomic read/modify 
 417:STM32F4xx_LIB/periph/src/stm32f4xx_gpio.c ****   *         accesses. In this way, there is no risk of an IRQ occurring between
 418:STM32F4xx_LIB/periph/src/stm32f4xx_gpio.c ****   *         the read and the modify access.
 419:STM32F4xx_LIB/periph/src/stm32f4xx_gpio.c ****   * @param  GPIOx: where x can be (A..K) to select the GPIO peripheral for STM32F405xx/407xx and ST
 420:STM32F4xx_LIB/periph/src/stm32f4xx_gpio.c ****   *                      x can be (A..I) to select the GPIO peripheral for STM32F42xxx/43xxx device
 421:STM32F4xx_LIB/periph/src/stm32f4xx_gpio.c ****   *                      x can be (A, B, C, D and H) to select the GPIO peripheral for STM32F401xx 
 422:STM32F4xx_LIB/periph/src/stm32f4xx_gpio.c ****   * @param  GPIO_Pin: specifies the port bits to be written.
 423:STM32F4xx_LIB/periph/src/stm32f4xx_gpio.c ****   *          This parameter can be any combination of GPIO_Pin_x where x can be (0..15).
ARM GAS  C:\Users\京垓\AppData\Local\Temp\ccb7P8ar.s 			page 22


 424:STM32F4xx_LIB/periph/src/stm32f4xx_gpio.c ****   * @retval None
 425:STM32F4xx_LIB/periph/src/stm32f4xx_gpio.c ****   */
 426:STM32F4xx_LIB/periph/src/stm32f4xx_gpio.c **** void GPIO_ResetBits(GPIO_TypeDef* GPIOx, uint16_t GPIO_Pin)
 427:STM32F4xx_LIB/periph/src/stm32f4xx_gpio.c **** {
 737              		.loc 1 427 1 is_stmt 1 view -0
 738              		.cfi_startproc
 739              		@ args = 0, pretend = 0, frame = 0
 740              		@ frame_needed = 0, uses_anonymous_args = 0
 741              		@ link register save eliminated.
 428:STM32F4xx_LIB/periph/src/stm32f4xx_gpio.c ****   /* Check the parameters */
 429:STM32F4xx_LIB/periph/src/stm32f4xx_gpio.c ****   assert_param(IS_GPIO_ALL_PERIPH(GPIOx));
 742              		.loc 1 429 3 view .LVU205
 430:STM32F4xx_LIB/periph/src/stm32f4xx_gpio.c ****   assert_param(IS_GPIO_PIN(GPIO_Pin));
 743              		.loc 1 430 3 view .LVU206
 431:STM32F4xx_LIB/periph/src/stm32f4xx_gpio.c **** 
 432:STM32F4xx_LIB/periph/src/stm32f4xx_gpio.c ****   GPIOx->BSRR = (uint32_t)GPIO_Pin << 16;
 744              		.loc 1 432 3 view .LVU207
 745              		.loc 1 432 36 is_stmt 0 view .LVU208
 746 0000 0904     		lsls	r1, r1, #16
 747              	.LVL74:
 748              		.loc 1 432 15 view .LVU209
 749 0002 8161     		str	r1, [r0, #24]
 433:STM32F4xx_LIB/periph/src/stm32f4xx_gpio.c **** }
 750              		.loc 1 433 1 view .LVU210
 751 0004 7047     		bx	lr
 752              		.cfi_endproc
 753              	.LFE132:
 755              		.section	.text.GPIO_WriteBit,"ax",%progbits
 756              		.align	1
 757              		.global	GPIO_WriteBit
 758              		.syntax unified
 759              		.thumb
 760              		.thumb_func
 761              		.fpu fpv4-sp-d16
 763              	GPIO_WriteBit:
 764              	.LVL75:
 765              	.LFB133:
 434:STM32F4xx_LIB/periph/src/stm32f4xx_gpio.c **** 
 435:STM32F4xx_LIB/periph/src/stm32f4xx_gpio.c **** /**
 436:STM32F4xx_LIB/periph/src/stm32f4xx_gpio.c ****   * @brief  Sets or clears the selected data port bit.
 437:STM32F4xx_LIB/periph/src/stm32f4xx_gpio.c ****   * @param  GPIOx: where x can be (A..K) to select the GPIO peripheral for STM32F405xx/407xx and ST
 438:STM32F4xx_LIB/periph/src/stm32f4xx_gpio.c ****   *                      x can be (A..I) to select the GPIO peripheral for STM32F42xxx/43xxx device
 439:STM32F4xx_LIB/periph/src/stm32f4xx_gpio.c ****   *                      x can be (A, B, C, D and H) to select the GPIO peripheral for STM32F401xx 
 440:STM32F4xx_LIB/periph/src/stm32f4xx_gpio.c ****   * @param  GPIO_Pin: specifies the port bit to be written.
 441:STM32F4xx_LIB/periph/src/stm32f4xx_gpio.c ****   *          This parameter can be one of GPIO_Pin_x where x can be (0..15).
 442:STM32F4xx_LIB/periph/src/stm32f4xx_gpio.c ****   * @param  BitVal: specifies the value to be written to the selected bit.
 443:STM32F4xx_LIB/periph/src/stm32f4xx_gpio.c ****   *          This parameter can be one of the BitAction enum values:
 444:STM32F4xx_LIB/periph/src/stm32f4xx_gpio.c ****   *            @arg Bit_RESET: to clear the port pin
 445:STM32F4xx_LIB/periph/src/stm32f4xx_gpio.c ****   *            @arg Bit_SET: to set the port pin
 446:STM32F4xx_LIB/periph/src/stm32f4xx_gpio.c ****   * @retval None
 447:STM32F4xx_LIB/periph/src/stm32f4xx_gpio.c ****   */
 448:STM32F4xx_LIB/periph/src/stm32f4xx_gpio.c **** void GPIO_WriteBit(GPIO_TypeDef* GPIOx, uint16_t GPIO_Pin, BitAction BitVal)
 449:STM32F4xx_LIB/periph/src/stm32f4xx_gpio.c **** {
 766              		.loc 1 449 1 is_stmt 1 view -0
 767              		.cfi_startproc
 768              		@ args = 0, pretend = 0, frame = 0
 769              		@ frame_needed = 0, uses_anonymous_args = 0
ARM GAS  C:\Users\京垓\AppData\Local\Temp\ccb7P8ar.s 			page 23


 770              		@ link register save eliminated.
 450:STM32F4xx_LIB/periph/src/stm32f4xx_gpio.c ****   /* Check the parameters */
 451:STM32F4xx_LIB/periph/src/stm32f4xx_gpio.c ****   assert_param(IS_GPIO_ALL_PERIPH(GPIOx));
 771              		.loc 1 451 3 view .LVU212
 452:STM32F4xx_LIB/periph/src/stm32f4xx_gpio.c ****   assert_param(IS_GET_GPIO_PIN(GPIO_Pin));
 772              		.loc 1 452 3 view .LVU213
 453:STM32F4xx_LIB/periph/src/stm32f4xx_gpio.c ****   assert_param(IS_GPIO_BIT_ACTION(BitVal));
 773              		.loc 1 453 3 view .LVU214
 454:STM32F4xx_LIB/periph/src/stm32f4xx_gpio.c **** 
 455:STM32F4xx_LIB/periph/src/stm32f4xx_gpio.c ****   if (BitVal != Bit_RESET)
 774              		.loc 1 455 3 view .LVU215
 775              		.loc 1 455 6 is_stmt 0 view .LVU216
 776 0000 0AB1     		cbz	r2, .L51
 456:STM32F4xx_LIB/periph/src/stm32f4xx_gpio.c ****   {
 457:STM32F4xx_LIB/periph/src/stm32f4xx_gpio.c ****     GPIOx->BSRR = GPIO_Pin;
 777              		.loc 1 457 5 is_stmt 1 view .LVU217
 778              		.loc 1 457 17 is_stmt 0 view .LVU218
 779 0002 8161     		str	r1, [r0, #24]
 780 0004 7047     		bx	lr
 781              	.L51:
 458:STM32F4xx_LIB/periph/src/stm32f4xx_gpio.c ****   }
 459:STM32F4xx_LIB/periph/src/stm32f4xx_gpio.c ****   else
 460:STM32F4xx_LIB/periph/src/stm32f4xx_gpio.c ****   {
 461:STM32F4xx_LIB/periph/src/stm32f4xx_gpio.c ****     GPIOx->BSRR = (uint32_t)GPIO_Pin << 16;
 782              		.loc 1 461 5 is_stmt 1 view .LVU219
 783              		.loc 1 461 38 is_stmt 0 view .LVU220
 784 0006 0904     		lsls	r1, r1, #16
 785              	.LVL76:
 786              		.loc 1 461 17 view .LVU221
 787 0008 8161     		str	r1, [r0, #24]
 462:STM32F4xx_LIB/periph/src/stm32f4xx_gpio.c ****   }
 463:STM32F4xx_LIB/periph/src/stm32f4xx_gpio.c **** }
 788              		.loc 1 463 1 view .LVU222
 789 000a 7047     		bx	lr
 790              		.cfi_endproc
 791              	.LFE133:
 793              		.section	.text.GPIO_Write,"ax",%progbits
 794              		.align	1
 795              		.global	GPIO_Write
 796              		.syntax unified
 797              		.thumb
 798              		.thumb_func
 799              		.fpu fpv4-sp-d16
 801              	GPIO_Write:
 802              	.LVL77:
 803              	.LFB134:
 464:STM32F4xx_LIB/periph/src/stm32f4xx_gpio.c **** 
 465:STM32F4xx_LIB/periph/src/stm32f4xx_gpio.c **** /**
 466:STM32F4xx_LIB/periph/src/stm32f4xx_gpio.c ****   * @brief  Writes data to the specified GPIO data port.
 467:STM32F4xx_LIB/periph/src/stm32f4xx_gpio.c ****   * @param  GPIOx: where x can be (A..K) to select the GPIO peripheral for STM32F405xx/407xx and ST
 468:STM32F4xx_LIB/periph/src/stm32f4xx_gpio.c ****   *                      x can be (A..I) to select the GPIO peripheral for STM32F42xxx/43xxx device
 469:STM32F4xx_LIB/periph/src/stm32f4xx_gpio.c ****   *                      x can be (A, B, C, D and H) to select the GPIO peripheral for STM32F401xx 
 470:STM32F4xx_LIB/periph/src/stm32f4xx_gpio.c ****   * @param  PortVal: specifies the value to be written to the port output data register.
 471:STM32F4xx_LIB/periph/src/stm32f4xx_gpio.c ****   * @retval None
 472:STM32F4xx_LIB/periph/src/stm32f4xx_gpio.c ****   */
 473:STM32F4xx_LIB/periph/src/stm32f4xx_gpio.c **** void GPIO_Write(GPIO_TypeDef* GPIOx, uint16_t PortVal)
 474:STM32F4xx_LIB/periph/src/stm32f4xx_gpio.c **** {
ARM GAS  C:\Users\京垓\AppData\Local\Temp\ccb7P8ar.s 			page 24


 804              		.loc 1 474 1 is_stmt 1 view -0
 805              		.cfi_startproc
 806              		@ args = 0, pretend = 0, frame = 0
 807              		@ frame_needed = 0, uses_anonymous_args = 0
 808              		@ link register save eliminated.
 475:STM32F4xx_LIB/periph/src/stm32f4xx_gpio.c ****   /* Check the parameters */
 476:STM32F4xx_LIB/periph/src/stm32f4xx_gpio.c ****   assert_param(IS_GPIO_ALL_PERIPH(GPIOx));
 809              		.loc 1 476 3 view .LVU224
 477:STM32F4xx_LIB/periph/src/stm32f4xx_gpio.c **** 
 478:STM32F4xx_LIB/periph/src/stm32f4xx_gpio.c ****   GPIOx->ODR = PortVal;
 810              		.loc 1 478 3 view .LVU225
 811              		.loc 1 478 14 is_stmt 0 view .LVU226
 812 0000 4161     		str	r1, [r0, #20]
 479:STM32F4xx_LIB/periph/src/stm32f4xx_gpio.c **** }
 813              		.loc 1 479 1 view .LVU227
 814 0002 7047     		bx	lr
 815              		.cfi_endproc
 816              	.LFE134:
 818              		.section	.text.GPIO_ToggleBits,"ax",%progbits
 819              		.align	1
 820              		.global	GPIO_ToggleBits
 821              		.syntax unified
 822              		.thumb
 823              		.thumb_func
 824              		.fpu fpv4-sp-d16
 826              	GPIO_ToggleBits:
 827              	.LVL78:
 828              	.LFB135:
 480:STM32F4xx_LIB/periph/src/stm32f4xx_gpio.c **** 
 481:STM32F4xx_LIB/periph/src/stm32f4xx_gpio.c **** /**
 482:STM32F4xx_LIB/periph/src/stm32f4xx_gpio.c ****   * @brief  Toggles the specified GPIO pins..
 483:STM32F4xx_LIB/periph/src/stm32f4xx_gpio.c ****   * @param  GPIOx: where x can be (A..K) to select the GPIO peripheral for STM32F405xx/407xx and ST
 484:STM32F4xx_LIB/periph/src/stm32f4xx_gpio.c ****   *                      x can be (A..I) to select the GPIO peripheral for STM32F42xxx/43xxx device
 485:STM32F4xx_LIB/periph/src/stm32f4xx_gpio.c ****   *                      x can be (A, B, C, D and H) to select the GPIO peripheral for STM32F401xx 
 486:STM32F4xx_LIB/periph/src/stm32f4xx_gpio.c ****   * @param  GPIO_Pin: Specifies the pins to be toggled.
 487:STM32F4xx_LIB/periph/src/stm32f4xx_gpio.c ****   * @retval None
 488:STM32F4xx_LIB/periph/src/stm32f4xx_gpio.c ****   */
 489:STM32F4xx_LIB/periph/src/stm32f4xx_gpio.c **** void GPIO_ToggleBits(GPIO_TypeDef* GPIOx, uint16_t GPIO_Pin)
 490:STM32F4xx_LIB/periph/src/stm32f4xx_gpio.c **** {
 829              		.loc 1 490 1 is_stmt 1 view -0
 830              		.cfi_startproc
 831              		@ args = 0, pretend = 0, frame = 0
 832              		@ frame_needed = 0, uses_anonymous_args = 0
 833              		@ link register save eliminated.
 491:STM32F4xx_LIB/periph/src/stm32f4xx_gpio.c ****   /* Check the parameters */
 492:STM32F4xx_LIB/periph/src/stm32f4xx_gpio.c ****   assert_param(IS_GPIO_ALL_PERIPH(GPIOx));
 834              		.loc 1 492 3 view .LVU229
 493:STM32F4xx_LIB/periph/src/stm32f4xx_gpio.c **** 
 494:STM32F4xx_LIB/periph/src/stm32f4xx_gpio.c ****   GPIOx->ODR ^= GPIO_Pin;
 835              		.loc 1 494 3 view .LVU230
 836              		.loc 1 494 14 is_stmt 0 view .LVU231
 837 0000 4369     		ldr	r3, [r0, #20]
 838 0002 5940     		eors	r1, r1, r3
 839              	.LVL79:
 840              		.loc 1 494 14 view .LVU232
 841 0004 4161     		str	r1, [r0, #20]
 495:STM32F4xx_LIB/periph/src/stm32f4xx_gpio.c **** }
ARM GAS  C:\Users\京垓\AppData\Local\Temp\ccb7P8ar.s 			page 25


 842              		.loc 1 495 1 view .LVU233
 843 0006 7047     		bx	lr
 844              		.cfi_endproc
 845              	.LFE135:
 847              		.section	.text.GPIO_PinAFConfig,"ax",%progbits
 848              		.align	1
 849              		.global	GPIO_PinAFConfig
 850              		.syntax unified
 851              		.thumb
 852              		.thumb_func
 853              		.fpu fpv4-sp-d16
 855              	GPIO_PinAFConfig:
 856              	.LVL80:
 857              	.LFB136:
 496:STM32F4xx_LIB/periph/src/stm32f4xx_gpio.c **** 
 497:STM32F4xx_LIB/periph/src/stm32f4xx_gpio.c **** /**
 498:STM32F4xx_LIB/periph/src/stm32f4xx_gpio.c ****   * @}
 499:STM32F4xx_LIB/periph/src/stm32f4xx_gpio.c ****   */
 500:STM32F4xx_LIB/periph/src/stm32f4xx_gpio.c **** 
 501:STM32F4xx_LIB/periph/src/stm32f4xx_gpio.c **** /** @defgroup GPIO_Group3 GPIO Alternate functions configuration function
 502:STM32F4xx_LIB/periph/src/stm32f4xx_gpio.c ****  *  @brief   GPIO Alternate functions configuration function
 503:STM32F4xx_LIB/periph/src/stm32f4xx_gpio.c ****  *
 504:STM32F4xx_LIB/periph/src/stm32f4xx_gpio.c **** @verbatim   
 505:STM32F4xx_LIB/periph/src/stm32f4xx_gpio.c ****  ===============================================================================
 506:STM32F4xx_LIB/periph/src/stm32f4xx_gpio.c ****            ##### GPIO Alternate functions configuration function #####
 507:STM32F4xx_LIB/periph/src/stm32f4xx_gpio.c ****  ===============================================================================  
 508:STM32F4xx_LIB/periph/src/stm32f4xx_gpio.c **** 
 509:STM32F4xx_LIB/periph/src/stm32f4xx_gpio.c **** @endverbatim
 510:STM32F4xx_LIB/periph/src/stm32f4xx_gpio.c ****   * @{
 511:STM32F4xx_LIB/periph/src/stm32f4xx_gpio.c ****   */
 512:STM32F4xx_LIB/periph/src/stm32f4xx_gpio.c **** 
 513:STM32F4xx_LIB/periph/src/stm32f4xx_gpio.c **** /**
 514:STM32F4xx_LIB/periph/src/stm32f4xx_gpio.c ****   * @brief  Changes the mapping of the specified pin.
 515:STM32F4xx_LIB/periph/src/stm32f4xx_gpio.c ****   * @param  GPIOx: where x can be (A..K) to select the GPIO peripheral for STM32F405xx/407xx and ST
 516:STM32F4xx_LIB/periph/src/stm32f4xx_gpio.c ****   *                      x can be (A..I) to select the GPIO peripheral for STM32F42xxx/43xxx device
 517:STM32F4xx_LIB/periph/src/stm32f4xx_gpio.c ****   *                      x can be (A, B, C, D and H) to select the GPIO peripheral for STM32F401xx 
 518:STM32F4xx_LIB/periph/src/stm32f4xx_gpio.c ****   * @param  GPIO_PinSource: specifies the pin for the Alternate function.
 519:STM32F4xx_LIB/periph/src/stm32f4xx_gpio.c ****   *         This parameter can be GPIO_PinSourcex where x can be (0..15).
 520:STM32F4xx_LIB/periph/src/stm32f4xx_gpio.c ****   * @param  GPIO_AFSelection: selects the pin to used as Alternate function.
 521:STM32F4xx_LIB/periph/src/stm32f4xx_gpio.c ****   *          This parameter can be one of the following values:
 522:STM32F4xx_LIB/periph/src/stm32f4xx_gpio.c ****   *            @arg GPIO_AF_RTC_50Hz: Connect RTC_50Hz pin to AF0 (default after reset) 
 523:STM32F4xx_LIB/periph/src/stm32f4xx_gpio.c ****   *            @arg GPIO_AF_MCO: Connect MCO pin (MCO1 and MCO2) to AF0 (default after reset) 
 524:STM32F4xx_LIB/periph/src/stm32f4xx_gpio.c ****   *            @arg GPIO_AF_TAMPER: Connect TAMPER pins (TAMPER_1 and TAMPER_2) to AF0 (default aft
 525:STM32F4xx_LIB/periph/src/stm32f4xx_gpio.c ****   *            @arg GPIO_AF_SWJ: Connect SWJ pins (SWD and JTAG)to AF0 (default after reset) 
 526:STM32F4xx_LIB/periph/src/stm32f4xx_gpio.c ****   *            @arg GPIO_AF_TRACE: Connect TRACE pins to AF0 (default after reset)
 527:STM32F4xx_LIB/periph/src/stm32f4xx_gpio.c ****   *            @arg GPIO_AF_TIM1: Connect TIM1 pins to AF1
 528:STM32F4xx_LIB/periph/src/stm32f4xx_gpio.c ****   *            @arg GPIO_AF_TIM2: Connect TIM2 pins to AF1
 529:STM32F4xx_LIB/periph/src/stm32f4xx_gpio.c ****   *            @arg GPIO_AF_TIM3: Connect TIM3 pins to AF2
 530:STM32F4xx_LIB/periph/src/stm32f4xx_gpio.c ****   *            @arg GPIO_AF_TIM4: Connect TIM4 pins to AF2
 531:STM32F4xx_LIB/periph/src/stm32f4xx_gpio.c ****   *            @arg GPIO_AF_TIM5: Connect TIM5 pins to AF2
 532:STM32F4xx_LIB/periph/src/stm32f4xx_gpio.c ****   *            @arg GPIO_AF_TIM8: Connect TIM8 pins to AF3
 533:STM32F4xx_LIB/periph/src/stm32f4xx_gpio.c ****   *            @arg GPIO_AF_TIM9: Connect TIM9 pins to AF3
 534:STM32F4xx_LIB/periph/src/stm32f4xx_gpio.c ****   *            @arg GPIO_AF_TIM10: Connect TIM10 pins to AF3
 535:STM32F4xx_LIB/periph/src/stm32f4xx_gpio.c ****   *            @arg GPIO_AF_TIM11: Connect TIM11 pins to AF3
 536:STM32F4xx_LIB/periph/src/stm32f4xx_gpio.c ****   *            @arg GPIO_AF_I2C1: Connect I2C1 pins to AF4
 537:STM32F4xx_LIB/periph/src/stm32f4xx_gpio.c ****   *            @arg GPIO_AF_I2C2: Connect I2C2 pins to AF4
 538:STM32F4xx_LIB/periph/src/stm32f4xx_gpio.c ****   *            @arg GPIO_AF_I2C3: Connect I2C3 pins to AF4
ARM GAS  C:\Users\京垓\AppData\Local\Temp\ccb7P8ar.s 			page 26


 539:STM32F4xx_LIB/periph/src/stm32f4xx_gpio.c ****   *            @arg GPIO_AF_SPI1: Connect SPI1 pins to AF5
 540:STM32F4xx_LIB/periph/src/stm32f4xx_gpio.c ****   *            @arg GPIO_AF_SPI2: Connect SPI2/I2S2 pins to AF5
 541:STM32F4xx_LIB/periph/src/stm32f4xx_gpio.c ****   *            @arg GPIO_AF_SPI4: Connect SPI4 pins to AF5 
 542:STM32F4xx_LIB/periph/src/stm32f4xx_gpio.c ****   *            @arg GPIO_AF_SPI5: Connect SPI5 pins to AF5 
 543:STM32F4xx_LIB/periph/src/stm32f4xx_gpio.c ****   *            @arg GPIO_AF_SPI6: Connect SPI6 pins to AF5
 544:STM32F4xx_LIB/periph/src/stm32f4xx_gpio.c ****   *            @arg GPIO_AF_SAI1: Connect SAI1 pins to AF6 for STM32F42xxx/43xxx devices.       
 545:STM32F4xx_LIB/periph/src/stm32f4xx_gpio.c ****   *            @arg GPIO_AF_SPI3: Connect SPI3/I2S3 pins to AF6
 546:STM32F4xx_LIB/periph/src/stm32f4xx_gpio.c ****   *            @arg GPIO_AF_I2S3ext: Connect I2S3ext pins to AF7
 547:STM32F4xx_LIB/periph/src/stm32f4xx_gpio.c ****   *            @arg GPIO_AF_USART1: Connect USART1 pins to AF7
 548:STM32F4xx_LIB/periph/src/stm32f4xx_gpio.c ****   *            @arg GPIO_AF_USART2: Connect USART2 pins to AF7
 549:STM32F4xx_LIB/periph/src/stm32f4xx_gpio.c ****   *            @arg GPIO_AF_USART3: Connect USART3 pins to AF7
 550:STM32F4xx_LIB/periph/src/stm32f4xx_gpio.c ****   *            @arg GPIO_AF_UART4: Connect UART4 pins to AF8
 551:STM32F4xx_LIB/periph/src/stm32f4xx_gpio.c ****   *            @arg GPIO_AF_UART5: Connect UART5 pins to AF8
 552:STM32F4xx_LIB/periph/src/stm32f4xx_gpio.c ****   *            @arg GPIO_AF_USART6: Connect USART6 pins to AF8
 553:STM32F4xx_LIB/periph/src/stm32f4xx_gpio.c ****   *            @arg GPIO_AF_UART7: Connect UART7 pins to AF8
 554:STM32F4xx_LIB/periph/src/stm32f4xx_gpio.c ****   *            @arg GPIO_AF_UART8: Connect UART8 pins to AF8
 555:STM32F4xx_LIB/periph/src/stm32f4xx_gpio.c ****   *            @arg GPIO_AF_CAN1: Connect CAN1 pins to AF9
 556:STM32F4xx_LIB/periph/src/stm32f4xx_gpio.c ****   *            @arg GPIO_AF_CAN2: Connect CAN2 pins to AF9
 557:STM32F4xx_LIB/periph/src/stm32f4xx_gpio.c ****   *            @arg GPIO_AF_TIM12: Connect TIM12 pins to AF9
 558:STM32F4xx_LIB/periph/src/stm32f4xx_gpio.c ****   *            @arg GPIO_AF_TIM13: Connect TIM13 pins to AF9
 559:STM32F4xx_LIB/periph/src/stm32f4xx_gpio.c ****   *            @arg GPIO_AF_TIM14: Connect TIM14 pins to AF9
 560:STM32F4xx_LIB/periph/src/stm32f4xx_gpio.c ****   *            @arg GPIO_AF_OTG_FS: Connect OTG_FS pins to AF10
 561:STM32F4xx_LIB/periph/src/stm32f4xx_gpio.c ****   *            @arg GPIO_AF_OTG_HS: Connect OTG_HS pins to AF10
 562:STM32F4xx_LIB/periph/src/stm32f4xx_gpio.c ****   *            @arg GPIO_AF_ETH: Connect ETHERNET pins to AF11
 563:STM32F4xx_LIB/periph/src/stm32f4xx_gpio.c ****   *            @arg GPIO_AF_FSMC: Connect FSMC pins to AF12 
 564:STM32F4xx_LIB/periph/src/stm32f4xx_gpio.c ****   *            @arg GPIO_AF_FMC: Connect FMC pins to AF12 for STM32F42xxx/43xxx devices.   
 565:STM32F4xx_LIB/periph/src/stm32f4xx_gpio.c ****   *            @arg GPIO_AF_OTG_HS_FS: Connect OTG HS (configured in FS) pins to AF12
 566:STM32F4xx_LIB/periph/src/stm32f4xx_gpio.c ****   *            @arg GPIO_AF_SDIO: Connect SDIO pins to AF12
 567:STM32F4xx_LIB/periph/src/stm32f4xx_gpio.c ****   *            @arg GPIO_AF_DCMI: Connect DCMI pins to AF13
 568:STM32F4xx_LIB/periph/src/stm32f4xx_gpio.c ****   *            @arg GPIO_AF_LTDC: Connect LTDC pins to AF14 for STM32F429xx/439xx devices. 
 569:STM32F4xx_LIB/periph/src/stm32f4xx_gpio.c ****   *            @arg GPIO_AF_EVENTOUT: Connect EVENTOUT pins to AF15
 570:STM32F4xx_LIB/periph/src/stm32f4xx_gpio.c ****   * @retval None
 571:STM32F4xx_LIB/periph/src/stm32f4xx_gpio.c ****   */
 572:STM32F4xx_LIB/periph/src/stm32f4xx_gpio.c **** void GPIO_PinAFConfig(GPIO_TypeDef* GPIOx, uint16_t GPIO_PinSource, uint8_t GPIO_AF)
 573:STM32F4xx_LIB/periph/src/stm32f4xx_gpio.c **** {
 858              		.loc 1 573 1 is_stmt 1 view -0
 859              		.cfi_startproc
 860              		@ args = 0, pretend = 0, frame = 0
 861              		@ frame_needed = 0, uses_anonymous_args = 0
 862              		@ link register save eliminated.
 863              		.loc 1 573 1 is_stmt 0 view .LVU235
 864 0000 30B4     		push	{r4, r5}
 865              	.LCFI5:
 866              		.cfi_def_cfa_offset 8
 867              		.cfi_offset 4, -8
 868              		.cfi_offset 5, -4
 574:STM32F4xx_LIB/periph/src/stm32f4xx_gpio.c ****   uint32_t temp = 0x00;
 869              		.loc 1 574 3 is_stmt 1 view .LVU236
 870              	.LVL81:
 575:STM32F4xx_LIB/periph/src/stm32f4xx_gpio.c ****   uint32_t temp_2 = 0x00;
 871              		.loc 1 575 3 view .LVU237
 576:STM32F4xx_LIB/periph/src/stm32f4xx_gpio.c ****   
 577:STM32F4xx_LIB/periph/src/stm32f4xx_gpio.c ****   /* Check the parameters */
 578:STM32F4xx_LIB/periph/src/stm32f4xx_gpio.c ****   assert_param(IS_GPIO_ALL_PERIPH(GPIOx));
 872              		.loc 1 578 3 view .LVU238
 579:STM32F4xx_LIB/periph/src/stm32f4xx_gpio.c ****   assert_param(IS_GPIO_PIN_SOURCE(GPIO_PinSource));
 873              		.loc 1 579 3 view .LVU239
ARM GAS  C:\Users\京垓\AppData\Local\Temp\ccb7P8ar.s 			page 27


 580:STM32F4xx_LIB/periph/src/stm32f4xx_gpio.c ****   assert_param(IS_GPIO_AF(GPIO_AF));
 874              		.loc 1 580 3 view .LVU240
 581:STM32F4xx_LIB/periph/src/stm32f4xx_gpio.c ****   
 582:STM32F4xx_LIB/periph/src/stm32f4xx_gpio.c ****   temp = ((uint32_t)(GPIO_AF) << ((uint32_t)((uint32_t)GPIO_PinSource & (uint32_t)0x07) * 4)) ;
 875              		.loc 1 582 3 view .LVU241
 876              		.loc 1 582 35 is_stmt 0 view .LVU242
 877 0002 01F00703 		and	r3, r1, #7
 878              		.loc 1 582 89 view .LVU243
 879 0006 9B00     		lsls	r3, r3, #2
 880              		.loc 1 582 8 view .LVU244
 881 0008 02FA03F4 		lsl	r4, r2, r3
 882              	.LVL82:
 583:STM32F4xx_LIB/periph/src/stm32f4xx_gpio.c ****   GPIOx->AFR[GPIO_PinSource >> 0x03] &= ~((uint32_t)0xF << ((uint32_t)((uint32_t)GPIO_PinSource & (
 883              		.loc 1 583 3 is_stmt 1 view .LVU245
 884              		.loc 1 583 38 is_stmt 0 view .LVU246
 885 000c C908     		lsrs	r1, r1, #3
 886              	.LVL83:
 887              		.loc 1 583 38 view .LVU247
 888 000e 0831     		adds	r1, r1, #8
 889 0010 50F82120 		ldr	r2, [r0, r1, lsl #2]
 890              	.LVL84:
 891              		.loc 1 583 57 view .LVU248
 892 0014 0F25     		movs	r5, #15
 893 0016 05FA03F3 		lsl	r3, r5, r3
 894              		.loc 1 583 38 view .LVU249
 895 001a 22EA0303 		bic	r3, r2, r3
 896 001e 40F82130 		str	r3, [r0, r1, lsl #2]
 584:STM32F4xx_LIB/periph/src/stm32f4xx_gpio.c ****   temp_2 = GPIOx->AFR[GPIO_PinSource >> 0x03] | temp;
 897              		.loc 1 584 3 is_stmt 1 view .LVU250
 898              		.loc 1 584 22 is_stmt 0 view .LVU251
 899 0022 50F82120 		ldr	r2, [r0, r1, lsl #2]
 900              		.loc 1 584 10 view .LVU252
 901 0026 2243     		orrs	r2, r2, r4
 902              	.LVL85:
 585:STM32F4xx_LIB/periph/src/stm32f4xx_gpio.c ****   GPIOx->AFR[GPIO_PinSource >> 0x03] = temp_2;
 903              		.loc 1 585 3 is_stmt 1 view .LVU253
 904              		.loc 1 585 38 is_stmt 0 view .LVU254
 905 0028 40F82120 		str	r2, [r0, r1, lsl #2]
 586:STM32F4xx_LIB/periph/src/stm32f4xx_gpio.c **** }
 906              		.loc 1 586 1 view .LVU255
 907 002c 30BC     		pop	{r4, r5}
 908              	.LCFI6:
 909              		.cfi_restore 5
 910              		.cfi_restore 4
 911              		.cfi_def_cfa_offset 0
 912              	.LVL86:
 913              		.loc 1 586 1 view .LVU256
 914 002e 7047     		bx	lr
 915              		.cfi_endproc
 916              	.LFE136:
 918              		.text
 919              	.Letext0:
 920              		.file 2 "d:\\gcc_tool\\gnu_tool_arm_embedded\\arm-none-eabi\\include\\machine\\_default_types.h"
 921              		.file 3 "d:\\gcc_tool\\gnu_tool_arm_embedded\\arm-none-eabi\\include\\sys\\_stdint.h"
 922              		.file 4 "STM32F4xx_LIB/core/core_cm4.h"
 923              		.file 5 "User/system_stm32f4xx.h"
 924              		.file 6 "User/stm32f4xx.h"
ARM GAS  C:\Users\京垓\AppData\Local\Temp\ccb7P8ar.s 			page 28


 925              		.file 7 "STM32F4xx_LIB/periph/inc/stm32f4xx_gpio.h"
 926              		.file 8 "STM32F4xx_LIB/periph/inc/stm32f4xx_rcc.h"
ARM GAS  C:\Users\京垓\AppData\Local\Temp\ccb7P8ar.s 			page 29


DEFINED SYMBOLS
                            *ABS*:00000000 stm32f4xx_gpio.c
C:\Users\京垓\AppData\Local\Temp\ccb7P8ar.s:18     .text.GPIO_DeInit:00000000 $t
C:\Users\京垓\AppData\Local\Temp\ccb7P8ar.s:26     .text.GPIO_DeInit:00000000 GPIO_DeInit
C:\Users\京垓\AppData\Local\Temp\ccb7P8ar.s:265    .text.GPIO_DeInit:00000118 $d
C:\Users\京垓\AppData\Local\Temp\ccb7P8ar.s:280    .text.GPIO_Init:00000000 $t
C:\Users\京垓\AppData\Local\Temp\ccb7P8ar.s:287    .text.GPIO_Init:00000000 GPIO_Init
C:\Users\京垓\AppData\Local\Temp\ccb7P8ar.s:466    .text.GPIO_StructInit:00000000 $t
C:\Users\京垓\AppData\Local\Temp\ccb7P8ar.s:473    .text.GPIO_StructInit:00000000 GPIO_StructInit
C:\Users\京垓\AppData\Local\Temp\ccb7P8ar.s:504    .text.GPIO_PinLockConfig:00000000 $t
C:\Users\京垓\AppData\Local\Temp\ccb7P8ar.s:511    .text.GPIO_PinLockConfig:00000000 GPIO_PinLockConfig
C:\Users\京垓\AppData\Local\Temp\ccb7P8ar.s:565    .text.GPIO_ReadInputDataBit:00000000 $t
C:\Users\京垓\AppData\Local\Temp\ccb7P8ar.s:572    .text.GPIO_ReadInputDataBit:00000000 GPIO_ReadInputDataBit
C:\Users\京垓\AppData\Local\Temp\ccb7P8ar.s:606    .text.GPIO_ReadInputData:00000000 $t
C:\Users\京垓\AppData\Local\Temp\ccb7P8ar.s:613    .text.GPIO_ReadInputData:00000000 GPIO_ReadInputData
C:\Users\京垓\AppData\Local\Temp\ccb7P8ar.s:633    .text.GPIO_ReadOutputDataBit:00000000 $t
C:\Users\京垓\AppData\Local\Temp\ccb7P8ar.s:640    .text.GPIO_ReadOutputDataBit:00000000 GPIO_ReadOutputDataBit
C:\Users\京垓\AppData\Local\Temp\ccb7P8ar.s:674    .text.GPIO_ReadOutputData:00000000 $t
C:\Users\京垓\AppData\Local\Temp\ccb7P8ar.s:681    .text.GPIO_ReadOutputData:00000000 GPIO_ReadOutputData
C:\Users\京垓\AppData\Local\Temp\ccb7P8ar.s:701    .text.GPIO_SetBits:00000000 $t
C:\Users\京垓\AppData\Local\Temp\ccb7P8ar.s:708    .text.GPIO_SetBits:00000000 GPIO_SetBits
C:\Users\京垓\AppData\Local\Temp\ccb7P8ar.s:727    .text.GPIO_ResetBits:00000000 $t
C:\Users\京垓\AppData\Local\Temp\ccb7P8ar.s:734    .text.GPIO_ResetBits:00000000 GPIO_ResetBits
C:\Users\京垓\AppData\Local\Temp\ccb7P8ar.s:756    .text.GPIO_WriteBit:00000000 $t
C:\Users\京垓\AppData\Local\Temp\ccb7P8ar.s:763    .text.GPIO_WriteBit:00000000 GPIO_WriteBit
C:\Users\京垓\AppData\Local\Temp\ccb7P8ar.s:794    .text.GPIO_Write:00000000 $t
C:\Users\京垓\AppData\Local\Temp\ccb7P8ar.s:801    .text.GPIO_Write:00000000 GPIO_Write
C:\Users\京垓\AppData\Local\Temp\ccb7P8ar.s:819    .text.GPIO_ToggleBits:00000000 $t
C:\Users\京垓\AppData\Local\Temp\ccb7P8ar.s:826    .text.GPIO_ToggleBits:00000000 GPIO_ToggleBits
C:\Users\京垓\AppData\Local\Temp\ccb7P8ar.s:848    .text.GPIO_PinAFConfig:00000000 $t
C:\Users\京垓\AppData\Local\Temp\ccb7P8ar.s:855    .text.GPIO_PinAFConfig:00000000 GPIO_PinAFConfig

UNDEFINED SYMBOLS
RCC_AHB1PeriphResetCmd
