ARM GAS  C:\Users\æ©€Ú\AppData\Local\Temp\ccwGbG6Q.s 			page 1


   1              		.cpu cortex-m4
   2              		.eabi_attribute 27, 1
   3              		.eabi_attribute 28, 1
   4              		.eabi_attribute 20, 1
   5              		.eabi_attribute 21, 1
   6              		.eabi_attribute 23, 3
   7              		.eabi_attribute 24, 1
   8              		.eabi_attribute 25, 1
   9              		.eabi_attribute 26, 1
  10              		.eabi_attribute 30, 1
  11              		.eabi_attribute 34, 1
  12              		.eabi_attribute 18, 4
  13              		.file	"stm32f4xx_dsi.c"
  14              		.text
  15              	.Ltext0:
  16              		.cfi_sections	.debug_frame
  17              	.Letext0:
  18              		.file 1 "d:\\gcc_tool\\gnu_tool_arm_embedded\\arm-none-eabi\\include\\machine\\_default_types.h"
  19              		.file 2 "d:\\gcc_tool\\gnu_tool_arm_embedded\\arm-none-eabi\\include\\sys\\_stdint.h"
  20              		.file 3 "STM32F4xx_LIB/core/core_cm4.h"
  21              		.file 4 "User/system_stm32f4xx.h"
ARM GAS  C:\Users\æ©€Ú\AppData\Local\Temp\ccwGbG6Q.s 			page 2


DEFINED SYMBOLS
                            *ABS*:00000000 stm32f4xx_dsi.c

NO UNDEFINED SYMBOLS
